SBY 10:53:17 [generic_fifo_lfsr_prove_bitwuzla_d35_aw16] Removing directory '/workspaces/digital-tools/examples/generic_fifo_lfsr/formal/generic_fifo_lfsr_prove_bitwuzla_d35_aw16'.
SBY 10:53:17 [generic_fifo_lfsr_prove_bitwuzla_d35_aw16] Copy '/workspaces/digital-tools/examples/generic_fifo_lfsr/formal/../timescale.v' to '/workspaces/digital-tools/examples/generic_fifo_lfsr/formal/generic_fifo_lfsr_prove_bitwuzla_d35_aw16/src/timescale.v'.
SBY 10:53:17 [generic_fifo_lfsr_prove_bitwuzla_d35_aw16] Copy '/workspaces/digital-tools/examples/generic_fifo_lfsr/formal/../generic_fifo_lfsr.v' to '/workspaces/digital-tools/examples/generic_fifo_lfsr/formal/generic_fifo_lfsr_prove_bitwuzla_d35_aw16/src/generic_fifo_lfsr.v'.
SBY 10:53:17 [generic_fifo_lfsr_prove_bitwuzla_d35_aw16] Copy '/workspaces/digital-tools/examples/generic_fifo_lfsr/formal/generic_dpram_formal.v' to '/workspaces/digital-tools/examples/generic_fifo_lfsr/formal/generic_fifo_lfsr_prove_bitwuzla_d35_aw16/src/generic_dpram_formal.v'.
SBY 10:53:17 [generic_fifo_lfsr_prove_bitwuzla_d35_aw16] Copy '/workspaces/digital-tools/examples/generic_fifo_lfsr/formal/generic_fifo_lfsr_prove_formal.sv' to '/workspaces/digital-tools/examples/generic_fifo_lfsr/formal/generic_fifo_lfsr_prove_bitwuzla_d35_aw16/src/generic_fifo_lfsr_prove_formal.sv'.
SBY 10:53:18 [generic_fifo_lfsr_prove_bitwuzla_d35_aw16] engine_0: smtbmc bitwuzla
SBY 10:53:18 [generic_fifo_lfsr_prove_bitwuzla_d35_aw16] base: starting process "cd generic_fifo_lfsr_prove_bitwuzla_d35_aw16/src; yosys -ql ../model/design.log ../model/design.ys"
SBY 10:53:18 [generic_fifo_lfsr_prove_bitwuzla_d35_aw16] base: Warning: Encountered `translate_off' comment! Such legacy hot comments are supported by Yosys, but are not part of any formal language specification. Using a portable and standards-compliant construct such as `ifdef is recommended!
SBY 10:53:18 [generic_fifo_lfsr_prove_bitwuzla_d35_aw16] base: Warning: Wire generic_fifo_lfsr_prove_formal.\clk is used but has no driver.
SBY 10:53:18 [generic_fifo_lfsr_prove_bitwuzla_d35_aw16] base: finished (returncode=0)
SBY 10:53:18 [generic_fifo_lfsr_prove_bitwuzla_d35_aw16] prep: starting process "cd generic_fifo_lfsr_prove_bitwuzla_d35_aw16/model; yosys -ql design_prep.log design_prep.ys"
SBY 10:53:18 [generic_fifo_lfsr_prove_bitwuzla_d35_aw16] prep: Warning: Wire generic_fifo_lfsr_prove_formal.\clk is used but has no driver.
SBY 10:53:18 [generic_fifo_lfsr_prove_bitwuzla_d35_aw16] prep: finished (returncode=0)
SBY 10:53:18 [generic_fifo_lfsr_prove_bitwuzla_d35_aw16] smt2: starting process "cd generic_fifo_lfsr_prove_bitwuzla_d35_aw16/model; yosys -ql design_smt2.log design_smt2.ys"
SBY 10:53:18 [generic_fifo_lfsr_prove_bitwuzla_d35_aw16] smt2: finished (returncode=0)
SBY 10:53:18 [generic_fifo_lfsr_prove_bitwuzla_d35_aw16] engine_0: starting process "cd generic_fifo_lfsr_prove_bitwuzla_d35_aw16; yosys-smtbmc -s bitwuzla --presat --unroll --noprogress -t 35  --append 0 --dump-vcd engine_0/trace.vcd --dump-yw engine_0/trace.yw --dump-vlogtb engine_0/trace_tb.v --dump-smtc engine_0/trace.smtc model/design_smt2.smt2"
SBY 10:53:19 [generic_fifo_lfsr_prove_bitwuzla_d35_aw16] engine_0: ##   0:00:00  Solver: bitwuzla
SBY 10:53:19 [generic_fifo_lfsr_prove_bitwuzla_d35_aw16] engine_0: ##   0:00:00  Checking assumptions in step 0..
SBY 10:53:19 [generic_fifo_lfsr_prove_bitwuzla_d35_aw16] engine_0: ##   0:00:00  Checking assertions in step 0..
SBY 10:53:19 [generic_fifo_lfsr_prove_bitwuzla_d35_aw16] engine_0: ##   0:00:00  Checking assumptions in step 1..
SBY 10:53:19 [generic_fifo_lfsr_prove_bitwuzla_d35_aw16] engine_0: ##   0:00:00  Checking assertions in step 1..
SBY 10:53:19 [generic_fifo_lfsr_prove_bitwuzla_d35_aw16] engine_0: ##   0:00:00  Checking assumptions in step 2..
SBY 10:53:19 [generic_fifo_lfsr_prove_bitwuzla_d35_aw16] engine_0: ##   0:00:00  Checking assertions in step 2..
SBY 10:53:19 [generic_fifo_lfsr_prove_bitwuzla_d35_aw16] engine_0: ##   0:00:00  Checking assumptions in step 3..
SBY 10:53:19 [generic_fifo_lfsr_prove_bitwuzla_d35_aw16] engine_0: ##   0:00:00  Checking assertions in step 3..
SBY 10:53:19 [generic_fifo_lfsr_prove_bitwuzla_d35_aw16] engine_0: ##   0:00:00  Checking assumptions in step 4..
SBY 10:53:19 [generic_fifo_lfsr_prove_bitwuzla_d35_aw16] engine_0: ##   0:00:00  Checking assertions in step 4..
SBY 10:53:19 [generic_fifo_lfsr_prove_bitwuzla_d35_aw16] engine_0: ##   0:00:00  Checking assumptions in step 5..
SBY 10:53:19 [generic_fifo_lfsr_prove_bitwuzla_d35_aw16] engine_0: ##   0:00:00  Checking assertions in step 5..
SBY 10:53:19 [generic_fifo_lfsr_prove_bitwuzla_d35_aw16] engine_0: ##   0:00:00  Checking assumptions in step 6..
SBY 10:53:19 [generic_fifo_lfsr_prove_bitwuzla_d35_aw16] engine_0: ##   0:00:00  Checking assertions in step 6..
SBY 10:53:19 [generic_fifo_lfsr_prove_bitwuzla_d35_aw16] engine_0: ##   0:00:00  Checking assumptions in step 7..
SBY 10:53:19 [generic_fifo_lfsr_prove_bitwuzla_d35_aw16] engine_0: ##   0:00:00  Checking assertions in step 7..
SBY 10:53:19 [generic_fifo_lfsr_prove_bitwuzla_d35_aw16] engine_0: ##   0:00:00  Checking assumptions in step 8..
SBY 10:53:19 [generic_fifo_lfsr_prove_bitwuzla_d35_aw16] engine_0: ##   0:00:00  Checking assertions in step 8..
SBY 10:53:19 [generic_fifo_lfsr_prove_bitwuzla_d35_aw16] engine_0: ##   0:00:00  Checking assumptions in step 9..
SBY 10:53:19 [generic_fifo_lfsr_prove_bitwuzla_d35_aw16] engine_0: ##   0:00:00  Checking assertions in step 9..
SBY 10:53:20 [generic_fifo_lfsr_prove_bitwuzla_d35_aw16] engine_0: ##   0:00:00  Checking assumptions in step 10..
SBY 10:53:20 [generic_fifo_lfsr_prove_bitwuzla_d35_aw16] engine_0: ##   0:00:00  Checking assertions in step 10..
SBY 10:53:21 [generic_fifo_lfsr_prove_bitwuzla_d35_aw16] engine_0: ##   0:00:01  Checking assumptions in step 11..
SBY 10:53:21 [generic_fifo_lfsr_prove_bitwuzla_d35_aw16] engine_0: ##   0:00:01  Checking assertions in step 11..
SBY 10:53:23 [generic_fifo_lfsr_prove_bitwuzla_d35_aw16] engine_0: ##   0:00:03  Checking assumptions in step 12..
SBY 10:53:23 [generic_fifo_lfsr_prove_bitwuzla_d35_aw16] engine_0: ##   0:00:03  Checking assertions in step 12..
SBY 10:53:30 [generic_fifo_lfsr_prove_bitwuzla_d35_aw16] engine_0: ##   0:00:10  Checking assumptions in step 13..
SBY 10:53:30 [generic_fifo_lfsr_prove_bitwuzla_d35_aw16] engine_0: ##   0:00:10  Checking assertions in step 13..
SBY 10:53:39 [generic_fifo_lfsr_prove_bitwuzla_d35_aw16] engine_0: ##   0:00:20  Checking assumptions in step 14..
SBY 10:53:39 [generic_fifo_lfsr_prove_bitwuzla_d35_aw16] engine_0: ##   0:00:20  Checking assertions in step 14..
SBY 10:54:05 [generic_fifo_lfsr_prove_bitwuzla_d35_aw16] engine_0: ##   0:00:46  Checking assumptions in step 15..
SBY 10:54:05 [generic_fifo_lfsr_prove_bitwuzla_d35_aw16] engine_0: ##   0:00:46  Checking assertions in step 15..
SBY 10:55:05 [generic_fifo_lfsr_prove_bitwuzla_d35_aw16] engine_0: ##   0:01:45  Checking assumptions in step 16..
SBY 10:55:05 [generic_fifo_lfsr_prove_bitwuzla_d35_aw16] engine_0: ##   0:01:46  Checking assertions in step 16..
SBY 10:56:05 [generic_fifo_lfsr_prove_bitwuzla_d35_aw16] engine_0: ##   0:02:46  waiting for solver (1 minute)
SBY 10:58:07 [generic_fifo_lfsr_prove_bitwuzla_d35_aw16] engine_0: ##   0:04:47  Checking assumptions in step 17..
SBY 10:58:07 [generic_fifo_lfsr_prove_bitwuzla_d35_aw16] engine_0: ##   0:04:48  Checking assertions in step 17..
SBY 10:59:07 [generic_fifo_lfsr_prove_bitwuzla_d35_aw16] engine_0: ##   0:05:48  waiting for solver (1 minute)
SBY 11:03:07 [generic_fifo_lfsr_prove_bitwuzla_d35_aw16] engine_0: ##   0:09:48  waiting for solver (5 minutes)
SBY 11:06:48 [generic_fifo_lfsr_prove_bitwuzla_d35_aw16] engine_0: ##   0:13:29  Checking assumptions in step 18..
SBY 11:06:48 [generic_fifo_lfsr_prove_bitwuzla_d35_aw16] engine_0: ##   0:13:29  Checking assertions in step 18..
SBY 11:07:48 [generic_fifo_lfsr_prove_bitwuzla_d35_aw16] engine_0: ##   0:14:29  waiting for solver (1 minute)
SBY 11:11:48 [generic_fifo_lfsr_prove_bitwuzla_d35_aw16] engine_0: ##   0:18:29  waiting for solver (5 minutes)
SBY ---- Keyboard interrupt or external termination signal ----
SBY 11:13:17 [generic_fifo_lfsr_prove_bitwuzla_d35_aw16] engine_0: terminating process
Command exited with non-zero status 124
TIME_SEC=1200.17
