SBY  8:37:51 [generic_fifo_lfsr_prove_z3_d15] Removing directory '/workspaces/digital-tools/examples/generic_fifo_lfsr/formal/generic_fifo_lfsr_prove_z3_d15'.
SBY  8:37:52 [generic_fifo_lfsr_prove_z3_d15] Copy '/workspaces/digital-tools/examples/generic_fifo_lfsr/formal/../timescale.v' to '/workspaces/digital-tools/examples/generic_fifo_lfsr/formal/generic_fifo_lfsr_prove_z3_d15/src/timescale.v'.
SBY  8:37:52 [generic_fifo_lfsr_prove_z3_d15] Copy '/workspaces/digital-tools/examples/generic_fifo_lfsr/formal/../generic_fifo_lfsr.v' to '/workspaces/digital-tools/examples/generic_fifo_lfsr/formal/generic_fifo_lfsr_prove_z3_d15/src/generic_fifo_lfsr.v'.
SBY  8:37:52 [generic_fifo_lfsr_prove_z3_d15] Copy '/workspaces/digital-tools/examples/generic_fifo_lfsr/formal/generic_dpram_formal.v' to '/workspaces/digital-tools/examples/generic_fifo_lfsr/formal/generic_fifo_lfsr_prove_z3_d15/src/generic_dpram_formal.v'.
SBY  8:37:52 [generic_fifo_lfsr_prove_z3_d15] Copy '/workspaces/digital-tools/examples/generic_fifo_lfsr/formal/generic_fifo_lfsr_prove_formal.sv' to '/workspaces/digital-tools/examples/generic_fifo_lfsr/formal/generic_fifo_lfsr_prove_z3_d15/src/generic_fifo_lfsr_prove_formal.sv'.
SBY  8:37:52 [generic_fifo_lfsr_prove_z3_d15] engine_0: smtbmc z3
SBY  8:37:52 [generic_fifo_lfsr_prove_z3_d15] base: starting process "cd generic_fifo_lfsr_prove_z3_d15/src; yosys -ql ../model/design.log ../model/design.ys"
SBY  8:37:52 [generic_fifo_lfsr_prove_z3_d15] base: Warning: Encountered `translate_off' comment! Such legacy hot comments are supported by Yosys, but are not part of any formal language specification. Using a portable and standards-compliant construct such as `ifdef is recommended!
SBY  8:37:52 [generic_fifo_lfsr_prove_z3_d15] base: Warning: Wire generic_fifo_lfsr_prove_formal.\clk is used but has no driver.
SBY  8:37:52 [generic_fifo_lfsr_prove_z3_d15] base: finished (returncode=0)
SBY  8:37:52 [generic_fifo_lfsr_prove_z3_d15] prep: starting process "cd generic_fifo_lfsr_prove_z3_d15/model; yosys -ql design_prep.log design_prep.ys"
SBY  8:37:52 [generic_fifo_lfsr_prove_z3_d15] prep: Warning: Wire generic_fifo_lfsr_prove_formal.\clk is used but has no driver.
SBY  8:37:52 [generic_fifo_lfsr_prove_z3_d15] prep: finished (returncode=0)
SBY  8:37:52 [generic_fifo_lfsr_prove_z3_d15] smt2: starting process "cd generic_fifo_lfsr_prove_z3_d15/model; yosys -ql design_smt2.log design_smt2.ys"
SBY  8:37:52 [generic_fifo_lfsr_prove_z3_d15] smt2: finished (returncode=0)
SBY  8:37:52 [generic_fifo_lfsr_prove_z3_d15] engine_0: starting process "cd generic_fifo_lfsr_prove_z3_d15; yosys-smtbmc -s z3 --presat --noprogress -t 15  --append 0 --dump-vcd engine_0/trace.vcd --dump-yw engine_0/trace.yw --dump-vlogtb engine_0/trace_tb.v --dump-smtc engine_0/trace.smtc model/design_smt2.smt2"
SBY  8:37:52 [generic_fifo_lfsr_prove_z3_d15] engine_0: ##   0:00:00  Solver: z3
SBY  8:37:52 [generic_fifo_lfsr_prove_z3_d15] engine_0: ##   0:00:00  Checking assumptions in step 0..
SBY  8:37:52 [generic_fifo_lfsr_prove_z3_d15] engine_0: ##   0:00:00  Checking assertions in step 0..
SBY  8:37:52 [generic_fifo_lfsr_prove_z3_d15] engine_0: ##   0:00:00  Checking assumptions in step 1..
SBY  8:37:52 [generic_fifo_lfsr_prove_z3_d15] engine_0: ##   0:00:00  Checking assertions in step 1..
SBY  8:37:52 [generic_fifo_lfsr_prove_z3_d15] engine_0: ##   0:00:00  Checking assumptions in step 2..
SBY  8:37:52 [generic_fifo_lfsr_prove_z3_d15] engine_0: ##   0:00:00  Checking assertions in step 2..
SBY  8:37:52 [generic_fifo_lfsr_prove_z3_d15] engine_0: ##   0:00:00  Checking assumptions in step 3..
SBY  8:37:52 [generic_fifo_lfsr_prove_z3_d15] engine_0: ##   0:00:00  Checking assertions in step 3..
SBY  8:37:52 [generic_fifo_lfsr_prove_z3_d15] engine_0: ##   0:00:00  Checking assumptions in step 4..
SBY  8:37:52 [generic_fifo_lfsr_prove_z3_d15] engine_0: ##   0:00:00  Checking assertions in step 4..
SBY  8:37:52 [generic_fifo_lfsr_prove_z3_d15] engine_0: ##   0:00:00  Checking assumptions in step 5..
SBY  8:37:52 [generic_fifo_lfsr_prove_z3_d15] engine_0: ##   0:00:00  Checking assertions in step 5..
SBY  8:37:52 [generic_fifo_lfsr_prove_z3_d15] engine_0: ##   0:00:00  Checking assumptions in step 6..
SBY  8:37:52 [generic_fifo_lfsr_prove_z3_d15] engine_0: ##   0:00:00  Checking assertions in step 6..
SBY  8:37:53 [generic_fifo_lfsr_prove_z3_d15] engine_0: ##   0:00:00  Checking assumptions in step 7..
SBY  8:37:53 [generic_fifo_lfsr_prove_z3_d15] engine_0: ##   0:00:00  Checking assertions in step 7..
SBY  8:37:53 [generic_fifo_lfsr_prove_z3_d15] engine_0: ##   0:00:00  Checking assumptions in step 8..
SBY  8:37:53 [generic_fifo_lfsr_prove_z3_d15] engine_0: ##   0:00:00  Checking assertions in step 8..
SBY  8:37:54 [generic_fifo_lfsr_prove_z3_d15] engine_0: ##   0:00:01  Checking assumptions in step 9..
SBY  8:37:54 [generic_fifo_lfsr_prove_z3_d15] engine_0: ##   0:00:02  Checking assertions in step 9..
SBY  8:37:57 [generic_fifo_lfsr_prove_z3_d15] engine_0: ##   0:00:05  Checking assumptions in step 10..
SBY  8:37:57 [generic_fifo_lfsr_prove_z3_d15] engine_0: ##   0:00:05  Checking assertions in step 10..
SBY  8:38:02 [generic_fifo_lfsr_prove_z3_d15] engine_0: ##   0:00:09  Checking assumptions in step 11..
SBY  8:38:02 [generic_fifo_lfsr_prove_z3_d15] engine_0: ##   0:00:10  Checking assertions in step 11..
SBY  8:38:14 [generic_fifo_lfsr_prove_z3_d15] engine_0: ##   0:00:22  Checking assumptions in step 12..
SBY  8:38:15 [generic_fifo_lfsr_prove_z3_d15] engine_0: ##   0:00:23  Checking assertions in step 12..
SBY  8:38:35 [generic_fifo_lfsr_prove_z3_d15] engine_0: ##   0:00:43  Checking assumptions in step 13..
SBY  8:38:36 [generic_fifo_lfsr_prove_z3_d15] engine_0: ##   0:00:44  Checking assertions in step 13..
SBY  8:39:14 [generic_fifo_lfsr_prove_z3_d15] engine_0: ##   0:01:21  Checking assumptions in step 14..
SBY  8:39:15 [generic_fifo_lfsr_prove_z3_d15] engine_0: ##   0:01:22  Checking assertions in step 14..
SBY  8:40:15 [generic_fifo_lfsr_prove_z3_d15] engine_0: ##   0:02:22  waiting for solver (1 minute)
SBY  8:40:43 [generic_fifo_lfsr_prove_z3_d15] engine_0: ##   0:02:50  Status: passed
SBY  8:40:43 [generic_fifo_lfsr_prove_z3_d15] engine_0: finished (returncode=0)
SBY  8:40:43 [generic_fifo_lfsr_prove_z3_d15] engine_0: Status returned by engine: pass
SBY  8:40:43 [generic_fifo_lfsr_prove_z3_d15] summary: Elapsed clock time [H:MM:SS (secs)]: 0:02:51 (171)
SBY  8:40:43 [generic_fifo_lfsr_prove_z3_d15] summary: Elapsed process time [H:MM:SS (secs)]: 0:02:50 (170)
SBY  8:40:43 [generic_fifo_lfsr_prove_z3_d15] summary: engine_0 (smtbmc z3) returned pass
SBY  8:40:43 [generic_fifo_lfsr_prove_z3_d15] summary: engine_0 did not produce any traces
SBY  8:40:43 [generic_fifo_lfsr_prove_z3_d15] DONE (PASS, rc=0)
TIME_SEC=171.67
