SBY 10:38:45 [generic_fifo_lfsr_prove_z3_d15_aw16] Removing directory '/workspaces/digital-tools/examples/generic_fifo_lfsr/formal/generic_fifo_lfsr_prove_z3_d15_aw16'.
SBY 10:38:45 [generic_fifo_lfsr_prove_z3_d15_aw16] Copy '/workspaces/digital-tools/examples/generic_fifo_lfsr/formal/../timescale.v' to '/workspaces/digital-tools/examples/generic_fifo_lfsr/formal/generic_fifo_lfsr_prove_z3_d15_aw16/src/timescale.v'.
SBY 10:38:45 [generic_fifo_lfsr_prove_z3_d15_aw16] Copy '/workspaces/digital-tools/examples/generic_fifo_lfsr/formal/../generic_fifo_lfsr.v' to '/workspaces/digital-tools/examples/generic_fifo_lfsr/formal/generic_fifo_lfsr_prove_z3_d15_aw16/src/generic_fifo_lfsr.v'.
SBY 10:38:45 [generic_fifo_lfsr_prove_z3_d15_aw16] Copy '/workspaces/digital-tools/examples/generic_fifo_lfsr/formal/generic_dpram_formal.v' to '/workspaces/digital-tools/examples/generic_fifo_lfsr/formal/generic_fifo_lfsr_prove_z3_d15_aw16/src/generic_dpram_formal.v'.
SBY 10:38:45 [generic_fifo_lfsr_prove_z3_d15_aw16] Copy '/workspaces/digital-tools/examples/generic_fifo_lfsr/formal/generic_fifo_lfsr_prove_formal.sv' to '/workspaces/digital-tools/examples/generic_fifo_lfsr/formal/generic_fifo_lfsr_prove_z3_d15_aw16/src/generic_fifo_lfsr_prove_formal.sv'.
SBY 10:38:45 [generic_fifo_lfsr_prove_z3_d15_aw16] engine_0: smtbmc z3
SBY 10:38:45 [generic_fifo_lfsr_prove_z3_d15_aw16] base: starting process "cd generic_fifo_lfsr_prove_z3_d15_aw16/src; yosys -ql ../model/design.log ../model/design.ys"
SBY 10:38:45 [generic_fifo_lfsr_prove_z3_d15_aw16] base: Warning: Encountered `translate_off' comment! Such legacy hot comments are supported by Yosys, but are not part of any formal language specification. Using a portable and standards-compliant construct such as `ifdef is recommended!
SBY 10:38:45 [generic_fifo_lfsr_prove_z3_d15_aw16] base: Warning: Wire generic_fifo_lfsr_prove_formal.\clk is used but has no driver.
SBY 10:38:45 [generic_fifo_lfsr_prove_z3_d15_aw16] base: finished (returncode=0)
SBY 10:38:45 [generic_fifo_lfsr_prove_z3_d15_aw16] prep: starting process "cd generic_fifo_lfsr_prove_z3_d15_aw16/model; yosys -ql design_prep.log design_prep.ys"
SBY 10:38:45 [generic_fifo_lfsr_prove_z3_d15_aw16] prep: Warning: Wire generic_fifo_lfsr_prove_formal.\clk is used but has no driver.
SBY 10:38:45 [generic_fifo_lfsr_prove_z3_d15_aw16] prep: finished (returncode=0)
SBY 10:38:45 [generic_fifo_lfsr_prove_z3_d15_aw16] smt2: starting process "cd generic_fifo_lfsr_prove_z3_d15_aw16/model; yosys -ql design_smt2.log design_smt2.ys"
SBY 10:38:45 [generic_fifo_lfsr_prove_z3_d15_aw16] smt2: finished (returncode=0)
SBY 10:38:45 [generic_fifo_lfsr_prove_z3_d15_aw16] engine_0: starting process "cd generic_fifo_lfsr_prove_z3_d15_aw16; yosys-smtbmc -s z3 --presat --noprogress -t 15  --append 0 --dump-vcd engine_0/trace.vcd --dump-yw engine_0/trace.yw --dump-vlogtb engine_0/trace_tb.v --dump-smtc engine_0/trace.smtc model/design_smt2.smt2"
SBY 10:38:45 [generic_fifo_lfsr_prove_z3_d15_aw16] engine_0: ##   0:00:00  Solver: z3
SBY 10:38:46 [generic_fifo_lfsr_prove_z3_d15_aw16] engine_0: ##   0:00:00  Checking assumptions in step 0..
SBY 10:38:46 [generic_fifo_lfsr_prove_z3_d15_aw16] engine_0: ##   0:00:00  Checking assertions in step 0..
SBY 10:38:46 [generic_fifo_lfsr_prove_z3_d15_aw16] engine_0: ##   0:00:00  Checking assumptions in step 1..
SBY 10:38:46 [generic_fifo_lfsr_prove_z3_d15_aw16] engine_0: ##   0:00:00  Checking assertions in step 1..
SBY 10:38:46 [generic_fifo_lfsr_prove_z3_d15_aw16] engine_0: ##   0:00:00  Checking assumptions in step 2..
SBY 10:38:46 [generic_fifo_lfsr_prove_z3_d15_aw16] engine_0: ##   0:00:00  Checking assertions in step 2..
SBY 10:38:46 [generic_fifo_lfsr_prove_z3_d15_aw16] engine_0: ##   0:00:00  Checking assumptions in step 3..
SBY 10:38:46 [generic_fifo_lfsr_prove_z3_d15_aw16] engine_0: ##   0:00:00  Checking assertions in step 3..
SBY 10:38:46 [generic_fifo_lfsr_prove_z3_d15_aw16] engine_0: ##   0:00:00  Checking assumptions in step 4..
SBY 10:38:46 [generic_fifo_lfsr_prove_z3_d15_aw16] engine_0: ##   0:00:00  Checking assertions in step 4..
SBY 10:38:46 [generic_fifo_lfsr_prove_z3_d15_aw16] engine_0: ##   0:00:00  Checking assumptions in step 5..
SBY 10:38:46 [generic_fifo_lfsr_prove_z3_d15_aw16] engine_0: ##   0:00:00  Checking assertions in step 5..
SBY 10:38:46 [generic_fifo_lfsr_prove_z3_d15_aw16] engine_0: ##   0:00:00  Checking assumptions in step 6..
SBY 10:38:46 [generic_fifo_lfsr_prove_z3_d15_aw16] engine_0: ##   0:00:00  Checking assertions in step 6..
SBY 10:38:46 [generic_fifo_lfsr_prove_z3_d15_aw16] engine_0: ##   0:00:00  Checking assumptions in step 7..
SBY 10:38:46 [generic_fifo_lfsr_prove_z3_d15_aw16] engine_0: ##   0:00:00  Checking assertions in step 7..
SBY 10:38:46 [generic_fifo_lfsr_prove_z3_d15_aw16] engine_0: ##   0:00:00  Checking assumptions in step 8..
SBY 10:38:46 [generic_fifo_lfsr_prove_z3_d15_aw16] engine_0: ##   0:00:00  Checking assertions in step 8..
SBY 10:38:47 [generic_fifo_lfsr_prove_z3_d15_aw16] engine_0: ##   0:00:01  Checking assumptions in step 9..
SBY 10:38:47 [generic_fifo_lfsr_prove_z3_d15_aw16] engine_0: ##   0:00:01  Checking assertions in step 9..
SBY 10:38:50 [generic_fifo_lfsr_prove_z3_d15_aw16] engine_0: ##   0:00:04  Checking assumptions in step 10..
SBY 10:38:51 [generic_fifo_lfsr_prove_z3_d15_aw16] engine_0: ##   0:00:05  Checking assertions in step 10..
SBY 10:38:57 [generic_fifo_lfsr_prove_z3_d15_aw16] engine_0: ##   0:00:12  Checking assumptions in step 11..
SBY 10:38:58 [generic_fifo_lfsr_prove_z3_d15_aw16] engine_0: ##   0:00:12  Checking assertions in step 11..
SBY 10:39:09 [generic_fifo_lfsr_prove_z3_d15_aw16] engine_0: ##   0:00:23  Checking assumptions in step 12..
SBY 10:39:09 [generic_fifo_lfsr_prove_z3_d15_aw16] engine_0: ##   0:00:23  Checking assertions in step 12..
SBY 10:39:31 [generic_fifo_lfsr_prove_z3_d15_aw16] engine_0: ##   0:00:45  Checking assumptions in step 13..
SBY 10:39:31 [generic_fifo_lfsr_prove_z3_d15_aw16] engine_0: ##   0:00:45  Checking assertions in step 13..
SBY 10:40:15 [generic_fifo_lfsr_prove_z3_d15_aw16] engine_0: ##   0:01:29  Checking assumptions in step 14..
SBY 10:40:15 [generic_fifo_lfsr_prove_z3_d15_aw16] engine_0: ##   0:01:29  Checking assertions in step 14..
SBY 10:41:15 [generic_fifo_lfsr_prove_z3_d15_aw16] engine_0: ##   0:02:29  waiting for solver (1 minute)
SBY 10:41:30 [generic_fifo_lfsr_prove_z3_d15_aw16] engine_0: ##   0:02:44  Status: passed
SBY 10:41:30 [generic_fifo_lfsr_prove_z3_d15_aw16] engine_0: finished (returncode=0)
SBY 10:41:30 [generic_fifo_lfsr_prove_z3_d15_aw16] engine_0: Status returned by engine: pass
SBY 10:41:30 [generic_fifo_lfsr_prove_z3_d15_aw16] summary: Elapsed clock time [H:MM:SS (secs)]: 0:02:45 (165)
SBY 10:41:30 [generic_fifo_lfsr_prove_z3_d15_aw16] summary: Elapsed process time [H:MM:SS (secs)]: 0:02:44 (164)
SBY 10:41:30 [generic_fifo_lfsr_prove_z3_d15_aw16] summary: engine_0 (smtbmc z3) returned pass
SBY 10:41:30 [generic_fifo_lfsr_prove_z3_d15_aw16] summary: engine_0 did not produce any traces
SBY 10:41:30 [generic_fifo_lfsr_prove_z3_d15_aw16] DONE (PASS, rc=0)
TIME_SEC=165.74
