SBY 11:30:06 [generic_fifo_lfsr_prove_bitwuzla_d25_aw16] Removing directory '/workspaces/digital-tools/examples/generic_fifo_lfsr/formal/generic_fifo_lfsr_prove_bitwuzla_d25_aw16'.
SBY 11:30:06 [generic_fifo_lfsr_prove_bitwuzla_d25_aw16] Copy '/workspaces/digital-tools/examples/generic_fifo_lfsr/formal/../timescale.v' to '/workspaces/digital-tools/examples/generic_fifo_lfsr/formal/generic_fifo_lfsr_prove_bitwuzla_d25_aw16/src/timescale.v'.
SBY 11:30:06 [generic_fifo_lfsr_prove_bitwuzla_d25_aw16] Copy '/workspaces/digital-tools/examples/generic_fifo_lfsr/formal/../generic_fifo_lfsr.v' to '/workspaces/digital-tools/examples/generic_fifo_lfsr/formal/generic_fifo_lfsr_prove_bitwuzla_d25_aw16/src/generic_fifo_lfsr.v'.
SBY 11:30:06 [generic_fifo_lfsr_prove_bitwuzla_d25_aw16] Copy '/workspaces/digital-tools/examples/generic_fifo_lfsr/formal/generic_dpram_formal.v' to '/workspaces/digital-tools/examples/generic_fifo_lfsr/formal/generic_fifo_lfsr_prove_bitwuzla_d25_aw16/src/generic_dpram_formal.v'.
SBY 11:30:06 [generic_fifo_lfsr_prove_bitwuzla_d25_aw16] Copy '/workspaces/digital-tools/examples/generic_fifo_lfsr/formal/generic_fifo_lfsr_prove_formal.sv' to '/workspaces/digital-tools/examples/generic_fifo_lfsr/formal/generic_fifo_lfsr_prove_bitwuzla_d25_aw16/src/generic_fifo_lfsr_prove_formal.sv'.
SBY 11:30:06 [generic_fifo_lfsr_prove_bitwuzla_d25_aw16] engine_0: smtbmc bitwuzla
SBY 11:30:06 [generic_fifo_lfsr_prove_bitwuzla_d25_aw16] base: starting process "cd generic_fifo_lfsr_prove_bitwuzla_d25_aw16/src; yosys -ql ../model/design.log ../model/design.ys"
SBY 11:30:06 [generic_fifo_lfsr_prove_bitwuzla_d25_aw16] base: Warning: Encountered `translate_off' comment! Such legacy hot comments are supported by Yosys, but are not part of any formal language specification. Using a portable and standards-compliant construct such as `ifdef is recommended!
SBY 11:30:06 [generic_fifo_lfsr_prove_bitwuzla_d25_aw16] base: Warning: Wire generic_fifo_lfsr_prove_formal.\clk is used but has no driver.
SBY 11:30:06 [generic_fifo_lfsr_prove_bitwuzla_d25_aw16] base: finished (returncode=0)
SBY 11:30:06 [generic_fifo_lfsr_prove_bitwuzla_d25_aw16] prep: starting process "cd generic_fifo_lfsr_prove_bitwuzla_d25_aw16/model; yosys -ql design_prep.log design_prep.ys"
SBY 11:30:06 [generic_fifo_lfsr_prove_bitwuzla_d25_aw16] prep: Warning: Wire generic_fifo_lfsr_prove_formal.\clk is used but has no driver.
SBY 11:30:06 [generic_fifo_lfsr_prove_bitwuzla_d25_aw16] prep: finished (returncode=0)
SBY 11:30:06 [generic_fifo_lfsr_prove_bitwuzla_d25_aw16] smt2: starting process "cd generic_fifo_lfsr_prove_bitwuzla_d25_aw16/model; yosys -ql design_smt2.log design_smt2.ys"
SBY 11:30:06 [generic_fifo_lfsr_prove_bitwuzla_d25_aw16] smt2: finished (returncode=0)
SBY 11:30:06 [generic_fifo_lfsr_prove_bitwuzla_d25_aw16] engine_0: starting process "cd generic_fifo_lfsr_prove_bitwuzla_d25_aw16; yosys-smtbmc -s bitwuzla --presat --unroll --noprogress -t 25  --append 0 --dump-vcd engine_0/trace.vcd --dump-yw engine_0/trace.yw --dump-vlogtb engine_0/trace_tb.v --dump-smtc engine_0/trace.smtc model/design_smt2.smt2"
SBY 11:30:06 [generic_fifo_lfsr_prove_bitwuzla_d25_aw16] engine_0: ##   0:00:00  Solver: bitwuzla
SBY 11:30:06 [generic_fifo_lfsr_prove_bitwuzla_d25_aw16] engine_0: ##   0:00:00  Checking assumptions in step 0..
SBY 11:30:07 [generic_fifo_lfsr_prove_bitwuzla_d25_aw16] engine_0: ##   0:00:00  Checking assertions in step 0..
SBY 11:30:07 [generic_fifo_lfsr_prove_bitwuzla_d25_aw16] engine_0: ##   0:00:00  Checking assumptions in step 1..
SBY 11:30:07 [generic_fifo_lfsr_prove_bitwuzla_d25_aw16] engine_0: ##   0:00:00  Checking assertions in step 1..
SBY 11:30:07 [generic_fifo_lfsr_prove_bitwuzla_d25_aw16] engine_0: ##   0:00:00  Checking assumptions in step 2..
SBY 11:30:07 [generic_fifo_lfsr_prove_bitwuzla_d25_aw16] engine_0: ##   0:00:00  Checking assertions in step 2..
SBY 11:30:07 [generic_fifo_lfsr_prove_bitwuzla_d25_aw16] engine_0: ##   0:00:00  Checking assumptions in step 3..
SBY 11:30:07 [generic_fifo_lfsr_prove_bitwuzla_d25_aw16] engine_0: ##   0:00:00  Checking assertions in step 3..
SBY 11:30:07 [generic_fifo_lfsr_prove_bitwuzla_d25_aw16] engine_0: ##   0:00:00  Checking assumptions in step 4..
SBY 11:30:07 [generic_fifo_lfsr_prove_bitwuzla_d25_aw16] engine_0: ##   0:00:00  Checking assertions in step 4..
SBY 11:30:07 [generic_fifo_lfsr_prove_bitwuzla_d25_aw16] engine_0: ##   0:00:00  Checking assumptions in step 5..
SBY 11:30:07 [generic_fifo_lfsr_prove_bitwuzla_d25_aw16] engine_0: ##   0:00:00  Checking assertions in step 5..
SBY 11:30:07 [generic_fifo_lfsr_prove_bitwuzla_d25_aw16] engine_0: ##   0:00:00  Checking assumptions in step 6..
SBY 11:30:07 [generic_fifo_lfsr_prove_bitwuzla_d25_aw16] engine_0: ##   0:00:00  Checking assertions in step 6..
SBY 11:30:07 [generic_fifo_lfsr_prove_bitwuzla_d25_aw16] engine_0: ##   0:00:00  Checking assumptions in step 7..
SBY 11:30:07 [generic_fifo_lfsr_prove_bitwuzla_d25_aw16] engine_0: ##   0:00:00  Checking assertions in step 7..
SBY 11:30:07 [generic_fifo_lfsr_prove_bitwuzla_d25_aw16] engine_0: ##   0:00:00  Checking assumptions in step 8..
SBY 11:30:07 [generic_fifo_lfsr_prove_bitwuzla_d25_aw16] engine_0: ##   0:00:00  Checking assertions in step 8..
SBY 11:30:07 [generic_fifo_lfsr_prove_bitwuzla_d25_aw16] engine_0: ##   0:00:00  Checking assumptions in step 9..
SBY 11:30:07 [generic_fifo_lfsr_prove_bitwuzla_d25_aw16] engine_0: ##   0:00:00  Checking assertions in step 9..
SBY 11:30:07 [generic_fifo_lfsr_prove_bitwuzla_d25_aw16] engine_0: ##   0:00:00  Checking assumptions in step 10..
SBY 11:30:07 [generic_fifo_lfsr_prove_bitwuzla_d25_aw16] engine_0: ##   0:00:00  Checking assertions in step 10..
SBY 11:30:07 [generic_fifo_lfsr_prove_bitwuzla_d25_aw16] engine_0: ##   0:00:00  Checking assumptions in step 11..
SBY 11:30:07 [generic_fifo_lfsr_prove_bitwuzla_d25_aw16] engine_0: ##   0:00:00  Checking assertions in step 11..
SBY 11:30:08 [generic_fifo_lfsr_prove_bitwuzla_d25_aw16] engine_0: ##   0:00:01  Checking assumptions in step 12..
SBY 11:30:08 [generic_fifo_lfsr_prove_bitwuzla_d25_aw16] engine_0: ##   0:00:01  Checking assertions in step 12..
SBY 11:30:11 [generic_fifo_lfsr_prove_bitwuzla_d25_aw16] engine_0: ##   0:00:04  Checking assumptions in step 13..
SBY 11:30:11 [generic_fifo_lfsr_prove_bitwuzla_d25_aw16] engine_0: ##   0:00:04  Checking assertions in step 13..
SBY 11:30:15 [generic_fifo_lfsr_prove_bitwuzla_d25_aw16] engine_0: ##   0:00:08  Checking assumptions in step 14..
SBY 11:30:15 [generic_fifo_lfsr_prove_bitwuzla_d25_aw16] engine_0: ##   0:00:08  Checking assertions in step 14..
SBY 11:30:24 [generic_fifo_lfsr_prove_bitwuzla_d25_aw16] engine_0: ##   0:00:17  Checking assumptions in step 15..
SBY 11:30:24 [generic_fifo_lfsr_prove_bitwuzla_d25_aw16] engine_0: ##   0:00:17  Checking assertions in step 15..
SBY 11:30:48 [generic_fifo_lfsr_prove_bitwuzla_d25_aw16] engine_0: ##   0:00:41  Checking assumptions in step 16..
SBY 11:30:48 [generic_fifo_lfsr_prove_bitwuzla_d25_aw16] engine_0: ##   0:00:41  Checking assertions in step 16..
SBY 11:31:48 [generic_fifo_lfsr_prove_bitwuzla_d25_aw16] engine_0: ##   0:01:41  waiting for solver (1 minute)
SBY 11:32:04 [generic_fifo_lfsr_prove_bitwuzla_d25_aw16] engine_0: ##   0:01:57  Checking assumptions in step 17..
SBY 11:32:04 [generic_fifo_lfsr_prove_bitwuzla_d25_aw16] engine_0: ##   0:01:57  Checking assertions in step 17..
SBY 11:33:04 [generic_fifo_lfsr_prove_bitwuzla_d25_aw16] engine_0: ##   0:02:57  waiting for solver (1 minute)
SBY 11:35:51 [generic_fifo_lfsr_prove_bitwuzla_d25_aw16] engine_0: ##   0:05:44  Checking assumptions in step 18..
SBY 11:35:51 [generic_fifo_lfsr_prove_bitwuzla_d25_aw16] engine_0: ##   0:05:44  Checking assertions in step 18..
SBY 11:36:51 [generic_fifo_lfsr_prove_bitwuzla_d25_aw16] engine_0: ##   0:06:44  waiting for solver (1 minute)
SBY 11:40:51 [generic_fifo_lfsr_prove_bitwuzla_d25_aw16] engine_0: ##   0:10:44  waiting for solver (5 minutes)
SBY ---- Keyboard interrupt or external termination signal ----
SBY 11:45:05 [generic_fifo_lfsr_prove_bitwuzla_d25_aw16] engine_0: terminating process
