SBY 11:15:06 [generic_fifo_lfsr_prove_yices_d25_aw16] Removing directory '/workspaces/digital-tools/examples/generic_fifo_lfsr/formal/generic_fifo_lfsr_prove_yices_d25_aw16'.
SBY 11:15:06 [generic_fifo_lfsr_prove_yices_d25_aw16] Copy '/workspaces/digital-tools/examples/generic_fifo_lfsr/formal/../timescale.v' to '/workspaces/digital-tools/examples/generic_fifo_lfsr/formal/generic_fifo_lfsr_prove_yices_d25_aw16/src/timescale.v'.
SBY 11:15:06 [generic_fifo_lfsr_prove_yices_d25_aw16] Copy '/workspaces/digital-tools/examples/generic_fifo_lfsr/formal/../generic_fifo_lfsr.v' to '/workspaces/digital-tools/examples/generic_fifo_lfsr/formal/generic_fifo_lfsr_prove_yices_d25_aw16/src/generic_fifo_lfsr.v'.
SBY 11:15:06 [generic_fifo_lfsr_prove_yices_d25_aw16] Copy '/workspaces/digital-tools/examples/generic_fifo_lfsr/formal/generic_dpram_formal.v' to '/workspaces/digital-tools/examples/generic_fifo_lfsr/formal/generic_fifo_lfsr_prove_yices_d25_aw16/src/generic_dpram_formal.v'.
SBY 11:15:06 [generic_fifo_lfsr_prove_yices_d25_aw16] Copy '/workspaces/digital-tools/examples/generic_fifo_lfsr/formal/generic_fifo_lfsr_prove_formal.sv' to '/workspaces/digital-tools/examples/generic_fifo_lfsr/formal/generic_fifo_lfsr_prove_yices_d25_aw16/src/generic_fifo_lfsr_prove_formal.sv'.
SBY 11:15:06 [generic_fifo_lfsr_prove_yices_d25_aw16] engine_0: smtbmc yices
SBY 11:15:06 [generic_fifo_lfsr_prove_yices_d25_aw16] base: starting process "cd generic_fifo_lfsr_prove_yices_d25_aw16/src; yosys -ql ../model/design.log ../model/design.ys"
SBY 11:15:06 [generic_fifo_lfsr_prove_yices_d25_aw16] base: Warning: Encountered `translate_off' comment! Such legacy hot comments are supported by Yosys, but are not part of any formal language specification. Using a portable and standards-compliant construct such as `ifdef is recommended!
SBY 11:15:06 [generic_fifo_lfsr_prove_yices_d25_aw16] base: Warning: Wire generic_fifo_lfsr_prove_formal.\clk is used but has no driver.
SBY 11:15:06 [generic_fifo_lfsr_prove_yices_d25_aw16] base: finished (returncode=0)
SBY 11:15:06 [generic_fifo_lfsr_prove_yices_d25_aw16] prep: starting process "cd generic_fifo_lfsr_prove_yices_d25_aw16/model; yosys -ql design_prep.log design_prep.ys"
SBY 11:15:06 [generic_fifo_lfsr_prove_yices_d25_aw16] prep: Warning: Wire generic_fifo_lfsr_prove_formal.\clk is used but has no driver.
SBY 11:15:06 [generic_fifo_lfsr_prove_yices_d25_aw16] prep: finished (returncode=0)
SBY 11:15:06 [generic_fifo_lfsr_prove_yices_d25_aw16] smt2: starting process "cd generic_fifo_lfsr_prove_yices_d25_aw16/model; yosys -ql design_smt2.log design_smt2.ys"
SBY 11:15:06 [generic_fifo_lfsr_prove_yices_d25_aw16] smt2: finished (returncode=0)
SBY 11:15:06 [generic_fifo_lfsr_prove_yices_d25_aw16] engine_0: starting process "cd generic_fifo_lfsr_prove_yices_d25_aw16; yosys-smtbmc -s yices --presat --unroll --noprogress -t 25  --append 0 --dump-vcd engine_0/trace.vcd --dump-yw engine_0/trace.yw --dump-vlogtb engine_0/trace_tb.v --dump-smtc engine_0/trace.smtc model/design_smt2.smt2"
SBY 11:15:07 [generic_fifo_lfsr_prove_yices_d25_aw16] engine_0: ##   0:00:00  Solver: yices
SBY 11:15:07 [generic_fifo_lfsr_prove_yices_d25_aw16] engine_0: ##   0:00:00  Checking assumptions in step 0..
SBY 11:15:07 [generic_fifo_lfsr_prove_yices_d25_aw16] engine_0: ##   0:00:00  Checking assertions in step 0..
SBY 11:15:07 [generic_fifo_lfsr_prove_yices_d25_aw16] engine_0: ##   0:00:00  Checking assumptions in step 1..
SBY 11:15:07 [generic_fifo_lfsr_prove_yices_d25_aw16] engine_0: ##   0:00:00  Checking assertions in step 1..
SBY 11:15:07 [generic_fifo_lfsr_prove_yices_d25_aw16] engine_0: ##   0:00:00  Checking assumptions in step 2..
SBY 11:15:07 [generic_fifo_lfsr_prove_yices_d25_aw16] engine_0: ##   0:00:00  Checking assertions in step 2..
SBY 11:15:07 [generic_fifo_lfsr_prove_yices_d25_aw16] engine_0: ##   0:00:00  Checking assumptions in step 3..
SBY 11:15:07 [generic_fifo_lfsr_prove_yices_d25_aw16] engine_0: ##   0:00:00  Checking assertions in step 3..
SBY 11:15:07 [generic_fifo_lfsr_prove_yices_d25_aw16] engine_0: ##   0:00:00  Checking assumptions in step 4..
SBY 11:15:07 [generic_fifo_lfsr_prove_yices_d25_aw16] engine_0: ##   0:00:00  Checking assertions in step 4..
SBY 11:15:07 [generic_fifo_lfsr_prove_yices_d25_aw16] engine_0: ##   0:00:00  Checking assumptions in step 5..
SBY 11:15:07 [generic_fifo_lfsr_prove_yices_d25_aw16] engine_0: ##   0:00:00  Checking assertions in step 5..
SBY 11:15:07 [generic_fifo_lfsr_prove_yices_d25_aw16] engine_0: ##   0:00:00  Checking assumptions in step 6..
SBY 11:15:07 [generic_fifo_lfsr_prove_yices_d25_aw16] engine_0: ##   0:00:00  Checking assertions in step 6..
SBY 11:15:07 [generic_fifo_lfsr_prove_yices_d25_aw16] engine_0: ##   0:00:00  Checking assumptions in step 7..
SBY 11:15:07 [generic_fifo_lfsr_prove_yices_d25_aw16] engine_0: ##   0:00:00  Checking assertions in step 7..
SBY 11:15:07 [generic_fifo_lfsr_prove_yices_d25_aw16] engine_0: ##   0:00:00  Checking assumptions in step 8..
SBY 11:15:07 [generic_fifo_lfsr_prove_yices_d25_aw16] engine_0: ##   0:00:00  Checking assertions in step 8..
SBY 11:15:07 [generic_fifo_lfsr_prove_yices_d25_aw16] engine_0: ##   0:00:00  Checking assumptions in step 9..
SBY 11:15:07 [generic_fifo_lfsr_prove_yices_d25_aw16] engine_0: ##   0:00:00  Checking assertions in step 9..
SBY 11:15:07 [generic_fifo_lfsr_prove_yices_d25_aw16] engine_0: ##   0:00:00  Checking assumptions in step 10..
SBY 11:15:07 [generic_fifo_lfsr_prove_yices_d25_aw16] engine_0: ##   0:00:00  Checking assertions in step 10..
SBY 11:15:08 [generic_fifo_lfsr_prove_yices_d25_aw16] engine_0: ##   0:00:01  Checking assumptions in step 11..
SBY 11:15:08 [generic_fifo_lfsr_prove_yices_d25_aw16] engine_0: ##   0:00:01  Checking assertions in step 11..
SBY 11:15:10 [generic_fifo_lfsr_prove_yices_d25_aw16] engine_0: ##   0:00:03  Checking assumptions in step 12..
SBY 11:15:10 [generic_fifo_lfsr_prove_yices_d25_aw16] engine_0: ##   0:00:03  Checking assertions in step 12..
SBY 11:15:17 [generic_fifo_lfsr_prove_yices_d25_aw16] engine_0: ##   0:00:10  Checking assumptions in step 13..
SBY 11:15:17 [generic_fifo_lfsr_prove_yices_d25_aw16] engine_0: ##   0:00:10  Checking assertions in step 13..
SBY 11:15:28 [generic_fifo_lfsr_prove_yices_d25_aw16] engine_0: ##   0:00:21  Checking assumptions in step 14..
SBY 11:15:28 [generic_fifo_lfsr_prove_yices_d25_aw16] engine_0: ##   0:00:21  Checking assertions in step 14..
SBY 11:15:53 [generic_fifo_lfsr_prove_yices_d25_aw16] engine_0: ##   0:00:46  Checking assumptions in step 15..
SBY 11:15:53 [generic_fifo_lfsr_prove_yices_d25_aw16] engine_0: ##   0:00:46  Checking assertions in step 15..
SBY 11:16:53 [generic_fifo_lfsr_prove_yices_d25_aw16] engine_0: ##   0:01:46  waiting for solver (1 minute)
SBY 11:17:42 [generic_fifo_lfsr_prove_yices_d25_aw16] engine_0: ##   0:02:35  Checking assumptions in step 16..
SBY 11:17:42 [generic_fifo_lfsr_prove_yices_d25_aw16] engine_0: ##   0:02:35  Checking assertions in step 16..
SBY 11:18:42 [generic_fifo_lfsr_prove_yices_d25_aw16] engine_0: ##   0:03:35  waiting for solver (1 minute)
SBY 11:20:22 [generic_fifo_lfsr_prove_yices_d25_aw16] engine_0: ##   0:05:14  Checking assumptions in step 17..
SBY 11:20:22 [generic_fifo_lfsr_prove_yices_d25_aw16] engine_0: ##   0:05:14  Checking assertions in step 17..
SBY 11:21:22 [generic_fifo_lfsr_prove_yices_d25_aw16] engine_0: ##   0:06:14  waiting for solver (1 minute)
SBY 11:25:21 [generic_fifo_lfsr_prove_yices_d25_aw16] engine_0: ##   0:10:14  waiting for solver (5 minutes)
SBY ---- Keyboard interrupt or external termination signal ----
SBY 11:30:05 [generic_fifo_lfsr_prove_yices_d25_aw16] engine_0: terminating process
Command exited with non-zero status 124
TIME_SEC=900.11
