SBY  7:55:59 [generic_fifo_lfsr_prove_v2] Removing directory '/workspaces/digital-tools/mgr/campaigns/generic_fifo_lfsr/refinement_v2/runs/M010/generic_fifo_lfsr_prove_v2'.
SBY  7:55:59 [generic_fifo_lfsr_prove_v2] Copy '/workspaces/digital-tools/mgr/campaigns/generic_fifo_lfsr/refinement_v2/runs/M010/timescale.v' to '/workspaces/digital-tools/mgr/campaigns/generic_fifo_lfsr/refinement_v2/runs/M010/generic_fifo_lfsr_prove_v2/src/timescale.v'.
SBY  7:55:59 [generic_fifo_lfsr_prove_v2] Copy '/workspaces/digital-tools/mgr/campaigns/generic_fifo_lfsr/refinement_v2/runs/M010/generic_fifo_lfsr.v' to '/workspaces/digital-tools/mgr/campaigns/generic_fifo_lfsr/refinement_v2/runs/M010/generic_fifo_lfsr_prove_v2/src/generic_fifo_lfsr.v'.
SBY  7:55:59 [generic_fifo_lfsr_prove_v2] Copy '/workspaces/digital-tools/mgr/campaigns/generic_fifo_lfsr/refinement_v2/runs/M010/generic_dpram_formal.v' to '/workspaces/digital-tools/mgr/campaigns/generic_fifo_lfsr/refinement_v2/runs/M010/generic_fifo_lfsr_prove_v2/src/generic_dpram_formal.v'.
SBY  7:55:59 [generic_fifo_lfsr_prove_v2] Copy '/workspaces/digital-tools/mgr/campaigns/generic_fifo_lfsr/refinement_v2/runs/M010/generic_fifo_lfsr_prove_formal.sv' to '/workspaces/digital-tools/mgr/campaigns/generic_fifo_lfsr/refinement_v2/runs/M010/generic_fifo_lfsr_prove_v2/src/generic_fifo_lfsr_prove_formal.sv'.
SBY  7:55:59 [generic_fifo_lfsr_prove_v2] engine_0: smtbmc --nopresat z3
SBY  7:55:59 [generic_fifo_lfsr_prove_v2] base: starting process "cd generic_fifo_lfsr_prove_v2/src; yosys -ql ../model/design.log ../model/design.ys"
SBY  7:55:59 [generic_fifo_lfsr_prove_v2] base: Warning: Encountered `translate_off' comment! Such legacy hot comments are supported by Yosys, but are not part of any formal language specification. Using a portable and standards-compliant construct such as `ifdef is recommended!
SBY  7:55:59 [generic_fifo_lfsr_prove_v2] base: Warning: Wire generic_fifo_lfsr_prove_formal.\clk is used but has no driver.
SBY  7:55:59 [generic_fifo_lfsr_prove_v2] base: finished (returncode=0)
SBY  7:55:59 [generic_fifo_lfsr_prove_v2] prep: starting process "cd generic_fifo_lfsr_prove_v2/model; yosys -ql design_prep.log design_prep.ys"
SBY  7:55:59 [generic_fifo_lfsr_prove_v2] prep: Warning: Wire generic_fifo_lfsr_prove_formal.\clk is used but has no driver.
SBY  7:56:00 [generic_fifo_lfsr_prove_v2] prep: finished (returncode=0)
SBY  7:56:00 [generic_fifo_lfsr_prove_v2] smt2: starting process "cd generic_fifo_lfsr_prove_v2/model; yosys -ql design_smt2.log design_smt2.ys"
SBY  7:56:00 [generic_fifo_lfsr_prove_v2] smt2: finished (returncode=0)
SBY  7:56:00 [generic_fifo_lfsr_prove_v2] engine_0: starting process "cd generic_fifo_lfsr_prove_v2; yosys-smtbmc -s z3 --noprogress -t 15  --append 0 --dump-vcd engine_0/trace.vcd --dump-yw engine_0/trace.yw --dump-vlogtb engine_0/trace_tb.v --dump-smtc engine_0/trace.smtc model/design_smt2.smt2"
SBY  7:56:00 [generic_fifo_lfsr_prove_v2] engine_0: ##   0:00:00  Solver: z3
SBY  7:56:00 [generic_fifo_lfsr_prove_v2] engine_0: ##   0:00:00  Checking assertions in step 0..
SBY  7:56:00 [generic_fifo_lfsr_prove_v2] engine_0: ##   0:00:00  Checking assertions in step 1..
SBY  7:56:00 [generic_fifo_lfsr_prove_v2] engine_0: ##   0:00:00  Checking assertions in step 2..
SBY  7:56:00 [generic_fifo_lfsr_prove_v2] engine_0: ##   0:00:00  Checking assertions in step 3..
SBY  7:56:00 [generic_fifo_lfsr_prove_v2] engine_0: ##   0:00:00  Checking assertions in step 4..
SBY  7:56:00 [generic_fifo_lfsr_prove_v2] engine_0: ##   0:00:00  Checking assertions in step 5..
SBY  7:56:00 [generic_fifo_lfsr_prove_v2] engine_0: ##   0:00:00  Checking assertions in step 6..
SBY  7:56:00 [generic_fifo_lfsr_prove_v2] engine_0: ##   0:00:00  Checking assertions in step 7..
SBY  7:56:00 [generic_fifo_lfsr_prove_v2] engine_0: ##   0:00:00  Checking assertions in step 8..
SBY  7:56:01 [generic_fifo_lfsr_prove_v2] engine_0: ##   0:00:01  Checking assertions in step 9..
SBY  7:56:03 [generic_fifo_lfsr_prove_v2] engine_0: ##   0:00:03  Checking assertions in step 10..
SBY  7:56:08 [generic_fifo_lfsr_prove_v2] engine_0: ##   0:00:08  Checking assertions in step 11..
SBY  7:56:21 [generic_fifo_lfsr_prove_v2] engine_0: ##   0:00:21  Checking assertions in step 12..
SBY  7:56:48 [generic_fifo_lfsr_prove_v2] engine_0: ##   0:00:48  Checking assertions in step 13..
SBY  7:57:34 [generic_fifo_lfsr_prove_v2] engine_0: ##   0:01:34  Checking assertions in step 14..
SBY  7:58:34 [generic_fifo_lfsr_prove_v2] engine_0: ##   0:02:34  waiting for solver (1 minute)
SBY  7:58:58 [generic_fifo_lfsr_prove_v2] engine_0: ##   0:02:58  Status: passed
SBY  7:58:58 [generic_fifo_lfsr_prove_v2] engine_0: finished (returncode=0)
SBY  7:58:58 [generic_fifo_lfsr_prove_v2] engine_0: Status returned by engine: pass
SBY  7:58:58 [generic_fifo_lfsr_prove_v2] summary: Elapsed clock time [H:MM:SS (secs)]: 0:02:59 (179)
SBY  7:58:58 [generic_fifo_lfsr_prove_v2] summary: Elapsed process time [H:MM:SS (secs)]: 0:02:58 (178)
SBY  7:58:58 [generic_fifo_lfsr_prove_v2] summary: engine_0 (smtbmc --nopresat z3) returned pass
SBY  7:58:58 [generic_fifo_lfsr_prove_v2] summary: engine_0 did not produce any traces
SBY  7:58:58 [generic_fifo_lfsr_prove_v2] DONE (PASS, rc=0)
