
 /----------------------------------------------------------------------------\
 |  yosys -- Yosys Open SYnthesis Suite                                       |
 |  Copyright (C) 2012 - 2026  Claire Xenia Wolf <claire@yosyshq.com>         |
 |  Distributed under an ISC-like license, type "license" to see terms        |
 \----------------------------------------------------------------------------/
 Yosys 0.62+89 (git sha1 0ed7c5ad5-dirty, clang++ 21.1.2 -fPIC -O3)

-- Executing script file `../model/design.ys' --

1. Executing Verilog-2005 frontend: uart_full.v
Parsing formal SystemVerilog input from `uart_full.v' to AST representation.
Storing AST representation for module `$abstract\uart_full'.
Successfully finished Verilog frontend.

2. Executing Verilog-2005 frontend: uart_tx.v
Parsing formal SystemVerilog input from `uart_tx.v' to AST representation.
Storing AST representation for module `$abstract\uart_tx'.
Successfully finished Verilog frontend.

3. Executing Verilog-2005 frontend: uart_rx.v
Parsing formal SystemVerilog input from `uart_rx.v' to AST representation.
Storing AST representation for module `$abstract\uart_rx'.
Successfully finished Verilog frontend.

4. Executing Verilog-2005 frontend: uart_full_formal_v3.sv
Parsing formal SystemVerilog input from `uart_full_formal_v3.sv' to AST representation.
Storing AST representation for module `$abstract\uart_full_formal_v3'.
Successfully finished Verilog frontend.

5. Executing PREP pass.

5.1. Executing HIERARCHY pass (managing design hierarchy).

5.2. Executing AST frontend in derive mode using pre-parsed AST for module `\uart_full_formal_v3'.
Generating RTLIL representation for module `\uart_full_formal_v3'.

5.2.1. Analyzing design hierarchy..
Top module:  \uart_full_formal_v3
Parameter \CLK_HZ = 100
Parameter \BAUD = 10

5.2.2. Executing AST frontend in derive mode using pre-parsed AST for module `\uart_full'.
Parameter \CLK_HZ = 100
Parameter \BAUD = 10
Generating RTLIL representation for module `$paramod$9246a2b651990f767445b4b7347abbb4f4301e89\uart_full'.

5.2.3. Analyzing design hierarchy..
Top module:  \uart_full_formal_v3
Used module:     $paramod$9246a2b651990f767445b4b7347abbb4f4301e89\uart_full
Parameter \CLK_HZ = 100
Parameter \BAUD = 10

5.2.4. Executing AST frontend in derive mode using pre-parsed AST for module `\uart_rx'.
Parameter \CLK_HZ = 100
Parameter \BAUD = 10
Generating RTLIL representation for module `$paramod$9246a2b651990f767445b4b7347abbb4f4301e89\uart_rx'.
Parameter \CLK_HZ = 100
Parameter \BAUD = 10

5.2.5. Executing AST frontend in derive mode using pre-parsed AST for module `\uart_tx'.
Parameter \CLK_HZ = 100
Parameter \BAUD = 10
Generating RTLIL representation for module `$paramod$9246a2b651990f767445b4b7347abbb4f4301e89\uart_tx'.

5.2.6. Analyzing design hierarchy..
Top module:  \uart_full_formal_v3
Used module:     $paramod$9246a2b651990f767445b4b7347abbb4f4301e89\uart_full
Used module:         $paramod$9246a2b651990f767445b4b7347abbb4f4301e89\uart_rx
Used module:         $paramod$9246a2b651990f767445b4b7347abbb4f4301e89\uart_tx

5.2.7. Analyzing design hierarchy..
Top module:  \uart_full_formal_v3
Used module:     $paramod$9246a2b651990f767445b4b7347abbb4f4301e89\uart_full
Used module:         $paramod$9246a2b651990f767445b4b7347abbb4f4301e89\uart_rx
Used module:         $paramod$9246a2b651990f767445b4b7347abbb4f4301e89\uart_tx
Removing unused module `$abstract\uart_full_formal_v3'.
Removing unused module `$abstract\uart_rx'.
Removing unused module `$abstract\uart_tx'.
Removing unused module `$abstract\uart_full'.
Removed 4 unused modules.
Module uart_full_formal_v3 directly or indirectly contains formal properties -> setting "keep" attribute.

5.3. Executing PROC pass (convert processes to netlists).

5.3.1. Executing PROC_CLEAN pass (remove empty switches from decision trees).
Cleaned up 0 empty switches.

5.3.2. Executing PROC_RMDEAD pass (remove dead branches from decision trees).
Marked 6 switch rules as full_case in process $proc$uart_tx.v:48$132 in module $paramod$9246a2b651990f767445b4b7347abbb4f4301e89\uart_tx.
Marked 8 switch rules as full_case in process $proc$uart_rx.v:51$107 in module $paramod$9246a2b651990f767445b4b7347abbb4f4301e89\uart_rx.
Marked 1 switch rules as full_case in process $proc$uart_full_formal_v3.sv:83$14 in module uart_full_formal_v3.
Marked 1 switch rules as full_case in process $proc$uart_full_formal_v3.sv:78$13 in module uart_full_formal_v3.
Marked 1 switch rules as full_case in process $proc$uart_full_formal_v3.sv:73$11 in module uart_full_formal_v3.
Marked 2 switch rules as full_case in process $proc$uart_full_formal_v3.sv:51$6 in module uart_full_formal_v3.
Removed a total of 0 dead cases.

5.3.3. Executing PROC_PRUNE pass (remove redundant assignments in processes).
Removed 1 redundant assignment.
Promoted 3 assignments to connections.

5.3.4. Executing PROC_INIT pass (extract init attributes).

5.3.5. Executing PROC_ARST pass (detect async resets in processes).

5.3.6. Executing PROC_ROM pass (convert switches to ROMs).
Converted 0 switches.
<suppressed ~43 debug messages>

5.3.7. Executing PROC_MUX pass (convert decision trees to multiplexers).
Creating decoders for process `$paramod$9246a2b651990f767445b4b7347abbb4f4301e89\uart_tx.$proc$uart_tx.v:48$132'.
     1/6: $0\shift_reg[7:0]
     2/6: $0\bit_idx[2:0]
     3/6: $0\baud_cnt[3:0]
     4/6: $0\state[2:0]
     5/6: $0\tx_serial[0:0]
     6/6: $0\tx_busy[0:0]
Creating decoders for process `$paramod$9246a2b651990f767445b4b7347abbb4f4301e89\uart_rx.$proc$uart_rx.v:51$107'.
     1/13: $3$lookahead\shift_reg$106[7:0]$119
     2/13: $3$bitselwrite$pos$uart_rx.v:96$103[2:0]$118
     3/13: $2$lookahead\shift_reg$106[7:0]$113
     4/13: $2$bitselwrite$pos$uart_rx.v:96$103[2:0]$112
     5/13: $1$lookahead\shift_reg$106[7:0]$111
     6/13: $0\rx_valid[0:0]
     7/13: $1$bitselwrite$pos$uart_rx.v:96$103[2:0]$110
     8/13: $0\stop_ok[0:0]
     9/13: $0\bit_idx[2:0]
    10/13: $0\baud_cnt[3:0]
    11/13: $0\state[2:0]
    12/13: $0\rx_busy[0:0]
    13/13: $0\rx_data[7:0]
Creating decoders for process `\uart_full_formal_v3.$proc$uart_full_formal_v3.sv:88$18'.
     1/26: $assert$uart_full_formal_v3.sv:136$102_EN
     2/26: $assert$uart_full_formal_v3.sv:132$99_EN
     3/26: $assert$uart_full_formal_v3.sv:131$97_EN
     4/26: $assert$uart_full_formal_v3.sv:127$93_EN
     5/26: $assert$uart_full_formal_v3.sv:124$87_EN
     6/26: $assert$uart_full_formal_v3.sv:123$83_EN
     7/26: $assert$uart_full_formal_v3.sv:122$79_EN
     8/26: $assert$uart_full_formal_v3.sv:121$75_EN
     9/26: $assert$uart_full_formal_v3.sv:120$71_EN
    10/26: $assert$uart_full_formal_v3.sv:119$67_EN
    11/26: $assert$uart_full_formal_v3.sv:118$63_EN
    12/26: $assert$uart_full_formal_v3.sv:117$59_EN
    13/26: $assert$uart_full_formal_v3.sv:114$55_EN
    14/26: $assert$uart_full_formal_v3.sv:110$49_EN
    15/26: $assert$uart_full_formal_v3.sv:106$43_EN
    16/26: $assert$uart_full_formal_v3.sv:105$41_EN
    17/26: $assert$uart_full_formal_v3.sv:101$38_EN
    18/26: $assert$uart_full_formal_v3.sv:100$36_EN
    19/26: $cover$uart_full_formal_v3.sv:97$34_EN
    20/26: $cover$uart_full_formal_v3.sv:96$32_EN
    21/26: $cover$uart_full_formal_v3.sv:95$30_EN
    22/26: $cover$uart_full_formal_v3.sv:94$28_EN
    23/26: $cover$uart_full_formal_v3.sv:93$26_EN
    24/26: $cover$uart_full_formal_v3.sv:92$24_EN
    25/26: $cover$uart_full_formal_v3.sv:91$22_EN
    26/26: $cover$uart_full_formal_v3.sv:90$20_EN
Creating decoders for process `\uart_full_formal_v3.$proc$uart_full_formal_v3.sv:83$14'.
     1/2: $assume$uart_full_formal_v3.sv:85$16_EN
     2/2: $assume$uart_full_formal_v3.sv:84$15_EN
Creating decoders for process `\uart_full_formal_v3.$proc$uart_full_formal_v3.sv:78$13'.
     1/1: $0\rx_valid_seen[0:0]
Creating decoders for process `\uart_full_formal_v3.$proc$uart_full_formal_v3.sv:73$11'.
     1/1: $0\cycle_cnt[31:0]
Creating decoders for process `\uart_full_formal_v3.$proc$uart_full_formal_v3.sv:51$6'.
     1/4: $0\active[0:0]
     2/4: $0\phase_cnt[31:0]
     3/4: $0\tx_latched[7:0]
     4/4: $0\fired[0:0]

5.3.8. Executing PROC_DLATCH pass (convert process syncs to latches).

5.3.9. Executing PROC_DFF pass (convert process syncs to FFs).
Creating register for signal `$paramod$9246a2b651990f767445b4b7347abbb4f4301e89\uart_tx.\tx_busy' using process `$paramod$9246a2b651990f767445b4b7347abbb4f4301e89\uart_tx.$proc$uart_tx.v:48$132'.
  created $dff cell `$procdff$508' with positive edge clock.
Creating register for signal `$paramod$9246a2b651990f767445b4b7347abbb4f4301e89\uart_tx.\tx_serial' using process `$paramod$9246a2b651990f767445b4b7347abbb4f4301e89\uart_tx.$proc$uart_tx.v:48$132'.
  created $dff cell `$procdff$509' with positive edge clock.
Creating register for signal `$paramod$9246a2b651990f767445b4b7347abbb4f4301e89\uart_tx.\state' using process `$paramod$9246a2b651990f767445b4b7347abbb4f4301e89\uart_tx.$proc$uart_tx.v:48$132'.
  created $dff cell `$procdff$510' with positive edge clock.
Creating register for signal `$paramod$9246a2b651990f767445b4b7347abbb4f4301e89\uart_tx.\baud_cnt' using process `$paramod$9246a2b651990f767445b4b7347abbb4f4301e89\uart_tx.$proc$uart_tx.v:48$132'.
  created $dff cell `$procdff$511' with positive edge clock.
Creating register for signal `$paramod$9246a2b651990f767445b4b7347abbb4f4301e89\uart_tx.\bit_idx' using process `$paramod$9246a2b651990f767445b4b7347abbb4f4301e89\uart_tx.$proc$uart_tx.v:48$132'.
  created $dff cell `$procdff$512' with positive edge clock.
Creating register for signal `$paramod$9246a2b651990f767445b4b7347abbb4f4301e89\uart_tx.\shift_reg' using process `$paramod$9246a2b651990f767445b4b7347abbb4f4301e89\uart_tx.$proc$uart_tx.v:48$132'.
  created $dff cell `$procdff$513' with positive edge clock.
Creating register for signal `$paramod$9246a2b651990f767445b4b7347abbb4f4301e89\uart_rx.\rx_data' using process `$paramod$9246a2b651990f767445b4b7347abbb4f4301e89\uart_rx.$proc$uart_rx.v:51$107'.
  created $dff cell `$procdff$514' with positive edge clock.
Creating register for signal `$paramod$9246a2b651990f767445b4b7347abbb4f4301e89\uart_rx.\rx_valid' using process `$paramod$9246a2b651990f767445b4b7347abbb4f4301e89\uart_rx.$proc$uart_rx.v:51$107'.
  created $dff cell `$procdff$515' with positive edge clock.
Creating register for signal `$paramod$9246a2b651990f767445b4b7347abbb4f4301e89\uart_rx.\rx_busy' using process `$paramod$9246a2b651990f767445b4b7347abbb4f4301e89\uart_rx.$proc$uart_rx.v:51$107'.
  created $dff cell `$procdff$516' with positive edge clock.
Creating register for signal `$paramod$9246a2b651990f767445b4b7347abbb4f4301e89\uart_rx.\state' using process `$paramod$9246a2b651990f767445b4b7347abbb4f4301e89\uart_rx.$proc$uart_rx.v:51$107'.
  created $dff cell `$procdff$517' with positive edge clock.
Creating register for signal `$paramod$9246a2b651990f767445b4b7347abbb4f4301e89\uart_rx.\baud_cnt' using process `$paramod$9246a2b651990f767445b4b7347abbb4f4301e89\uart_rx.$proc$uart_rx.v:51$107'.
  created $dff cell `$procdff$518' with positive edge clock.
Creating register for signal `$paramod$9246a2b651990f767445b4b7347abbb4f4301e89\uart_rx.\bit_idx' using process `$paramod$9246a2b651990f767445b4b7347abbb4f4301e89\uart_rx.$proc$uart_rx.v:51$107'.
  created $dff cell `$procdff$519' with positive edge clock.
Creating register for signal `$paramod$9246a2b651990f767445b4b7347abbb4f4301e89\uart_rx.\shift_reg' using process `$paramod$9246a2b651990f767445b4b7347abbb4f4301e89\uart_rx.$proc$uart_rx.v:51$107'.
  created $dff cell `$procdff$520' with positive edge clock.
Creating register for signal `$paramod$9246a2b651990f767445b4b7347abbb4f4301e89\uart_rx.\stop_ok' using process `$paramod$9246a2b651990f767445b4b7347abbb4f4301e89\uart_rx.$proc$uart_rx.v:51$107'.
  created $dff cell `$procdff$521' with positive edge clock.
Creating register for signal `$paramod$9246a2b651990f767445b4b7347abbb4f4301e89\uart_rx.$bitselwrite$pos$uart_rx.v:96$103' using process `$paramod$9246a2b651990f767445b4b7347abbb4f4301e89\uart_rx.$proc$uart_rx.v:51$107'.
  created $dff cell `$procdff$522' with positive edge clock.
Creating register for signal `$paramod$9246a2b651990f767445b4b7347abbb4f4301e89\uart_rx.$lookahead\shift_reg$106' using process `$paramod$9246a2b651990f767445b4b7347abbb4f4301e89\uart_rx.$proc$uart_rx.v:51$107'.
  created $dff cell `$procdff$523' with positive edge clock.
Creating register for signal `\uart_full_formal_v3.\rx_valid_seen' using process `\uart_full_formal_v3.$proc$uart_full_formal_v3.sv:78$13'.
  created $ff cell `$procdff$524' with global clock.
Creating register for signal `\uart_full_formal_v3.\cycle_cnt' using process `\uart_full_formal_v3.$proc$uart_full_formal_v3.sv:73$11'.
  created $ff cell `$procdff$525' with global clock.
Creating register for signal `\uart_full_formal_v3.\fired' using process `\uart_full_formal_v3.$proc$uart_full_formal_v3.sv:51$6'.
  created $ff cell `$procdff$526' with global clock.
Creating register for signal `\uart_full_formal_v3.\tx_latched' using process `\uart_full_formal_v3.$proc$uart_full_formal_v3.sv:51$6'.
  created $ff cell `$procdff$527' with global clock.
Creating register for signal `\uart_full_formal_v3.\phase_cnt' using process `\uart_full_formal_v3.$proc$uart_full_formal_v3.sv:51$6'.
  created $ff cell `$procdff$528' with global clock.
Creating register for signal `\uart_full_formal_v3.\active' using process `\uart_full_formal_v3.$proc$uart_full_formal_v3.sv:51$6'.
  created $ff cell `$procdff$529' with global clock.

5.3.10. Executing PROC_MEMWR pass (convert process memory writes to cells).

5.3.11. Executing PROC_CLEAN pass (remove empty switches from decision trees).
Found and cleaned up 7 empty switches in `$paramod$9246a2b651990f767445b4b7347abbb4f4301e89\uart_tx.$proc$uart_tx.v:48$132'.
Removing empty process `$paramod$9246a2b651990f767445b4b7347abbb4f4301e89\uart_tx.$proc$uart_tx.v:48$132'.
Found and cleaned up 11 empty switches in `$paramod$9246a2b651990f767445b4b7347abbb4f4301e89\uart_rx.$proc$uart_rx.v:51$107'.
Removing empty process `$paramod$9246a2b651990f767445b4b7347abbb4f4301e89\uart_rx.$proc$uart_rx.v:51$107'.
Found and cleaned up 16 empty switches in `\uart_full_formal_v3.$proc$uart_full_formal_v3.sv:88$18'.
Removing empty process `uart_full_formal_v3.$proc$uart_full_formal_v3.sv:88$18'.
Found and cleaned up 1 empty switch in `\uart_full_formal_v3.$proc$uart_full_formal_v3.sv:83$14'.
Removing empty process `uart_full_formal_v3.$proc$uart_full_formal_v3.sv:83$14'.
Found and cleaned up 2 empty switches in `\uart_full_formal_v3.$proc$uart_full_formal_v3.sv:78$13'.
Removing empty process `uart_full_formal_v3.$proc$uart_full_formal_v3.sv:78$13'.
Found and cleaned up 2 empty switches in `\uart_full_formal_v3.$proc$uart_full_formal_v3.sv:73$11'.
Removing empty process `uart_full_formal_v3.$proc$uart_full_formal_v3.sv:73$11'.
Found and cleaned up 4 empty switches in `\uart_full_formal_v3.$proc$uart_full_formal_v3.sv:51$6'.
Removing empty process `uart_full_formal_v3.$proc$uart_full_formal_v3.sv:51$6'.
Cleaned up 43 empty switches.

5.3.12. Executing OPT_EXPR pass (perform const folding).
Optimizing module $paramod$9246a2b651990f767445b4b7347abbb4f4301e89\uart_tx.
<suppressed ~6 debug messages>
Optimizing module $paramod$9246a2b651990f767445b4b7347abbb4f4301e89\uart_rx.
<suppressed ~9 debug messages>
Optimizing module $paramod$9246a2b651990f767445b4b7347abbb4f4301e89\uart_full.
Optimizing module uart_full_formal_v3.
<suppressed ~47 debug messages>

5.4. Executing FUTURE pass.

5.5. Executing OPT_EXPR pass (perform const folding).
Optimizing module $paramod$9246a2b651990f767445b4b7347abbb4f4301e89\uart_tx.
Optimizing module $paramod$9246a2b651990f767445b4b7347abbb4f4301e89\uart_rx.
Optimizing module $paramod$9246a2b651990f767445b4b7347abbb4f4301e89\uart_full.
Optimizing module uart_full_formal_v3.

5.6. Executing OPT_CLEAN pass (remove unused cells and wires).
Finding unused cells or wires in module $paramod$9246a2b651990f767445b4b7347abbb4f4301e89\uart_tx..
Finding unused cells or wires in module $paramod$9246a2b651990f767445b4b7347abbb4f4301e89\uart_rx..
Finding unused cells or wires in module $paramod$9246a2b651990f767445b4b7347abbb4f4301e89\uart_full..
Finding unused cells or wires in module \uart_full_formal_v3..
Removed 14 unused cells and 198 unused wires.
<suppressed ~17 debug messages>

5.7. Executing CHECK pass (checking for obvious problems).
Checking module $paramod$9246a2b651990f767445b4b7347abbb4f4301e89\uart_tx...
Checking module $paramod$9246a2b651990f767445b4b7347abbb4f4301e89\uart_rx...
Checking module $paramod$9246a2b651990f767445b4b7347abbb4f4301e89\uart_full...
Checking module uart_full_formal_v3...
Warning: Wire uart_full_formal_v3.\clk is used but has no driver.
Warning: Wire uart_full_formal_v3.\rst is used but has no driver.
Found and reported 2 problems.

5.8. Executing OPT pass (performing simple optimizations).

5.8.1. Executing OPT_EXPR pass (perform const folding).
Optimizing module $paramod$9246a2b651990f767445b4b7347abbb4f4301e89\uart_tx.
Optimizing module $paramod$9246a2b651990f767445b4b7347abbb4f4301e89\uart_rx.
Optimizing module $paramod$9246a2b651990f767445b4b7347abbb4f4301e89\uart_full.
Optimizing module uart_full_formal_v3.

5.8.2. Executing OPT_MERGE pass (detect identical cells).
Finding identical cells in module `$paramod$9246a2b651990f767445b4b7347abbb4f4301e89\uart_tx'.
Computing hashes of 56 cells of `$paramod$9246a2b651990f767445b4b7347abbb4f4301e89\uart_tx'.
Finding duplicate cells in `$paramod$9246a2b651990f767445b4b7347abbb4f4301e89\uart_tx'.
Computing hashes of 40 cells of `$paramod$9246a2b651990f767445b4b7347abbb4f4301e89\uart_tx'.
Finding duplicate cells in `$paramod$9246a2b651990f767445b4b7347abbb4f4301e89\uart_tx'.
<suppressed ~48 debug messages>
Finding identical cells in module `$paramod$9246a2b651990f767445b4b7347abbb4f4301e89\uart_rx'.
Computing hashes of 83 cells of `$paramod$9246a2b651990f767445b4b7347abbb4f4301e89\uart_rx'.
Finding duplicate cells in `$paramod$9246a2b651990f767445b4b7347abbb4f4301e89\uart_rx'.
Computing hashes of 64 cells of `$paramod$9246a2b651990f767445b4b7347abbb4f4301e89\uart_rx'.
Finding duplicate cells in `$paramod$9246a2b651990f767445b4b7347abbb4f4301e89\uart_rx'.
<suppressed ~57 debug messages>
Finding identical cells in module `$paramod$9246a2b651990f767445b4b7347abbb4f4301e89\uart_full'.
Computing hashes of 2 cells of `$paramod$9246a2b651990f767445b4b7347abbb4f4301e89\uart_full'.
Finding duplicate cells in `$paramod$9246a2b651990f767445b4b7347abbb4f4301e89\uart_full'.
Finding identical cells in module `\uart_full_formal_v3'.
Computing hashes of 154 cells of `\uart_full_formal_v3'.
Finding duplicate cells in `\uart_full_formal_v3'.
Computing hashes of 149 cells of `\uart_full_formal_v3'.
Finding duplicate cells in `\uart_full_formal_v3'.
<suppressed ~15 debug messages>
Removed a total of 40 cells.

5.8.3. Executing OPT_MUXTREE pass (detect dead branches in mux trees).
Running muxtree optimizer on module $paramod$9246a2b651990f767445b4b7347abbb4f4301e89\uart_tx..
  Creating internal representation of mux trees.
  Evaluating internal representation of mux trees.
  Analyzing evaluation results.
Running muxtree optimizer on module $paramod$9246a2b651990f767445b4b7347abbb4f4301e89\uart_rx..
  Creating internal representation of mux trees.
  Evaluating internal representation of mux trees.
  Analyzing evaluation results.
    dead port 1/2 on $mux $procmux$252.
    dead port 1/2 on $mux $procmux$235.
    dead port 2/2 on $mux $procmux$232.
Running muxtree optimizer on module $paramod$9246a2b651990f767445b4b7347abbb4f4301e89\uart_full..
  Creating internal representation of mux trees.
  No muxes found in this module.
Running muxtree optimizer on module \uart_full_formal_v3..
  Creating internal representation of mux trees.
  Evaluating internal representation of mux trees.
      Replacing known input bits on port B of cell $procmux$503: \fired -> 1'1
  Analyzing evaluation results.
Removed 3 multiplexer ports.
<suppressed ~174 debug messages>

5.8.4. Executing OPT_REDUCE pass (consolidate $*mux and $reduce_* inputs).
  Optimizing cells in module $paramod$9246a2b651990f767445b4b7347abbb4f4301e89\uart_tx.
    New ctrl vector for $pmux cell $procmux$207: { $procmux$210_CMP $procmux$209_CMP $auto$opt_reduce.cc:137:opt_pmux$531 }
  Optimizing cells in module $paramod$9246a2b651990f767445b4b7347abbb4f4301e89\uart_tx.
  Optimizing cells in module $paramod$9246a2b651990f767445b4b7347abbb4f4301e89\uart_rx.
  Optimizing cells in module $paramod$9246a2b651990f767445b4b7347abbb4f4301e89\uart_full.
  Optimizing cells in module \uart_full_formal_v3.
  Optimizing cells in module \uart_full_formal_v3.
Performed a total of 2 changes.

5.8.5. Executing OPT_MERGE pass (detect identical cells).
Finding identical cells in module `$paramod$9246a2b651990f767445b4b7347abbb4f4301e89\uart_tx'.
Computing hashes of 41 cells of `$paramod$9246a2b651990f767445b4b7347abbb4f4301e89\uart_tx'.
Finding duplicate cells in `$paramod$9246a2b651990f767445b4b7347abbb4f4301e89\uart_tx'.
Computing hashes of 39 cells of `$paramod$9246a2b651990f767445b4b7347abbb4f4301e89\uart_tx'.
Finding duplicate cells in `$paramod$9246a2b651990f767445b4b7347abbb4f4301e89\uart_tx'.
<suppressed ~6 debug messages>
Finding identical cells in module `$paramod$9246a2b651990f767445b4b7347abbb4f4301e89\uart_rx'.
Computing hashes of 61 cells of `$paramod$9246a2b651990f767445b4b7347abbb4f4301e89\uart_rx'.
Finding duplicate cells in `$paramod$9246a2b651990f767445b4b7347abbb4f4301e89\uart_rx'.
Computing hashes of 59 cells of `$paramod$9246a2b651990f767445b4b7347abbb4f4301e89\uart_rx'.
Finding duplicate cells in `$paramod$9246a2b651990f767445b4b7347abbb4f4301e89\uart_rx'.
<suppressed ~6 debug messages>
Finding identical cells in module `$paramod$9246a2b651990f767445b4b7347abbb4f4301e89\uart_full'.
Computing hashes of 2 cells of `$paramod$9246a2b651990f767445b4b7347abbb4f4301e89\uart_full'.
Finding duplicate cells in `$paramod$9246a2b651990f767445b4b7347abbb4f4301e89\uart_full'.
Finding identical cells in module `\uart_full_formal_v3'.
Computing hashes of 148 cells of `\uart_full_formal_v3'.
Finding duplicate cells in `\uart_full_formal_v3'.
Computing hashes of 137 cells of `\uart_full_formal_v3'.
Finding duplicate cells in `\uart_full_formal_v3'.
Computing hashes of 134 cells of `\uart_full_formal_v3'.
Finding duplicate cells in `\uart_full_formal_v3'.
<suppressed ~42 debug messages>
Removed a total of 18 cells.

5.8.6. Executing OPT_CLEAN pass (remove unused cells and wires).
Finding unused cells or wires in module $paramod$9246a2b651990f767445b4b7347abbb4f4301e89\uart_tx..
Finding unused cells or wires in module $paramod$9246a2b651990f767445b4b7347abbb4f4301e89\uart_rx..
Finding unused cells or wires in module $paramod$9246a2b651990f767445b4b7347abbb4f4301e89\uart_full..
Finding unused cells or wires in module \uart_full_formal_v3..
Removed 0 unused cells and 62 unused wires.
<suppressed ~3 debug messages>

5.8.7. Executing OPT_EXPR pass (perform const folding).
Optimizing module $paramod$9246a2b651990f767445b4b7347abbb4f4301e89\uart_tx.
Optimizing module $paramod$9246a2b651990f767445b4b7347abbb4f4301e89\uart_rx.
Optimizing module $paramod$9246a2b651990f767445b4b7347abbb4f4301e89\uart_full.
Optimizing module uart_full_formal_v3.

5.8.8. Rerunning OPT passes. (Maybe there is more to do..)

5.8.9. Executing OPT_MUXTREE pass (detect dead branches in mux trees).
Running muxtree optimizer on module $paramod$9246a2b651990f767445b4b7347abbb4f4301e89\uart_tx..
  Creating internal representation of mux trees.
  Evaluating internal representation of mux trees.
  Analyzing evaluation results.
Running muxtree optimizer on module $paramod$9246a2b651990f767445b4b7347abbb4f4301e89\uart_rx..
  Creating internal representation of mux trees.
  Evaluating internal representation of mux trees.
  Analyzing evaluation results.
Running muxtree optimizer on module $paramod$9246a2b651990f767445b4b7347abbb4f4301e89\uart_full..
  Creating internal representation of mux trees.
  No muxes found in this module.
Running muxtree optimizer on module \uart_full_formal_v3..
  Creating internal representation of mux trees.
  Evaluating internal representation of mux trees.
  Analyzing evaluation results.
Removed 0 multiplexer ports.
<suppressed ~147 debug messages>

5.8.10. Executing OPT_REDUCE pass (consolidate $*mux and $reduce_* inputs).
  Optimizing cells in module $paramod$9246a2b651990f767445b4b7347abbb4f4301e89\uart_tx.
    New ctrl vector for $pmux cell $procmux$169: { $procmux$147_CMP $auto$opt_reduce.cc:137:opt_pmux$533 }
  Optimizing cells in module $paramod$9246a2b651990f767445b4b7347abbb4f4301e89\uart_tx.
  Optimizing cells in module $paramod$9246a2b651990f767445b4b7347abbb4f4301e89\uart_rx.
    New ctrl vector for $pmux cell $procmux$305: { $procmux$283_CMP $procmux$317_CMP $auto$opt_reduce.cc:137:opt_pmux$535 }
  Optimizing cells in module $paramod$9246a2b651990f767445b4b7347abbb4f4301e89\uart_rx.
  Optimizing cells in module $paramod$9246a2b651990f767445b4b7347abbb4f4301e89\uart_full.
  Optimizing cells in module \uart_full_formal_v3.
Performed a total of 2 changes.

5.8.11. Executing OPT_MERGE pass (detect identical cells).
Finding identical cells in module `$paramod$9246a2b651990f767445b4b7347abbb4f4301e89\uart_tx'.
Computing hashes of 40 cells of `$paramod$9246a2b651990f767445b4b7347abbb4f4301e89\uart_tx'.
Finding duplicate cells in `$paramod$9246a2b651990f767445b4b7347abbb4f4301e89\uart_tx'.
Finding identical cells in module `$paramod$9246a2b651990f767445b4b7347abbb4f4301e89\uart_rx'.
Computing hashes of 60 cells of `$paramod$9246a2b651990f767445b4b7347abbb4f4301e89\uart_rx'.
Finding duplicate cells in `$paramod$9246a2b651990f767445b4b7347abbb4f4301e89\uart_rx'.
Finding identical cells in module `$paramod$9246a2b651990f767445b4b7347abbb4f4301e89\uart_full'.
Computing hashes of 2 cells of `$paramod$9246a2b651990f767445b4b7347abbb4f4301e89\uart_full'.
Finding duplicate cells in `$paramod$9246a2b651990f767445b4b7347abbb4f4301e89\uart_full'.
Finding identical cells in module `\uart_full_formal_v3'.
Computing hashes of 134 cells of `\uart_full_formal_v3'.
Finding duplicate cells in `\uart_full_formal_v3'.
Removed a total of 0 cells.

5.8.12. Executing OPT_CLEAN pass (remove unused cells and wires).
Finding unused cells or wires in module $paramod$9246a2b651990f767445b4b7347abbb4f4301e89\uart_tx..
Finding unused cells or wires in module $paramod$9246a2b651990f767445b4b7347abbb4f4301e89\uart_rx..
Finding unused cells or wires in module $paramod$9246a2b651990f767445b4b7347abbb4f4301e89\uart_full..
Finding unused cells or wires in module \uart_full_formal_v3..

5.8.13. Executing OPT_EXPR pass (perform const folding).
Optimizing module $paramod$9246a2b651990f767445b4b7347abbb4f4301e89\uart_tx.
Optimizing module $paramod$9246a2b651990f767445b4b7347abbb4f4301e89\uart_rx.
Optimizing module $paramod$9246a2b651990f767445b4b7347abbb4f4301e89\uart_full.
Optimizing module uart_full_formal_v3.

5.8.14. Rerunning OPT passes. (Maybe there is more to do..)

5.8.15. Executing OPT_MUXTREE pass (detect dead branches in mux trees).
Running muxtree optimizer on module $paramod$9246a2b651990f767445b4b7347abbb4f4301e89\uart_tx..
  Creating internal representation of mux trees.
  Evaluating internal representation of mux trees.
  Analyzing evaluation results.
Running muxtree optimizer on module $paramod$9246a2b651990f767445b4b7347abbb4f4301e89\uart_rx..
  Creating internal representation of mux trees.
  Evaluating internal representation of mux trees.
  Analyzing evaluation results.
Running muxtree optimizer on module $paramod$9246a2b651990f767445b4b7347abbb4f4301e89\uart_full..
  Creating internal representation of mux trees.
  No muxes found in this module.
Running muxtree optimizer on module \uart_full_formal_v3..
  Creating internal representation of mux trees.
  Evaluating internal representation of mux trees.
  Analyzing evaluation results.
Removed 0 multiplexer ports.
<suppressed ~144 debug messages>

5.8.16. Executing OPT_REDUCE pass (consolidate $*mux and $reduce_* inputs).
  Optimizing cells in module $paramod$9246a2b651990f767445b4b7347abbb4f4301e89\uart_tx.
  Optimizing cells in module $paramod$9246a2b651990f767445b4b7347abbb4f4301e89\uart_rx.
  Optimizing cells in module $paramod$9246a2b651990f767445b4b7347abbb4f4301e89\uart_full.
  Optimizing cells in module \uart_full_formal_v3.
Performed a total of 0 changes.

5.8.17. Executing OPT_MERGE pass (detect identical cells).
Finding identical cells in module `$paramod$9246a2b651990f767445b4b7347abbb4f4301e89\uart_tx'.
Computing hashes of 40 cells of `$paramod$9246a2b651990f767445b4b7347abbb4f4301e89\uart_tx'.
Finding duplicate cells in `$paramod$9246a2b651990f767445b4b7347abbb4f4301e89\uart_tx'.
Finding identical cells in module `$paramod$9246a2b651990f767445b4b7347abbb4f4301e89\uart_rx'.
Computing hashes of 60 cells of `$paramod$9246a2b651990f767445b4b7347abbb4f4301e89\uart_rx'.
Finding duplicate cells in `$paramod$9246a2b651990f767445b4b7347abbb4f4301e89\uart_rx'.
Finding identical cells in module `$paramod$9246a2b651990f767445b4b7347abbb4f4301e89\uart_full'.
Computing hashes of 2 cells of `$paramod$9246a2b651990f767445b4b7347abbb4f4301e89\uart_full'.
Finding duplicate cells in `$paramod$9246a2b651990f767445b4b7347abbb4f4301e89\uart_full'.
Finding identical cells in module `\uart_full_formal_v3'.
Computing hashes of 134 cells of `\uart_full_formal_v3'.
Finding duplicate cells in `\uart_full_formal_v3'.
Removed a total of 0 cells.

5.8.18. Executing OPT_CLEAN pass (remove unused cells and wires).
Finding unused cells or wires in module $paramod$9246a2b651990f767445b4b7347abbb4f4301e89\uart_tx..
Finding unused cells or wires in module $paramod$9246a2b651990f767445b4b7347abbb4f4301e89\uart_rx..
Finding unused cells or wires in module $paramod$9246a2b651990f767445b4b7347abbb4f4301e89\uart_full..
Finding unused cells or wires in module \uart_full_formal_v3..

5.8.19. Executing OPT_EXPR pass (perform const folding).
Optimizing module $paramod$9246a2b651990f767445b4b7347abbb4f4301e89\uart_tx.
Optimizing module $paramod$9246a2b651990f767445b4b7347abbb4f4301e89\uart_rx.
Optimizing module $paramod$9246a2b651990f767445b4b7347abbb4f4301e89\uart_full.
Optimizing module uart_full_formal_v3.

5.8.20. Finished fast OPT passes. (There is nothing left to do.)

5.9. Executing WREDUCE pass (reducing word size of cells).
Removed top 1 bits (of 3) from port B of cell $paramod$9246a2b651990f767445b4b7347abbb4f4301e89\uart_tx.$procmux$209_CMP0 ($eq).
Removed top 2 bits (of 3) from port B of cell $paramod$9246a2b651990f767445b4b7347abbb4f4301e89\uart_tx.$procmux$210_CMP0 ($eq).
Removed top 1 bits (of 3) from port B of cell $paramod$9246a2b651990f767445b4b7347abbb4f4301e89\uart_tx.$procmux$220_CMP0 ($eq).
Removed top 1 bits (of 4) from port B of cell $paramod$9246a2b651990f767445b4b7347abbb4f4301e89\uart_rx.$eq$uart_rx.v:48$104 ($eq).
Converting cell $paramod$9246a2b651990f767445b4b7347abbb4f4301e89\uart_rx.$neg$uart_rx.v:96$124 ($neg) from signed to unsigned.
Removed top 1 bits (of 4) from port A of cell $paramod$9246a2b651990f767445b4b7347abbb4f4301e89\uart_rx.$neg$uart_rx.v:96$124 ($neg).
Removed top 1 bits (of 3) from port B of cell $paramod$9246a2b651990f767445b4b7347abbb4f4301e89\uart_rx.$procmux$354_CMP0 ($eq).
Removed top 2 bits (of 3) from port B of cell $paramod$9246a2b651990f767445b4b7347abbb4f4301e89\uart_rx.$procmux$358_CMP0 ($eq).
Removed top 1 bits (of 3) from port B of cell $paramod$9246a2b651990f767445b4b7347abbb4f4301e89\uart_rx.$procmux$372_CMP0 ($eq).
Removed top 30 bits (of 32) from port B of cell uart_full_formal_v3.$add$uart_full_formal_v3.sv:64$8 ($add).
Removed top 24 bits (of 32) from port B of cell uart_full_formal_v3.$eq$uart_full_formal_v3.sv:67$9 ($eq).
Removed top 30 bits (of 32) from port B of cell uart_full_formal_v3.$add$uart_full_formal_v3.sv:75$12 ($add).
Removed top 30 bits (of 32) from port B of cell uart_full_formal_v3.$ge$uart_full_formal_v3.sv:109$45 ($ge).
Removed top 31 bits (of 32) from port B of cell uart_full_formal_v3.$ge$uart_full_formal_v3.sv:113$51 ($ge).
Removed top 27 bits (of 32) from port B of cell uart_full_formal_v3.$lt$uart_full_formal_v3.sv:113$53 ($lt).
Removed top 27 bits (of 32) from port B of cell uart_full_formal_v3.$eq$uart_full_formal_v3.sv:117$57 ($eq).
Removed top 26 bits (of 32) from port B of cell uart_full_formal_v3.$eq$uart_full_formal_v3.sv:118$61 ($eq).
Removed top 25 bits (of 32) from port B of cell uart_full_formal_v3.$eq$uart_full_formal_v3.sv:119$65 ($eq).
Removed top 25 bits (of 32) from port B of cell uart_full_formal_v3.$eq$uart_full_formal_v3.sv:120$69 ($eq).
Removed top 25 bits (of 32) from port B of cell uart_full_formal_v3.$eq$uart_full_formal_v3.sv:121$73 ($eq).
Removed top 24 bits (of 32) from port B of cell uart_full_formal_v3.$eq$uart_full_formal_v3.sv:122$77 ($eq).
Removed top 24 bits (of 32) from port B of cell uart_full_formal_v3.$eq$uart_full_formal_v3.sv:123$81 ($eq).
Removed top 24 bits (of 32) from port B of cell uart_full_formal_v3.$eq$uart_full_formal_v3.sv:124$85 ($eq).
Removed top 24 bits (of 32) from port B of cell uart_full_formal_v3.$ge$uart_full_formal_v3.sv:126$89 ($ge).
Removed top 24 bits (of 32) from port B of cell uart_full_formal_v3.$lt$uart_full_formal_v3.sv:126$91 ($lt).
Removed top 24 bits (of 32) from port B of cell uart_full_formal_v3.$eq$uart_full_formal_v3.sv:135$101 ($eq).

5.10. Executing OPT_CLEAN pass (remove unused cells and wires).
Finding unused cells or wires in module $paramod$9246a2b651990f767445b4b7347abbb4f4301e89\uart_tx..
Finding unused cells or wires in module $paramod$9246a2b651990f767445b4b7347abbb4f4301e89\uart_rx..
Finding unused cells or wires in module $paramod$9246a2b651990f767445b4b7347abbb4f4301e89\uart_full..
Finding unused cells or wires in module \uart_full_formal_v3..

5.11. Executing MEMORY_COLLECT pass (generating $mem cells).

5.12. Executing OPT pass (performing simple optimizations).

5.12.1. Executing OPT_EXPR pass (perform const folding).
Optimizing module $paramod$9246a2b651990f767445b4b7347abbb4f4301e89\uart_tx.
Optimizing module $paramod$9246a2b651990f767445b4b7347abbb4f4301e89\uart_rx.
Optimizing module $paramod$9246a2b651990f767445b4b7347abbb4f4301e89\uart_full.
Optimizing module uart_full_formal_v3.

5.12.2. Executing OPT_MERGE pass (detect identical cells).
Finding identical cells in module `$paramod$9246a2b651990f767445b4b7347abbb4f4301e89\uart_tx'.
Computing hashes of 40 cells of `$paramod$9246a2b651990f767445b4b7347abbb4f4301e89\uart_tx'.
Finding duplicate cells in `$paramod$9246a2b651990f767445b4b7347abbb4f4301e89\uart_tx'.
Finding identical cells in module `$paramod$9246a2b651990f767445b4b7347abbb4f4301e89\uart_rx'.
Computing hashes of 60 cells of `$paramod$9246a2b651990f767445b4b7347abbb4f4301e89\uart_rx'.
Finding duplicate cells in `$paramod$9246a2b651990f767445b4b7347abbb4f4301e89\uart_rx'.
Finding identical cells in module `$paramod$9246a2b651990f767445b4b7347abbb4f4301e89\uart_full'.
Computing hashes of 2 cells of `$paramod$9246a2b651990f767445b4b7347abbb4f4301e89\uart_full'.
Finding duplicate cells in `$paramod$9246a2b651990f767445b4b7347abbb4f4301e89\uart_full'.
Finding identical cells in module `\uart_full_formal_v3'.
Computing hashes of 134 cells of `\uart_full_formal_v3'.
Finding duplicate cells in `\uart_full_formal_v3'.
Removed a total of 0 cells.

5.12.3. Executing OPT_CLEAN pass (remove unused cells and wires).
Finding unused cells or wires in module $paramod$9246a2b651990f767445b4b7347abbb4f4301e89\uart_tx..
Finding unused cells or wires in module $paramod$9246a2b651990f767445b4b7347abbb4f4301e89\uart_rx..
Finding unused cells or wires in module $paramod$9246a2b651990f767445b4b7347abbb4f4301e89\uart_full..
Finding unused cells or wires in module \uart_full_formal_v3..

5.12.4. Finished fast OPT passes.

5.13. Executing SORT pass.

5.14. Printing statistics.

=== $paramod$9246a2b651990f767445b4b7347abbb4f4301e89\uart_full ===

        +----------Local Count, excluding submodules.
        | 
       10 wires
       24 wire bits
       10 public wires
       24 public wire bits
       10 ports
       24 port bits
        2 submodules
        1   $paramod$9246a2b651990f767445b4b7347abbb4f4301e89\uart_rx
        1   $paramod$9246a2b651990f767445b4b7347abbb4f4301e89\uart_tx

=== $paramod$9246a2b651990f767445b4b7347abbb4f4301e89\uart_rx ===

        +----------Local Count, excluding submodules.
        | 
       63 wires
      212 wire bits
       13 public wires
       34 public wire bits
        6 ports
       13 port bits
       60 cells
        2   $add
        1   $and
        8   $dff
        6   $eq
        1   $logic_and
        1   $logic_not
       30   $mux
        1   $neg
        1   $not
        1   $or
        5   $pmux
        1   $reduce_or
        2   $shift

=== $paramod$9246a2b651990f767445b4b7347abbb4f4301e89\uart_tx ===

        +----------Local Count, excluding submodules.
        | 
       44 wires
      129 wire bits
       11 public wires
       32 public wire bits
        6 ports
       13 port bits
       40 cells
        2   $add
        6   $dff
        5   $eq
        1   $logic_not
       18   $mux
        6   $pmux
        2   $reduce_or

=== uart_full_formal_v3 ===

        +----------Local Count, excluding submodules.
        | 
      113 wires
      427 wire bits
       16 public wires
       99 public wire bits
      133 cells
        2   $add
        1   $anyseq
       28   $check
       20   $eq
        6   $ff
        3   $ge
        1   $initstate
       17   $logic_and
        4   $logic_not
        2   $lt
       45   $mux
        4   $not
        1 submodules
        1   $paramod$9246a2b651990f767445b4b7347abbb4f4301e89\uart_full

=== design hierarchy ===

        +----------Count including submodules.
        | 
      233 uart_full_formal_v3
       60   $paramod$9246a2b651990f767445b4b7347abbb4f4301e89\uart_rx
       40   $paramod$9246a2b651990f767445b4b7347abbb4f4301e89\uart_tx

        +----------Count including submodules.
        | 
      230 wires
      792 wire bits
       50 public wires
      189 public wire bits
       22 ports
       50 port bits
        - memories
        - memory bits
        - processes
      233 cells
        6   $add
        1   $and
        1   $anyseq
       28   $check
       14   $dff
       31   $eq
        6   $ff
        3   $ge
        1   $initstate
       18   $logic_and
        6   $logic_not
        2   $lt
       93   $mux
        1   $neg
        5   $not
        1   $or
       11   $pmux
        3   $reduce_or
        2   $shift
        1 submodules
        1   $paramod$9246a2b651990f767445b4b7347abbb4f4301e89\uart_full

5.15. Executing CHECK pass (checking for obvious problems).
Checking module $paramod$9246a2b651990f767445b4b7347abbb4f4301e89\uart_full...
Checking module $paramod$9246a2b651990f767445b4b7347abbb4f4301e89\uart_rx...
Checking module $paramod$9246a2b651990f767445b4b7347abbb4f4301e89\uart_tx...
Checking module uart_full_formal_v3...
Warning: Wire uart_full_formal_v3.\clk is used but has no driver.
Warning: Wire uart_full_formal_v3.\rst is used but has no driver.
Found and reported 2 problems.

6. Executing HIERARCHY pass (managing design hierarchy).
Attribute `top' found on module `uart_full_formal_v3'. Setting top module to uart_full_formal_v3.

6.1. Analyzing design hierarchy..
Top module:  \uart_full_formal_v3
Used module:     $paramod$9246a2b651990f767445b4b7347abbb4f4301e89\uart_full
Used module:         $paramod$9246a2b651990f767445b4b7347abbb4f4301e89\uart_rx
Used module:         $paramod$9246a2b651990f767445b4b7347abbb4f4301e89\uart_tx

6.2. Analyzing design hierarchy..
Top module:  \uart_full_formal_v3
Used module:     $paramod$9246a2b651990f767445b4b7347abbb4f4301e89\uart_full
Used module:         $paramod$9246a2b651990f767445b4b7347abbb4f4301e89\uart_rx
Used module:         $paramod$9246a2b651990f767445b4b7347abbb4f4301e89\uart_tx
Removed 0 unused modules.
Module uart_full_formal_v3 directly or indirectly contains formal properties -> setting "keep" attribute.

7. Executing jny backend.

8. Executing RTLIL backend.
Output filename: ../model/design.il

Warnings: 2 unique messages, 4 total
End of script. Logfile hash: a4ed43b912, CPU: user 0.10s system 0.03s, MEM: 16.75 MB peak
Yosys 0.62+89 (git sha1 0ed7c5ad5-dirty, clang++ 21.1.2 -fPIC -O3)
Time spent: 16% 7x opt_expr (0 sec), 13% 6x opt_clean (0 sec), ...
