dead port 1/2 on $mux $procmux$198454.
    dead port 2/2 on $mux $procmux$198454.
    dead port 1/2 on $mux $procmux$198451.
    dead port 2/2 on $mux $procmux$198451.
    dead port 1/2 on $mux $procmux$198448.
    dead port 2/2 on $mux $procmux$198448.
    dead port 1/2 on $mux $procmux$198445.
    dead port 2/2 on $mux $procmux$198445.
    dead port 1/2 on $mux $procmux$198442.
    dead port 2/2 on $mux $procmux$198442.
    dead port 1/2 on $mux $procmux$198439.
    dead port 2/2 on $mux $procmux$198439.
    dead port 1/2 on $mux $procmux$198436.
    dead port 2/2 on $mux $procmux$198436.
    dead port 1/2 on $mux $procmux$198433.
    dead port 2/2 on $mux $procmux$198433.
    dead port 1/2 on $mux $procmux$198430.
    dead port 2/2 on $mux $procmux$198430.
    dead port 1/2 on $mux $procmux$198427.
    dead port 2/2 on $mux $procmux$198427.
    dead port 1/2 on $mux $procmux$198424.
    dead port 2/2 on $mux $procmux$198424.
    dead port 1/2 on $mux $procmux$198421.
    dead port 2/2 on $mux $procmux$198421.
    dead port 1/2 on $mux $procmux$198418.
    dead port 2/2 on $mux $procmux$198418.
    dead port 1/2 on $mux $procmux$198415.
    dead port 2/2 on $mux $procmux$198415.
    dead port 1/2 on $mux $procmux$198412.
    dead port 2/2 on $mux $procmux$198412.
    dead port 1/2 on $mux $procmux$198409.
    dead port 2/2 on $mux $procmux$198409.
    dead port 1/2 on $mux $procmux$198406.
    dead port 2/2 on $mux $procmux$198406.
    dead port 1/2 on $mux $procmux$198403.
    dead port 2/2 on $mux $procmux$198403.
    dead port 1/2 on $mux $procmux$198400.
    dead port 2/2 on $mux $procmux$198400.
    dead port 1/2 on $mux $procmux$198397.
    dead port 2/2 on $mux $procmux$198397.
    dead port 1/2 on $mux $procmux$198394.
    dead port 2/2 on $mux $procmux$198394.
    dead port 1/2 on $mux $procmux$198391.
    dead port 2/2 on $mux $procmux$198391.
    dead port 1/2 on $mux $procmux$198388.
    dead port 2/2 on $mux $procmux$198388.
    dead port 1/2 on $mux $procmux$198385.
    dead port 2/2 on $mux $procmux$198385.
    dead port 1/2 on $mux $procmux$198382.
    dead port 2/2 on $mux $procmux$198382.
    dead port 1/2 on $mux $procmux$198379.
    dead port 2/2 on $mux $procmux$198379.
    dead port 1/2 on $mux $procmux$198376.
    dead port 2/2 on $mux $procmux$198376.
    dead port 1/2 on $mux $procmux$198373.
    dead port 2/2 on $mux $procmux$198373.
    dead port 1/2 on $mux $procmux$198370.
    dead port 2/2 on $mux $procmux$198370.
    dead port 1/2 on $mux $procmux$198367.
    dead port 2/2 on $mux $procmux$198367.
    dead port 1/2 on $mux $procmux$198364.
    dead port 2/2 on $mux $procmux$198364.
    dead port 1/2 on $mux $procmux$198361.
    dead port 2/2 on $mux $procmux$198361.
    dead port 1/2 on $mux $procmux$198358.
    dead port 2/2 on $mux $procmux$198358.
    dead port 1/2 on $mux $procmux$198355.
    dead port 2/2 on $mux $procmux$198355.
    dead port 1/2 on $mux $procmux$198352.
    dead port 2/2 on $mux $procmux$198352.
    dead port 1/2 on $mux $procmux$198349.
    dead port 2/2 on $mux $procmux$198349.
    dead port 1/2 on $mux $procmux$198346.
    dead port 2/2 on $mux $procmux$198346.
    dead port 1/2 on $mux $procmux$198343.
    dead port 2/2 on $mux $procmux$198343.
    dead port 1/2 on $mux $procmux$198340.
    dead port 2/2 on $mux $procmux$198340.
    dead port 1/2 on $mux $procmux$198337.
    dead port 2/2 on $mux $procmux$198337.
    dead port 1/2 on $mux $procmux$198334.
    dead port 2/2 on $mux $procmux$198334.
    dead port 1/2 on $mux $procmux$198331.
    dead port 2/2 on $mux $procmux$198331.
    dead port 1/2 on $mux $procmux$198328.
    dead port 2/2 on $mux $procmux$198328.
    dead port 1/2 on $mux $procmux$198325.
    dead port 2/2 on $mux $procmux$198325.
    dead port 1/2 on $mux $procmux$198322.
    dead port 2/2 on $mux $procmux$198322.
    dead port 1/2 on $mux $procmux$198319.
    dead port 2/2 on $mux $procmux$198319.
    dead port 1/2 on $mux $procmux$198316.
    dead port 2/2 on $mux $procmux$198316.
    dead port 1/2 on $mux $procmux$198313.
    dead port 2/2 on $mux $procmux$198313.
    dead port 1/2 on $mux $procmux$198310.
    dead port 2/2 on $mux $procmux$198310.
    dead port 1/2 on $mux $procmux$198307.
    dead port 2/2 on $mux $procmux$198307.
    dead port 1/2 on $mux $procmux$198304.
    dead port 2/2 on $mux $procmux$198304.
    dead port 1/2 on $mux $procmux$198301.
    dead port 2/2 on $mux $procmux$198301.
    dead port 1/2 on $mux $procmux$198298.
    dead port 2/2 on $mux $procmux$198298.
    dead port 1/2 on $mux $procmux$198295.
    dead port 2/2 on $mux $procmux$198295.
    dead port 1/2 on $mux $procmux$198292.
    dead port 2/2 on $mux $procmux$198292.
    dead port 1/2 on $mux $procmux$198289.
    dead port 2/2 on $mux $procmux$198289.
    dead port 1/2 on $mux $procmux$198286.
    dead port 2/2 on $mux $procmux$198286.
    dead port 1/2 on $mux $procmux$198283.
    dead port 2/2 on $mux $procmux$198283.
    dead port 1/2 on $mux $procmux$198280.
    dead port 2/2 on $mux $procmux$198280.
    dead port 1/2 on $mux $procmux$198277.
    dead port 2/2 on $mux $procmux$198277.
    dead port 1/2 on $mux $procmux$198274.
    dead port 2/2 on $mux $procmux$198274.
    dead port 1/2 on $mux $procmux$198271.
    dead port 2/2 on $mux $procmux$198271.
    dead port 1/2 on $mux $procmux$198268.
    dead port 2/2 on $mux $procmux$198268.
    dead port 1/2 on $mux $procmux$198265.
    dead port 2/2 on $mux $procmux$198265.
    dead port 1/2 on $mux $procmux$198262.
    dead port 2/2 on $mux $procmux$198262.
    dead port 1/2 on $mux $procmux$198259.
    dead port 2/2 on $mux $procmux$198259.
    dead port 1/2 on $mux $procmux$198256.
    dead port 2/2 on $mux $procmux$198256.
    dead port 1/2 on $mux $procmux$198253.
    dead port 2/2 on $mux $procmux$198253.
    dead port 1/2 on $mux $procmux$198250.
    dead port 2/2 on $mux $procmux$198250.
    dead port 1/2 on $mux $procmux$198247.
    dead port 2/2 on $mux $procmux$198247.
    dead port 1/2 on $mux $procmux$198244.
    dead port 2/2 on $mux $procmux$198244.
    dead port 1/2 on $mux $procmux$198241.
    dead port 2/2 on $mux $procmux$198241.
    dead port 1/2 on $mux $procmux$198238.
    dead port 2/2 on $mux $procmux$198238.
    dead port 1/2 on $mux $procmux$198235.
    dead port 2/2 on $mux $procmux$198235.
    dead port 1/2 on $mux $procmux$198232.
    dead port 2/2 on $mux $procmux$198232.
    dead port 1/2 on $mux $procmux$198229.
    dead port 2/2 on $mux $procmux$198229.
    dead port 1/2 on $mux $procmux$198226.
    dead port 2/2 on $mux $procmux$198226.
    dead port 1/2 on $mux $procmux$198223.
    dead port 2/2 on $mux $procmux$198223.
    dead port 1/2 on $mux $procmux$198220.
    dead port 2/2 on $mux $procmux$198220.
    dead port 1/2 on $mux $procmux$198217.
    dead port 2/2 on $mux $procmux$198217.
    dead port 1/2 on $mux $procmux$198214.
    dead port 2/2 on $mux $procmux$198214.
    dead port 1/2 on $mux $procmux$198211.
    dead port 2/2 on $mux $procmux$198211.
    dead port 1/2 on $mux $procmux$198208.
    dead port 2/2 on $mux $procmux$198208.
    dead port 1/2 on $mux $procmux$198205.
    dead port 2/2 on $mux $procmux$198205.
    dead port 1/2 on $mux $procmux$198202.
    dead port 2/2 on $mux $procmux$198202.
    dead port 1/2 on $mux $procmux$198199.
    dead port 2/2 on $mux $procmux$198199.
    dead port 1/2 on $mux $procmux$198196.
    dead port 2/2 on $mux $procmux$198196.
    dead port 1/2 on $mux $procmux$198193.
    dead port 2/2 on $mux $procmux$198193.
    dead port 1/2 on $mux $procmux$198190.
    dead port 2/2 on $mux $procmux$198190.
    dead port 1/2 on $mux $procmux$198187.
    dead port 2/2 on $mux $procmux$198187.
    dead port 1/2 on $mux $procmux$198184.
    dead port 2/2 on $mux $procmux$198184.
    dead port 1/2 on $mux $procmux$198181.
    dead port 2/2 on $mux $procmux$198181.
    dead port 1/2 on $mux $procmux$198178.
    dead port 2/2 on $mux $procmux$198178.
    dead port 1/2 on $mux $procmux$198175.
    dead port 2/2 on $mux $procmux$198175.
    dead port 1/2 on $mux $procmux$198172.
    dead port 2/2 on $mux $procmux$198172.
    dead port 1/2 on $mux $procmux$198169.
    dead port 2/2 on $mux $procmux$198169.
    dead port 1/2 on $mux $procmux$198166.
    dead port 2/2 on $mux $procmux$198166.
    dead port 1/2 on $mux $procmux$198163.
    dead port 2/2 on $mux $procmux$198163.
    dead port 1/2 on $mux $procmux$198160.
    dead port 2/2 on $mux $procmux$198160.
    dead port 1/2 on $mux $procmux$198157.
    dead port 2/2 on $mux $procmux$198157.
    dead port 1/2 on $mux $procmux$198154.
    dead port 2/2 on $mux $procmux$198154.
    dead port 1/2 on $mux $procmux$198151.
    dead port 2/2 on $mux $procmux$198151.
    dead port 1/2 on $mux $procmux$198148.
    dead port 2/2 on $mux $procmux$198148.
    dead port 1/2 on $mux $procmux$198145.
    dead port 2/2 on $mux $procmux$198145.
    dead port 1/2 on $mux $procmux$198142.
    dead port 2/2 on $mux $procmux$198142.
    dead port 1/2 on $mux $procmux$198139.
    dead port 2/2 on $mux $procmux$198139.
    dead port 1/2 on $mux $procmux$198136.
    dead port 2/2 on $mux $procmux$198136.
    dead port 1/2 on $mux $procmux$198133.
    dead port 2/2 on $mux $procmux$198133.
    dead port 1/2 on $mux $procmux$198130.
    dead port 2/2 on $mux $procmux$198130.
    dead port 1/2 on $mux $procmux$198127.
    dead port 1/2 on $mux $procmux$198124.
    dead port 1/2 on $mux $procmux$198121.
    dead port 1/2 on $mux $procmux$198118.
    dead port 1/2 on $mux $procmux$198115.
    dead port 1/2 on $mux $procmux$198112.
    dead port 1/2 on $mux $procmux$198109.
    dead port 1/2 on $mux $procmux$198106.
    dead port 1/2 on $mux $procmux$198103.
    dead port 1/2 on $mux $procmux$198097.
    dead port 1/2 on $mux $procmux$198094.
    dead port 1/2 on $mux $procmux$198091.
    dead port 1/2 on $mux $procmux$198088.
    dead port 1/2 on $mux $procmux$198085.
    dead port 1/2 on $mux $procmux$198082.
    dead port 1/2 on $mux $procmux$198079.
    dead port 1/2 on $mux $procmux$198076.
    dead port 1/2 on $mux $procmux$198073.
    dead port 1/2 on $mux $procmux$198067.
    dead port 1/2 on $mux $procmux$198064.
    dead port 1/2 on $mux $procmux$198061.
    dead port 1/2 on $mux $procmux$198058.
    dead port 1/2 on $mux $procmux$198055.
    dead port 1/2 on $mux $procmux$198052.
    dead port 1/2 on $mux $procmux$198049.
    dead port 1/2 on $mux $procmux$198046.
    dead port 1/2 on $mux $procmux$198043.
    dead port 1/2 on $mux $procmux$198037.
    dead port 1/2 on $mux $procmux$198034.
    dead port 1/2 on $mux $procmux$198031.
    dead port 1/2 on $mux $procmux$198028.
    dead port 1/2 on $mux $procmux$198025.
    dead port 1/2 on $mux $procmux$198022.
    dead port 1/2 on $mux $procmux$198019.
    dead port 1/2 on $mux $procmux$198016.
    dead port 1/2 on $mux $procmux$198013.
    dead port 1/2 on $mux $procmux$198007.
    dead port 1/2 on $mux $procmux$198004.
    dead port 1/2 on $mux $procmux$198001.
    dead port 1/2 on $mux $procmux$197998.
    dead port 1/2 on $mux $procmux$197995.
    dead port 1/2 on $mux $procmux$197992.
    dead port 1/2 on $mux $procmux$197989.
    dead port 1/2 on $mux $procmux$197986.
    dead port 1/2 on $mux $procmux$197983.
    dead port 1/2 on $mux $procmux$197977.
    dead port 1/2 on $mux $procmux$197974.
    dead port 1/2 on $mux $procmux$197971.
    dead port 1/2 on $mux $procmux$197968.
    dead port 1/2 on $mux $procmux$197965.
    dead port 1/2 on $mux $procmux$197962.
    dead port 1/2 on $mux $procmux$197959.
    dead port 1/2 on $mux $procmux$197956.
    dead port 1/2 on $mux $procmux$197953.
    dead port 1/2 on $mux $procmux$197947.
    dead port 1/2 on $mux $procmux$197944.
    dead port 1/2 on $mux $procmux$197941.
    dead port 1/2 on $mux $procmux$197938.
    dead port 1/2 on $mux $procmux$197935.
    dead port 1/2 on $mux $procmux$197932.
    dead port 1/2 on $mux $procmux$197929.
    dead port 1/2 on $mux $procmux$197926.
    dead port 1/2 on $mux $procmux$197923.
    dead port 1/2 on $mux $procmux$203122.
    dead port 2/2 on $mux $procmux$203122.
    dead port 1/2 on $mux $procmux$203119.
    dead port 2/2 on $mux $procmux$203119.
    dead port 1/2 on $mux $procmux$203116.
    dead port 2/2 on $mux $procmux$203116.
    dead port 1/2 on $mux $procmux$203113.
    dead port 2/2 on $mux $procmux$203113.
    dead port 1/2 on $mux $procmux$203110.
    dead port 2/2 on $mux $procmux$203110.
    dead port 1/2 on $mux $procmux$203107.
    dead port 2/2 on $mux $procmux$203107.
    dead port 1/2 on $mux $procmux$203104.
    dead port 2/2 on $mux $procmux$203104.
    dead port 1/2 on $mux $procmux$203101.
    dead port 2/2 on $mux $procmux$203101.
    dead port 1/2 on $mux $procmux$197847.
    dead port 1/2 on $mux $procmux$197844.
    dead port 1/2 on $mux $procmux$197841.
    dead port 1/2 on $mux $procmux$197838.
    dead port 1/2 on $mux $procmux$197835.
    dead port 1/2 on $mux $procmux$197832.
    dead port 1/2 on $mux $procmux$197829.
    dead port 1/2 on $mux $procmux$197826.
    dead port 1/2 on $mux $procmux$197823.
    dead port 2/2 on $mux $procmux$197820.
    dead port 1/2 on $mux $procmux$203098.
    dead port 2/2 on $mux $procmux$203098.
    dead port 1/2 on $mux $procmux$203095.
    dead port 2/2 on $mux $procmux$203095.
    dead port 1/2 on $mux $procmux$203092.
    dead port 2/2 on $mux $procmux$203092.
    dead port 1/2 on $mux $procmux$203089.
    dead port 2/2 on $mux $procmux$203089.
    dead port 1/2 on $mux $procmux$197812.
    dead port 1/2 on $mux $procmux$197809.
    dead port 1/2 on $mux $procmux$197806.
    dead port 1/2 on $mux $procmux$197803.
    dead port 1/2 on $mux $procmux$197800.
    dead port 1/2 on $mux $procmux$197797.
    dead port 1/2 on $mux $procmux$197794.
    dead port 1/2 on $mux $procmux$197791.
    dead port 1/2 on $mux $procmux$197788.
    dead port 2/2 on $mux $procmux$197785.
    dead port 1/2 on $mux $procmux$203086.
    dead port 2/2 on $mux $procmux$203086.
    dead port 1/2 on $mux $procmux$203083.
    dead port 2/2 on $mux $procmux$203083.
    dead port 1/2 on $mux $procmux$203080.
    dead port 2/2 on $mux $procmux$203080.
    dead port 1/2 on $mux $procmux$203077.
    dead port 2/2 on $mux $procmux$203077.
    dead port 1/2 on $mux $procmux$197777.
    dead port 1/2 on $mux $procmux$197774.
    dead port 1/2 on $mux $procmux$197771.
    dead port 1/2 on $mux $procmux$197768.
    dead port 1/2 on $mux $procmux$197765.
    dead port 1/2 on $mux $procmux$197762.
    dead port 1/2 on $mux $procmux$197759.
    dead port 1/2 on $mux $procmux$197756.
    dead port 1/2 on $mux $procmux$197753.
    dead port 2/2 on $mux $procmux$197750.
    dead port 1/2 on $mux $procmux$203074.
    dead port 2/2 on $mux $procmux$203074.
    dead port 1/2 on $mux $procmux$203071.
    dead port 2/2 on $mux $procmux$203071.
    dead port 1/2 on $mux $procmux$203068.
    dead port 2/2 on $mux $procmux$203068.
    dead port 1/2 on $mux $procmux$203065.
    dead port 2/2 on $mux $procmux$203065.
    dead port 1/2 on $mux $procmux$197742.
    dead port 1/2 on $mux $procmux$197739.
    dead port 1/2 on $mux $procmux$197736.
    dead port 1/2 on $mux $procmux$197733.
    dead port 1/2 on $mux $procmux$197730.
    dead port 1/2 on $mux $procmux$197727.
    dead port 1/2 on $mux $procmux$197724.
    dead port 1/2 on $mux $procmux$197721.
    dead port 1/2 on $mux $procmux$197718.
    dead port 2/2 on $mux $procmux$197715.
    dead port 1/2 on $mux $procmux$203062.
    dead port 2/2 on $mux $procmux$203062.
    dead port 1/2 on $mux $procmux$203059.
    dead port 2/2 on $mux $procmux$203059.
    dead port 1/2 on $mux $procmux$203056.
    dead port 2/2 on $mux $procmux$203056.
    dead port 1/2 on $mux $procmux$203053.
    dead port 2/2 on $mux $procmux$203053.
    dead port 1/2 on $mux $procmux$197707.
    dead port 2/2 on $mux $procmux$197707.
    dead port 1/2 on $mux $procmux$197704.
    dead port 2/2 on $mux $procmux$197704.
    dead port 1/2 on $mux $procmux$197701.
    dead port 2/2 on $mux $procmux$197701.
    dead port 1/2 on $mux $procmux$197698.
    dead port 2/2 on $mux $procmux$197698.
    dead port 1/2 on $mux $procmux$197695.
    dead port 2/2 on $mux $procmux$197695.
    dead port 1/2 on $mux $procmux$197692.
    dead port 2/2 on $mux $procmux$197692.
    dead port 1/2 on $mux $procmux$197689.
    dead port 2/2 on $mux $procmux$197689.
    dead port 1/2 on $mux $procmux$197686.
    dead port 2/2 on $mux $procmux$197686.
    dead port 1/2 on $mux $procmux$197683.
    dead port 2/2 on $mux $procmux$197683.
    dead port 1/2 on $mux $procmux$197680.
    dead port 2/2 on $mux $procmux$197680.
    dead port 1/2 on $mux $procmux$197677.
    dead port 2/2 on $mux $procmux$197677.
    dead port 1/2 on $mux $procmux$197674.
    dead port 2/2 on $mux $procmux$197674.
    dead port 1/2 on $mux $procmux$197671.
    dead port 2/2 on $mux $procmux$197671.
    dead port 1/2 on $mux $procmux$197668.
    dead port 2/2 on $mux $procmux$197668.
    dead port 1/2 on $mux $procmux$197665.
    dead port 2/2 on $mux $procmux$197665.
    dead port 1/2 on $mux $procmux$197662.
    dead port 2/2 on $mux $procmux$197662.
    dead port 1/2 on $mux $procmux$197659.
    dead port 2/2 on $mux $procmux$197659.
    dead port 1/2 on $mux $procmux$197656.
    dead port 2/2 on $mux $procmux$197656.
    dead port 1/2 on $mux $procmux$197653.
    dead port 2/2 on $mux $procmux$197653.
    dead port 1/2 on $mux $procmux$197650.
    dead port 2/2 on $mux $procmux$197650.
    dead port 1/2 on $mux $procmux$197647.
    dead port 2/2 on $mux $procmux$197647.
    dead port 1/2 on $mux $procmux$197644.
    dead port 2/2 on $mux $procmux$197644.
    dead port 1/2 on $mux $procmux$197641.
    dead port 2/2 on $mux $procmux$197641.
    dead port 1/2 on $mux $procmux$197638.
    dead port 2/2 on $mux $procmux$197638.
    dead port 1/2 on $mux $procmux$197635.
    dead port 2/2 on $mux $procmux$197635.
    dead port 1/2 on $mux $procmux$197632.
    dead port 2/2 on $mux $procmux$197632.
    dead port 1/2 on $mux $procmux$197629.
    dead port 2/2 on $mux $procmux$197629.
    dead port 1/2 on $mux $procmux$197626.
    dead port 2/2 on $mux $procmux$197626.
    dead port 1/2 on $mux $procmux$197623.
    dead port 2/2 on $mux $procmux$197623.
    dead port 1/2 on $mux $procmux$197620.
    dead port 2/2 on $mux $procmux$197620.
    dead port 1/2 on $mux $procmux$197617.
    dead port 2/2 on $mux $procmux$197617.
    dead port 1/2 on $mux $procmux$197614.
    dead port 2/2 on $mux $procmux$197614.
    dead port 1/2 on $mux $procmux$197611.
    dead port 2/2 on $mux $procmux$197611.
    dead port 1/2 on $mux $procmux$197608.
    dead port 2/2 on $mux $procmux$197608.
    dead port 1/2 on $mux $procmux$197605.
    dead port 2/2 on $mux $procmux$197605.
    dead port 1/2 on $mux $procmux$197602.
    dead port 2/2 on $mux $procmux$197602.
    dead port 1/2 on $mux $procmux$197599.
    dead port 2/2 on $mux $procmux$197599.
    dead port 1/2 on $mux $procmux$197596.
    dead port 2/2 on $mux $procmux$197596.
    dead port 1/2 on $mux $procmux$197593.
    dead port 2/2 on $mux $procmux$197593.
    dead port 1/2 on $mux $procmux$197590.
    dead port 2/2 on $mux $procmux$197590.
    dead port 1/2 on $mux $procmux$197587.
    dead port 2/2 on $mux $procmux$197587.
    dead port 1/2 on $mux $procmux$197584.
    dead port 2/2 on $mux $procmux$197584.
    dead port 1/2 on $mux $procmux$197581.
    dead port 2/2 on $mux $procmux$197581.
    dead port 1/2 on $mux $procmux$197578.
    dead port 2/2 on $mux $procmux$197578.
    dead port 1/2 on $mux $procmux$197575.
    dead port 2/2 on $mux $procmux$197575.
    dead port 1/2 on $mux $procmux$197572.
    dead port 2/2 on $mux $procmux$197572.
    dead port 1/2 on $mux $procmux$197569.
    dead port 2/2 on $mux $procmux$197569.
    dead port 1/2 on $mux $procmux$197566.
    dead port 2/2 on $mux $procmux$197566.
    dead port 1/2 on $mux $procmux$197563.
    dead port 2/2 on $mux $procmux$197563.
    dead port 1/2 on $mux $procmux$197560.
    dead port 2/2 on $mux $procmux$197560.
    dead port 1/2 on $mux $procmux$197557.
    dead port 2/2 on $mux $procmux$197557.
    dead port 1/2 on $mux $procmux$197554.
    dead port 2/2 on $mux $procmux$197554.
    dead port 1/2 on $mux $procmux$197551.
    dead port 2/2 on $mux $procmux$197551.
    dead port 1/2 on $mux $procmux$197548.
    dead port 2/2 on $mux $procmux$197548.
    dead port 1/2 on $mux $procmux$197545.
    dead port 2/2 on $mux $procmux$197545.
    dead port 1/2 on $mux $procmux$197542.
    dead port 2/2 on $mux $procmux$197542.
    dead port 1/2 on $mux $procmux$197539.
    dead port 2/2 on $mux $procmux$197539.
    dead port 1/2 on $mux $procmux$197536.
    dead port 2/2 on $mux $procmux$197536.
    dead port 1/2 on $mux $procmux$197533.
    dead port 2/2 on $mux $procmux$197533.
    dead port 1/2 on $mux $procmux$197530.
    dead port 2/2 on $mux $procmux$197530.
    dead port 1/2 on $mux $procmux$197527.
    dead port 2/2 on $mux $procmux$197527.
    dead port 1/2 on $mux $procmux$197524.
    dead port 2/2 on $mux $procmux$197524.
    dead port 1/2 on $mux $procmux$197521.
    dead port 2/2 on $mux $procmux$197521.
    dead port 1/2 on $mux $procmux$197518.
    dead port 2/2 on $mux $procmux$197518.
    dead port 1/2 on $mux $procmux$197515.
    dead port 2/2 on $mux $procmux$197515.
    dead port 1/2 on $mux $procmux$197512.
    dead port 2/2 on $mux $procmux$197512.
    dead port 1/2 on $mux $procmux$197509.
    dead port 2/2 on $mux $procmux$197509.
    dead port 1/2 on $mux $procmux$197506.
    dead port 2/2 on $mux $procmux$197506.
    dead port 1/2 on $mux $procmux$197503.
    dead port 2/2 on $mux $procmux$197503.
    dead port 1/2 on $mux $procmux$197500.
    dead port 2/2 on $mux $procmux$197500.
    dead port 1/2 on $mux $procmux$197497.
    dead port 2/2 on $mux $procmux$197497.
    dead port 1/2 on $mux $procmux$197494.
    dead port 2/2 on $mux $procmux$197494.
    dead port 1/2 on $mux $procmux$197491.
    dead port 2/2 on $mux $procmux$197491.
    dead port 1/2 on $mux $procmux$197488.
    dead port 2/2 on $mux $procmux$197488.
    dead port 1/2 on $mux $procmux$197485.
    dead port 2/2 on $mux $procmux$197485.
    dead port 1/2 on $mux $procmux$197482.
    dead port 2/2 on $mux $procmux$197482.
    dead port 1/2 on $mux $procmux$197479.
    dead port 2/2 on $mux $procmux$197479.
    dead port 1/2 on $mux $procmux$197476.
    dead port 1/2 on $mux $procmux$197473.
    dead port 1/2 on $mux $procmux$197470.
    dead port 1/2 on $mux $procmux$197467.
    dead port 1/2 on $mux $procmux$197464.
    dead port 1/2 on $mux $procmux$197461.
    dead port 1/2 on $mux $procmux$197458.
    dead port 1/2 on $mux $procmux$197455.
    dead port 1/2 on $mux $procmux$197452.
    dead port 1/2 on $mux $procmux$197449.
    dead port 1/2 on $mux $procmux$197443.
    dead port 1/2 on $mux $procmux$197440.
    dead port 1/2 on $mux $procmux$197437.
    dead port 1/2 on $mux $procmux$197434.
    dead port 1/2 on $mux $procmux$197431.
    dead port 1/2 on $mux $procmux$197428.
    dead port 1/2 on $mux $procmux$197425.
    dead port 1/2 on $mux $procmux$197422.
    dead port 1/2 on $mux $procmux$197419.
    dead port 1/2 on $mux $procmux$197416.
    dead port 1/2 on $mux $procmux$197410.
    dead port 1/2 on $mux $procmux$197407.
    dead port 1/2 on $mux $procmux$197404.
    dead port 1/2 on $mux $procmux$197401.
    dead port 1/2 on $mux $procmux$197398.
    dead port 1/2 on $mux $procmux$197395.
    dead port 1/2 on $mux $procmux$197392.
    dead port 1/2 on $mux $procmux$197389.
    dead port 1/2 on $mux $procmux$197386.
    dead port 1/2 on $mux $procmux$197383.
    dead port 1/2 on $mux $procmux$197377.
    dead port 1/2 on $mux $procmux$197374.
    dead port 1/2 on $mux $procmux$197371.
    dead port 1/2 on $mux $procmux$197368.
    dead port 1/2 on $mux $procmux$197365.
    dead port 1/2 on $mux $procmux$197362.
    dead port 1/2 on $mux $procmux$197359.
    dead port 1/2 on $mux $procmux$197356.
    dead port 1/2 on $mux $procmux$197353.
    dead port 1/2 on $mux $procmux$197350.
    dead port 1/2 on $mux $procmux$197344.
    dead port 1/2 on $mux $procmux$197341.
    dead port 1/2 on $mux $procmux$197338.
    dead port 1/2 on $mux $procmux$197335.
    dead port 1/2 on $mux $procmux$197332.
    dead port 1/2 on $mux $procmux$197329.
    dead port 1/2 on $mux $procmux$197326.
    dead port 1/2 on $mux $procmux$197323.
    dead port 1/2 on $mux $procmux$197320.
    dead port 1/2 on $mux $procmux$197317.
    dead port 1/2 on $mux $procmux$197311.
    dead port 1/2 on $mux $procmux$197308.
    dead port 1/2 on $mux $procmux$197305.
    dead port 1/2 on $mux $procmux$197302.
    dead port 1/2 on $mux $procmux$197299.
    dead port 1/2 on $mux $procmux$197296.
    dead port 1/2 on $mux $procmux$197293.
    dead port 1/2 on $mux $procmux$197290.
    dead port 1/2 on $mux $procmux$197287.
    dead port 1/2 on $mux $procmux$197284.
    dead port 1/2 on $mux $procmux$197278.
    dead port 1/2 on $mux $procmux$197275.
    dead port 1/2 on $mux $procmux$197272.
    dead port 1/2 on $mux $procmux$197269.
    dead port 1/2 on $mux $procmux$197266.
    dead port 1/2 on $mux $procmux$197263.
    dead port 1/2 on $mux $procmux$197260.
    dead port 1/2 on $mux $procmux$197257.
    dead port 1/2 on $mux $procmux$197254.
    dead port 1/2 on $mux $procmux$197251.
    dead port 1/2 on $mux $procmux$203050.
    dead port 2/2 on $mux $procmux$203050.
    dead port 1/2 on $mux $procmux$203047.
    dead port 2/2 on $mux $procmux$203047.
    dead port 1/2 on $mux $procmux$203044.
    dead port 2/2 on $mux $procmux$203044.
    dead port 1/2 on $mux $procmux$203041.
    dead port 2/2 on $mux $procmux$203041.
    dead port 1/2 on $mux $procmux$197207.
    dead port 1/2 on $mux $procmux$197204.
    dead port 1/2 on $mux $procmux$197201.
    dead port 1/2 on $mux $procmux$197198.
    dead port 1/2 on $mux $procmux$197195.
    dead port 1/2 on $mux $procmux$197192.
    dead port 1/2 on $mux $procmux$197189.
    dead port 1/2 on $mux $procmux$197186.
    dead port 1/2 on $mux $procmux$197183.
    dead port 1/2 on $mux $procmux$197180.
    dead port 2/2 on $mux $procmux$197177.
    dead port 1/2 on $mux $procmux$203038.
    dead port 2/2 on $mux $procmux$203038.
    dead port 1/2 on $mux $procmux$203035.
    dead port 2/2 on $mux $procmux$203035.
    dead port 1/2 on $mux $procmux$203032.
    dead port 2/2 on $mux $procmux$203032.
    dead port 1/2 on $mux $procmux$203029.
    dead port 2/2 on $mux $procmux$203029.
    dead port 1/2 on $mux $procmux$197169.
    dead port 1/2 on $mux $procmux$197166.
    dead port 1/2 on $mux $procmux$197163.
    dead port 1/2 on $mux $procmux$197160.
    dead port 1/2 on $mux $procmux$197157.
    dead port 1/2 on $mux $procmux$197154.
    dead port 1/2 on $mux $procmux$197151.
    dead port 1/2 on $mux $procmux$197148.
    dead port 1/2 on $mux $procmux$197145.
    dead port 1/2 on $mux $procmux$197142.
    dead port 2/2 on $mux $procmux$197139.
    dead port 1/2 on $mux $procmux$203026.
    dead port 2/2 on $mux $procmux$203026.
    dead port 1/2 on $mux $procmux$203023.
    dead port 2/2 on $mux $procmux$203023.
    dead port 1/2 on $mux $procmux$203020.
    dead port 2/2 on $mux $procmux$203020.
    dead port 1/2 on $mux $procmux$203017.
    dead port 2/2 on $mux $procmux$203017.
    dead port 1/2 on $mux $procmux$197131.
    dead port 1/2 on $mux $procmux$197128.
    dead port 1/2 on $mux $procmux$197125.
    dead port 1/2 on $mux $procmux$197122.
    dead port 1/2 on $mux $procmux$197119.
    dead port 1/2 on $mux $procmux$197116.
    dead port 1/2 on $mux $procmux$197113.
    dead port 1/2 on $mux $procmux$197110.
    dead port 1/2 on $mux $procmux$197107.
    dead port 1/2 on $mux $procmux$197104.
    dead port 2/2 on $mux $procmux$197101.
    dead port 1/2 on $mux $procmux$203014.
    dead port 2/2 on $mux $procmux$203014.
    dead port 1/2 on $mux $procmux$203011.
    dead port 2/2 on $mux $procmux$203011.
    dead port 1/2 on $mux $procmux$203008.
    dead port 2/2 on $mux $procmux$203008.
    dead port 1/2 on $mux $procmux$203005.
    dead port 1/2 on $mux $procmux$197093.
    dead port 1/2 on $mux $procmux$197090.
    dead port 1/2 on $mux $procmux$197087.
    dead port 1/2 on $mux $procmux$197084.
    dead port 1/2 on $mux $procmux$197081.
    dead port 1/2 on $mux $procmux$197078.
    dead port 1/2 on $mux $procmux$197075.
    dead port 1/2 on $mux $procmux$197072.
    dead port 1/2 on $mux $procmux$197069.
    dead port 1/2 on $mux $procmux$197066.
    dead port 2/2 on $mux $procmux$197063.
    dead port 1/2 on $mux $procmux$202999.
    dead port 1/2 on $mux $procmux$202996.
    dead port 1/2 on $mux $procmux$197055.
    dead port 1/2 on $mux $procmux$197052.
    dead port 1/2 on $mux $procmux$197049.
    dead port 1/2 on $mux $procmux$197046.
    dead port 1/2 on $mux $procmux$197043.
    dead port 1/2 on $mux $procmux$197040.
    dead port 1/2 on $mux $procmux$197037.
    dead port 1/2 on $mux $procmux$197034.
    dead port 1/2 on $mux $procmux$197031.
    dead port 1/2 on $mux $procmux$197028.
    dead port 1/2 on $mux $procmux$197025.
    dead port 1/2 on $mux $procmux$197019.
    dead port 1/2 on $mux $procmux$197016.
    dead port 1/2 on $mux $procmux$197013.
    dead port 1/2 on $mux $procmux$197010.
    dead port 1/2 on $mux $procmux$197007.
    dead port 1/2 on $mux $procmux$197004.
    dead port 1/2 on $mux $procmux$197001.
    dead port 1/2 on $mux $procmux$196998.
    dead port 1/2 on $mux $procmux$196995.
    dead port 1/2 on $mux $procmux$196992.
    dead port 1/2 on $mux $procmux$196989.
    dead port 1/2 on $mux $procmux$196986.
    dead port 1/2 on $mux $procmux$196980.
    dead port 1/2 on $mux $procmux$196977.
    dead port 1/2 on $mux $procmux$196974.
    dead port 1/2 on $mux $procmux$196971.
    dead port 1/2 on $mux $procmux$196968.
    dead port 1/2 on $mux $procmux$196965.
    dead port 1/2 on $mux $procmux$196962.
    dead port 1/2 on $mux $procmux$196959.
    dead port 1/2 on $mux $procmux$196956.
    dead port 1/2 on $mux $procmux$196953.
    dead port 1/2 on $mux $procmux$196950.
    dead port 1/2 on $mux $procmux$196947.
    dead port 1/2 on $mux $procmux$196944.
    dead port 1/2 on $mux $procmux$202990.
    dead port 1/2 on $mux $procmux$202987.
    dead port 1/2 on $mux $procmux$202981.
    dead port 2/2 on $mux $procmux$202981.
    dead port 1/2 on $mux $procmux$202978.
    dead port 2/2 on $mux $procmux$202978.
    dead port 1/2 on $mux $procmux$202975.
    dead port 2/2 on $mux $procmux$202975.
    dead port 1/2 on $mux $procmux$202972.
    dead port 2/2 on $mux $procmux$202972.
    dead port 1/2 on $mux $procmux$202969.
    dead port 2/2 on $mux $procmux$202969.
    dead port 1/2 on $mux $procmux$202966.
    dead port 2/2 on $mux $procmux$202966.
    dead port 1/2 on $mux $procmux$202963.
    dead port 2/2 on $mux $procmux$202963.
    dead port 1/2 on $mux $procmux$202960.
    dead port 2/2 on $mux $procmux$202960.
    dead port 1/2 on $mux $procmux$202957.
    dead port 2/2 on $mux $procmux$202957.
Removed 3240 multiplexer ports.
<suppressed ~859 debug messages>

5.4. Executing OPT_REDUCE pass (consolidate $*mux and $reduce_* inputs).
  Optimizing cells in module \up8_cpu.
    New ctrl vector for $pmux cell $procmux$200898: { $procmux$202180_CMP $auto$opt_reduce.cc:137:opt_pmux$203388 }
    New ctrl vector for $pmux cell $procmux$199328: { $procmux$202165_CMP $auto$opt_reduce.cc:137:opt_pmux$203390 }
    New ctrl vector for $pmux cell $procmux$197815: { $procmux$202164_CMP $auto$opt_reduce.cc:137:opt_pmux$203392 }
    New ctrl vector for $pmux cell $procmux$201560: { $procmux$202180_CMP $auto$opt_reduce.cc:137:opt_pmux$203394 }
    New ctrl vector for $pmux cell $procmux$198616: { $procmux$202181_CMP $auto$opt_reduce.cc:137:opt_pmux$203396 }
    New ctrl vector for $pmux cell $procmux$202144: { $procmux$202163_CMP $auto$opt_reduce.cc:137:opt_pmux$203398 }
    New ctrl vector for $pmux cell $procmux$197780: { $procmux$202163_CMP $auto$opt_reduce.cc:137:opt_pmux$203400 }
    New ctrl vector for $pmux cell $procmux$200875: { $auto$opt_reduce.cc:137:opt_pmux$203402 $procmux$202179_CMP }
    New ctrl vector for $pmux cell $procmux$198584: { $procmux$202180_CMP $auto$opt_reduce.cc:137:opt_pmux$203404 }
    New ctrl vector for $pmux cell $procmux$201540: { $auto$opt_reduce.cc:137:opt_pmux$203406 $procmux$202179_CMP }
    New ctrl vector for $pmux cell $procmux$197745: { $auto$opt_reduce.cc:137:opt_pmux$203408 $procmux$202162_CMP }
    New ctrl vector for $pmux cell $procmux$200852: { $procmux$202182_CMP $auto$opt_reduce.cc:137:opt_pmux$203410 }
    New ctrl vector for $pmux cell $procmux$198552: { $auto$opt_reduce.cc:137:opt_pmux$203412 $procmux$202179_CMP }
    New ctrl vector for $pmux cell $procmux$197710: { $procmux$202165_CMP $auto$opt_reduce.cc:137:opt_pmux$203414 }
    New ctrl vector for $pmux cell $procmux$197172: { $procmux$202181_CMP $auto$opt_reduce.cc:137:opt_pmux$203416 }
    New ctrl vector for $pmux cell $procmux$202127: { $auto$opt_reduce.cc:137:opt_pmux$203418 $procmux$202162_CMP }
    New ctrl vector for $pmux cell $procmux$198520: { $procmux$202182_CMP $auto$opt_reduce.cc:137:opt_pmux$203420 }
    New ctrl vector for $pmux cell $procmux$197134: { $procmux$202180_CMP $auto$opt_reduce.cc:137:opt_pmux$203422 }
    New ctrl vector for $pmux cell $procmux$201520: { $procmux$202182_CMP $auto$opt_reduce.cc:137:opt_pmux$203424 }
    New ctrl vector for $pmux cell $procmux$197096: { $auto$opt_reduce.cc:137:opt_pmux$203426 $procmux$202179_CMP }
    New ctrl vector for $pmux cell $procmux$199415: { $procmux$202164_CMP $auto$opt_reduce.cc:137:opt_pmux$203428 }
    New ctrl vector for $pmux cell $procmux$202110: { $procmux$202165_CMP $auto$opt_reduce.cc:137:opt_pmux$203430 }
    New ctrl vector for $pmux cell $procmux$197058: { $procmux$202182_CMP $auto$opt_reduce.cc:137:opt_pmux$203432 }
    New ctrl vector for $pmux cell $procmux$199386: { $procmux$202163_CMP $auto$opt_reduce.cc:137:opt_pmux$203434 }
    New ctrl vector for $pmux cell $procmux$200921: { $procmux$202181_CMP $auto$opt_reduce.cc:137:opt_pmux$203436 }
    New ctrl vector for $pmux cell $procmux$199357: { $auto$opt_reduce.cc:137:opt_pmux$203438 $procmux$202162_CMP }
    New ctrl vector for $pmux cell $procmux$201580: { $procmux$202181_CMP $auto$opt_reduce.cc:137:opt_pmux$203440 }
    New ctrl vector for $pmux cell $procmux$202161: { $procmux$202164_CMP $auto$opt_reduce.cc:137:opt_pmux$203442 }
  Optimizing cells in module \up8_cpu.
Performed a total of 28 changes.

5.5. Executing OPT_MERGE pass (detect identical cells).
Finding identical cells in module `\up8_cpu'.
Computing hashes of 65795 cells of `\up8_cpu'.
Finding duplicate cells in `\up8_cpu'.
Computing hashes of 65770 cells of `\up8_cpu'.
Finding duplicate cells in `\up8_cpu'.
<suppressed ~75 debug messages>
Removed a total of 25 cells.

5.6. Executing OPT_DFF pass (perform DFF optimizations).
Adding SRST signal on $procdff$203383 ($dff) from module up8_cpu (D = \regs_next[0], Q = \regs[0], rval = 8'00000000).
Adding SRST signal on $procdff$203384 ($dff) from module up8_cpu (D = \regs_next[1], Q = \regs[1], rval = 8'00000000).
Adding SRST signal on $procdff$203385 ($dff) from module up8_cpu (D = \regs_next[2], Q = \regs[2], rval = 8'00000000).
Adding SRST signal on $procdff$203386 ($dff) from module up8_cpu (D = \regs_next[3], Q = \regs[3], rval = 8'00000000).
Adding SRST signal on $procdff$203378 ($dff) from module up8_cpu (D = \c_next, Q = \c, rval = 1'0).
Adding SRST signal on $procdff$203379 ($dff) from module up8_cpu (D = \z_next, Q = \z, rval = 1'0).
Adding SRST signal on $procdff$203380 ($dff) from module up8_cpu (D = \pc_next, Q = \pc, rval = 16'0000000000000000).
Adding SRST signal on $procdff$203381 ($dff) from module up8_cpu (D = \halted_next, Q = \halted, rval = 1'0).
Setting constant 0-bit at position 0 on $procdff$203382 ($dff) from module up8_cpu.
Setting constant 0-bit at position 1 on $procdff$203382 ($dff) from module up8_cpu.
Setting constant 1-bit at position 2 on $procdff$203382 ($dff) from module up8_cpu.
Setting constant 0-bit at position 3 on $procdff$203382 ($dff) from module up8_cpu.
Setting constant 0-bit at position 4 on $procdff$203382 ($dff) from module up8_cpu.
Setting constant 0-bit at position 5 on $procdff$203382 ($dff) from module up8_cpu.
Setting constant 0-bit at position 6 on $procdff$203382 ($dff) from module up8_cpu.
Setting constant 0-bit at position 7 on $procdff$203382 ($dff) from module up8_cpu.
Setting constant 0-bit at position 8 on $procdff$203382 ($dff) from module up8_cpu.
Setting constant 0-bit at position 9 on $procdff$203382 ($dff) from module up8_cpu.
Setting constant 0-bit at position 10 on $procdff$203382 ($dff) from module up8_cpu.
Setting constant 0-bit at position 11 on $procdff$203382 ($dff) from module up8_cpu.
Setting constant 0-bit at position 12 on $procdff$203382 ($dff) from module up8_cpu.
Setting constant 0-bit at position 13 on $procdff$203382 ($dff) from module up8_cpu.
Setting constant 0-bit at position 14 on $procdff$203382 ($dff) from module up8_cpu.
Setting constant 0-bit at position 15 on $procdff$203382 ($dff) from module up8_cpu.
Setting constant 0-bit at position 16 on $procdff$203382 ($dff) from module up8_cpu.
Setting constant 0-bit at position 17 on $procdff$203382 ($dff) from module up8_cpu.
Setting constant 0-bit at position 18 on $procdff$203382 ($dff) from module up8_cpu.
Setting constant 0-bit at position 19 on $procdff$203382 ($dff) from module up8_cpu.
Setting constant 0-bit at position 20 on $procdff$203382 ($dff) from module up8_cpu.
Setting constant 0-bit at position 21 on $procdff$203382 ($dff) from module up8_cpu.
Setting constant 0-bit at position 22 on $procdff$203382 ($dff) from module up8_cpu.
Setting constant 0-bit at position 23 on $procdff$203382 ($dff) from module up8_cpu.
Setting constant 0-bit at position 24 on $procdff$203382 ($dff) from module up8_cpu.
Setting constant 0-bit at position 25 on $procdff$203382 ($dff) from module up8_cpu.
Setting constant 0-bit at position 26 on $procdff$203382 ($dff) from module up8_cpu.
Setting constant 0-bit at position 27 on $procdff$203382 ($dff) from module up8_cpu.
Setting constant 0-bit at position 28 on $procdff$203382 ($dff) from module up8_cpu.
Setting constant 0-bit at position 29 on $procdff$203382 ($dff) from module up8_cpu.
Setting constant 0-bit at position 30 on $procdff$203382 ($dff) from module up8_cpu.
Setting constant 0-bit at position 31 on $procdff$203382 ($dff) from module up8_cpu.

5.7. Executing OPT_CLEAN pass (remove unused cells and wires).
Finding unused cells or wires in module \up8_cpu..
Removed 8 unused cells and 135768 unused wires.
<suppressed ~12 debug messages>

5.8. Executing OPT_EXPR pass (perform const folding).
Optimizing module up8_cpu.

5.9. Rerunning OPT passes. (Maybe there is more to do..)

5.10. Executing OPT_MUXTREE pass (detect dead branches in mux trees).
Running muxtree optimizer on module \up8_cpu..
  Creating internal representation of mux trees.
  Evaluating internal representation of mux trees.
  Analyzing evaluation results.
Removed 0 multiplexer ports.
<suppressed ~197 debug messages>

5.11. Executing OPT_REDUCE pass (consolidate $*mux and $reduce_* inputs).
  Optimizing cells in module \up8_cpu.
Performed a total of 0 changes.

5.12. Executing OPT_MERGE pass (detect identical cells).
Finding identical cells in module `\up8_cpu'.
Computing hashes of 65761 cells of `\up8_cpu'.
Finding duplicate cells in `\up8_cpu'.
Removed a total of 0 cells.

5.13. Executing OPT_DFF pass (perform DFF optimizations).
Adding EN signal on $auto$ff.cc:337:slice$203443 ($sdff) from module up8_cpu (D = $4\regs_next[0][7:0], Q = \regs[0]).
Adding EN signal on $auto$ff.cc:337:slice$203444 ($sdff) from module up8_cpu (D = $4\regs_next[1][7:0], Q = \regs[1]).
Adding EN signal on $auto$ff.cc:337:slice$203445 ($sdff) from module up8_cpu (D = $4\regs_next[2][7:0], Q = \regs[2]).
Adding EN signal on $auto$ff.cc:337:slice$203446 ($sdff) from module up8_cpu (D = $4\regs_next[3][7:0], Q = \regs[3]).
Adding EN signal on $auto$ff.cc:337:slice$203447 ($sdff) from module up8_cpu (D = $8\c_next[0:0], Q = \c).
Adding EN signal on $auto$ff.cc:337:slice$203448 ($sdff) from module up8_cpu (D = $8\z_next[0:0], Q = \z).
Adding EN signal on $auto$ff.cc:337:slice$203449 ($sdff) from module up8_cpu (D = $2\pc_next[15:0], Q = \pc).

5.14. Executing OPT_CLEAN pass (remove unused cells and wires).
Finding unused cells or wires in module \up8_cpu..
Removed 27 unused cells and 27 unused wires.
<suppressed ~35 debug messages>

5.15. Executing OPT_EXPR pass (perform const folding).
Optimizing module up8_cpu.
<suppressed ~6 debug messages>

5.16. Rerunning OPT passes. (Maybe there is more to do..)

5.17. Executing OPT_MUXTREE pass (detect dead branches in mux trees).
Running muxtree optimizer on module \up8_cpu..
  Creating internal representation of mux trees.
  Evaluating internal representation of mux trees.
  Analyzing evaluation results.
Removed 0 multiplexer ports.
<suppressed ~170 debug messages>

5.18. Executing OPT_REDUCE pass (consolidate $*mux and $reduce_* inputs).
  Optimizing cells in module \up8_cpu.
    New ctrl vector for $pmux cell $procmux$200898: $procmux$197060_CMP
    New ctrl vector for $pmux cell $procmux$199328: $procmux$197714_CMP
    New ctrl vector for $pmux cell $procmux$197815: $procmux$197713_CMP
    New ctrl vector for $pmux cell $procmux$201560: $procmux$197060_CMP
    New ctrl vector for $pmux cell $procmux$198616: $procmux$197061_CMP
    New ctrl vector for $pmux cell $procmux$202144: $procmux$197712_CMP
    New ctrl vector for $pmux cell $procmux$197780: $procmux$197712_CMP
    New ctrl vector for $pmux cell $procmux$200875: $procmux$197059_CMP
    New ctrl vector for $pmux cell $procmux$198584: $procmux$197060_CMP
    New ctrl vector for $pmux cell $procmux$201540: $procmux$197059_CMP
    New ctrl vector for $pmux cell $procmux$197745: $procmux$197711_CMP
    New ctrl vector for $pmux cell $procmux$200852: $procmux$197062_CMP
    New ctrl vector for $pmux cell $procmux$198552: $procmux$197059_CMP
    New ctrl vector for $pmux cell $procmux$197710: $procmux$197714_CMP
    New ctrl vector for $pmux cell $procmux$197172: $procmux$197061_CMP
    New ctrl vector for $pmux cell $procmux$202127: $procmux$197711_CMP
    New ctrl vector for $pmux cell $procmux$198520: $procmux$197062_CMP
    New ctrl vector for $pmux cell $procmux$197134: $procmux$197060_CMP
    New ctrl vector for $pmux cell $procmux$201520: $procmux$197062_CMP
    New ctrl vector for $pmux cell $procmux$197096: $procmux$197059_CMP
    New ctrl vector for $pmux cell $procmux$199415: $procmux$197713_CMP
    New ctrl vector for $pmux cell $procmux$202110: $procmux$197714_CMP
    New ctrl vector for $pmux cell $procmux$197058: $procmux$197062_CMP
    New ctrl vector for $pmux cell $procmux$199386: $procmux$197712_CMP
    New ctrl vector for $pmux cell $procmux$200921: $procmux$197061_CMP
    New ctrl vector for $pmux cell $procmux$199357: $procmux$197711_CMP
    New ctrl vector for $pmux cell $procmux$201580: $procmux$197061_CMP
    New ctrl vector for $pmux cell $procmux$202161: $procmux$197713_CMP
  Optimizing cells in module \up8_cpu.
Performed a total of 28 changes.

5.19. Executing OPT_MERGE pass (detect identical cells).
Finding identical cells in module `\up8_cpu'.
Computing hashes of 65804 cells of `\up8_cpu'.
Finding duplicate cells in `\up8_cpu'.
Computing hashes of 65778 cells of `\up8_cpu'.
Finding duplicate cells in `\up8_cpu'.
Computing hashes of 65777 cells of `\up8_cpu'.
Finding duplicate cells in `\up8_cpu'.
<suppressed ~81 debug messages>
Removed a total of 27 cells.

5.20. Executing OPT_DFF pass (perform DFF optimizations).

5.21. Executing OPT_CLEAN pass (remove unused cells and wires).
Finding unused cells or wires in module \up8_cpu..
Removed 0 unused cells and 27 unused wires.
<suppressed ~1 debug messages>

5.22. Executing OPT_EXPR pass (perform const folding).
Optimizing module up8_cpu.

5.23. Rerunning OPT passes. (Maybe there is more to do..)

5.24. Executing OPT_MUXTREE pass (detect dead branches in mux trees).
Running muxtree optimizer on module \up8_cpu..
  Creating internal representation of mux trees.
  Evaluating internal representation of mux trees.
  Analyzing evaluation results.
Removed 0 multiplexer ports.
<suppressed ~170 debug messages>

5.25. Executing OPT_REDUCE pass (consolidate $*mux and $reduce_* inputs).
  Optimizing cells in module \up8_cpu.
Performed a total of 0 changes.

5.26. Executing OPT_MERGE pass (detect identical cells).
Finding identical cells in module `\up8_cpu'.
Computing hashes of 65777 cells of `\up8_cpu'.
Finding duplicate cells in `\up8_cpu'.
Removed a total of 0 cells.

5.27. Executing OPT_DFF pass (perform DFF optimizations).

5.28. Executing OPT_CLEAN pass (remove unused cells and wires).
Finding unused cells or wires in module \up8_cpu..

5.29. Executing OPT_EXPR pass (perform const folding).
Optimizing module up8_cpu.

5.30. Finished fast OPT passes. (There is nothing left to do.)
{
   "creator": "Yosys 0.62+89 (git sha1 0ed7c5ad5-dirty, clang++ 21.1.2 -fPIC -O3)",
   "invocation": "stat -json -top up8_cpu ",
   "modules": {
      "\\up8_cpu": {
         "num_wires":         256,
         "num_wire_bits":     1615,
         "num_pub_wires":     41,
         "num_pub_wire_bits": 272,
         "num_ports":         10,
         "num_port_bits":     53,
         "num_memories":      1,
         "num_memory_bits":   524288,
         "num_processes":     0,
         "num_cells":         65777,
         "num_submodules":       0,
         "num_cells_by_type": {
            "$add": 5,
            "$eq": 18,
            "$logic_not": 7,
            "$meminit_v2": 65536,
            "$memrd": 4,
            "$mux": 142,
            "$ne": 29,
            "$not": 9,
            "$pmux": 2,
            "$reduce_and": 5,
            "$reduce_bool": 2,
            "$reduce_or": 8,
            "$sdff": 1,
            "$sdffe": 7,
            "$sub": 2
         }
      }
   },
      "design": {
         "num_wires":         256,
         "num_wire_bits":     1615,
         "num_pub_wires":     41,
         "num_pub_wire_bits": 272,
         "num_ports":         10,
         "num_port_bits":     53,
         "num_memories":      1,
         "num_memory_bits":   524288,
         "num_processes":     0,
         "num_cells":         65777,
         "num_submodules":       0,
         "num_cells_by_type": {
            "$add": 5,
            "$eq": 18,
            "$logic_not": 7,
            "$meminit_v2": 65536,
            "$memrd": 4,
            "$mux": 142,
            "$ne": 29,
            "$not": 9,
            "$pmux": 2,
            "$reduce_and": 5,
            "$reduce_bool": 2,
            "$reduce_or": 8,
            "$sdff": 1,
            "$sdffe": 7,
            "$sub": 2
         }
      }
}

Warnings: 2 unique messages, 2 total
End of script. Logfile hash: 8af33ab165, CPU: user 823.03s system 62.51s, MEM: 1252.69 MB peak
Yosys 0.62+89 (git sha1 0ed7c5ad5-dirty, clang++ 21.1.2 -fPIC -O3)
Time spent: 70% 1x hierarchy (621 sec), 15% 2x proc_clean (136 sec), ...