
 /----------------------------------------------------------------------------\
 |  yosys -- Yosys Open SYnthesis Suite                                       |
 |  Copyright (C) 2012 - 2026  Claire Xenia Wolf <claire@yosyshq.com>         |
 |  Distributed under an ISC-like license, type "license" to see terms        |
 \----------------------------------------------------------------------------/
 Yosys 0.62+89 (git sha1 0ed7c5ad5-dirty, clang++ 21.1.2 -fPIC -O3)

-- Executing script file `design_prep.ys' --

1. Executing RTLIL frontend.
Input filename: design.il

2. Executing SCC pass (detecting logic loops).
Found 0 SCCs in module $paramod$9246a2b651990f767445b4b7347abbb4f4301e89\uart_full.
Found 0 SCCs in module $paramod$9246a2b651990f767445b4b7347abbb4f4301e89\uart_rx.
Found 0 SCCs in module $paramod$9246a2b651990f767445b4b7347abbb4f4301e89\uart_tx.
Found 0 SCCs in module uart_full_formal.
Found 0 SCCs.

3. Executing SIMPLEMAP pass (map simple cells to gate primitives).

4. Executing MEMORY_NORDFF pass (extracting $dff cells from memories).

5. Executing ASYNC2SYNC pass.

6. Executing OPT_CLEAN pass (remove unused cells and wires).
Finding unused cells or wires in module $paramod$9246a2b651990f767445b4b7347abbb4f4301e89\uart_full..
Finding unused cells or wires in module $paramod$9246a2b651990f767445b4b7347abbb4f4301e89\uart_rx..
Finding unused cells or wires in module $paramod$9246a2b651990f767445b4b7347abbb4f4301e89\uart_tx..
Finding unused cells or wires in module \uart_full_formal..
Removed 18 unused cells and 18 unused wires.
<suppressed ~19 debug messages>

7. Executing FORMALFF pass.

8. Executing OPT_CLEAN pass (remove unused cells and wires).
Finding unused cells or wires in module $paramod$9246a2b651990f767445b4b7347abbb4f4301e89\uart_full..
Finding unused cells or wires in module $paramod$9246a2b651990f767445b4b7347abbb4f4301e89\uart_rx..
Finding unused cells or wires in module $paramod$9246a2b651990f767445b4b7347abbb4f4301e89\uart_tx..
Finding unused cells or wires in module \uart_full_formal..
Removed 7 unused cells and 7 unused wires.
<suppressed ~10 debug messages>

9. Executing CHECK pass (checking for obvious problems).
Checking module $paramod$9246a2b651990f767445b4b7347abbb4f4301e89\uart_full...
Checking module $paramod$9246a2b651990f767445b4b7347abbb4f4301e89\uart_rx...
Checking module $paramod$9246a2b651990f767445b4b7347abbb4f4301e89\uart_tx...
Checking module uart_full_formal...
Warning: Wire uart_full_formal.\clk is used but has no driver.
Warning: Wire uart_full_formal.\rst is used but has no driver.
Found and reported 2 problems.

10. Executing SETUNDEF pass (replace undef values with defined constants).

11. Executing OPT pass (performing simple optimizations).

11.1. Executing OPT_EXPR pass (perform const folding).
Optimizing module $paramod$9246a2b651990f767445b4b7347abbb4f4301e89\uart_full.
Optimizing module $paramod$9246a2b651990f767445b4b7347abbb4f4301e89\uart_rx.
Optimizing module $paramod$9246a2b651990f767445b4b7347abbb4f4301e89\uart_tx.
Optimizing module uart_full_formal.

11.2. Executing OPT_MERGE pass (detect identical cells).
Finding identical cells in module `$paramod$9246a2b651990f767445b4b7347abbb4f4301e89\uart_full'.
Computing hashes of 2 cells of `$paramod$9246a2b651990f767445b4b7347abbb4f4301e89\uart_full'.
Finding duplicate cells in `$paramod$9246a2b651990f767445b4b7347abbb4f4301e89\uart_full'.
Finding identical cells in module `$paramod$9246a2b651990f767445b4b7347abbb4f4301e89\uart_rx'.
Computing hashes of 60 cells of `$paramod$9246a2b651990f767445b4b7347abbb4f4301e89\uart_rx'.
Finding duplicate cells in `$paramod$9246a2b651990f767445b4b7347abbb4f4301e89\uart_rx'.
Finding identical cells in module `$paramod$9246a2b651990f767445b4b7347abbb4f4301e89\uart_tx'.
Computing hashes of 40 cells of `$paramod$9246a2b651990f767445b4b7347abbb4f4301e89\uart_tx'.
Finding duplicate cells in `$paramod$9246a2b651990f767445b4b7347abbb4f4301e89\uart_tx'.
Finding identical cells in module `\uart_full_formal'.
Computing hashes of 23 cells of `\uart_full_formal'.
Finding duplicate cells in `\uart_full_formal'.
Removed a total of 0 cells.

11.3. Executing OPT_DFF pass (perform DFF optimizations).

11.4. Executing OPT_CLEAN pass (remove unused cells and wires).
Finding unused cells or wires in module $paramod$9246a2b651990f767445b4b7347abbb4f4301e89\uart_full..
Finding unused cells or wires in module $paramod$9246a2b651990f767445b4b7347abbb4f4301e89\uart_rx..
Finding unused cells or wires in module $paramod$9246a2b651990f767445b4b7347abbb4f4301e89\uart_tx..
Finding unused cells or wires in module \uart_full_formal..
Removed 0 unused cells and 2 unused wires.
<suppressed ~1 debug messages>

11.5. Finished fast OPT passes.

12. Executing OPT_CLEAN pass (remove unused cells and wires).
Finding unused cells or wires in module $paramod$9246a2b651990f767445b4b7347abbb4f4301e89\uart_full..
Finding unused cells or wires in module $paramod$9246a2b651990f767445b4b7347abbb4f4301e89\uart_rx..
Finding unused cells or wires in module $paramod$9246a2b651990f767445b4b7347abbb4f4301e89\uart_tx..
Finding unused cells or wires in module \uart_full_formal..

13. Executing RTLIL backend.
Output filename: ../model/design_prep.il

Warnings: 2 unique messages, 2 total
End of script. Logfile hash: ca87386121, CPU: user 0.03s system 0.01s, MEM: 14.24 MB peak
Yosys 0.62+89 (git sha1 0ed7c5ad5-dirty, clang++ 21.1.2 -fPIC -O3)
Time spent: 30% 4x opt_clean (0 sec), 13% 2x read_rtlil (0 sec), ...
