
 /----------------------------------------------------------------------------\
 |  yosys -- Yosys Open SYnthesis Suite                                       |
 |  Copyright (C) 2012 - 2026  Claire Xenia Wolf <claire@yosyshq.com>         |
 |  Distributed under an ISC-like license, type "license" to see terms        |
 \----------------------------------------------------------------------------/
 Yosys 0.62+89 (git sha1 0ed7c5ad5-dirty, clang++ 21.1.2 -fPIC -O3)

-- Executing script file `design_smt2.ys' --

1. Executing RTLIL frontend.
Input filename: design_prep.il

2. Executing HIERARCHY pass (managing design hierarchy).
Attribute `top' found on module `i2c_master_top_prove_formal'. Setting top module to i2c_master_top_prove_formal.

2.1. Analyzing design hierarchy..
Top module:  \i2c_master_top_prove_formal
Used module:     \i2c_master_top_formal
Used module:         \i2c_master_byte_ctrl_formal
Used module:             \i2c_master_bit_ctrl_formal

2.2. Analyzing design hierarchy..
Top module:  \i2c_master_top_prove_formal
Used module:     \i2c_master_top_formal
Used module:         \i2c_master_byte_ctrl_formal
Used module:             \i2c_master_bit_ctrl_formal
Removed 0 unused modules.
Module i2c_master_top_prove_formal directly or indirectly contains formal properties -> setting "keep" attribute.

3. Executing FORMALFF pass.

4. Executing DFFUNMAP pass (unmap clock enable and synchronous reset from FFs).

5. Printing statistics.

=== i2c_master_bit_ctrl_formal ===

        +----------Local Count, excluding submodules.
        | 
      193 wires
      544 wire bits
       58 public wires
      178 public wire bits
       17 ports
       35 port bits
      183 cells
       17   $and
       24   $anyinit
        1   $assume
       21   $eq
        3   $logic_not
        4   $logic_or
       78   $mux
        8   $not
        8   $or
        4   $pmux
        4   $reduce_and
        9   $reduce_or
        2   $sub

=== i2c_master_byte_ctrl_formal ===

        +----------Local Count, excluding submodules.
        | 
      117 wires
      325 wire bits
       41 public wires
      102 public wire bits
       22 ports
       51 port bits
       96 cells
        1   $and
        9   $anyinit
        1   $assume
        5   $eq
        1   $logic_not
       66   $mux
        2   $not
        3   $or
        6   $pmux
        1   $reduce_or
        1   $sub
        1 submodules
        1   i2c_master_bit_ctrl_formal

=== i2c_master_top_formal ===

        +----------Local Count, excluding submodules.
        | 
      109 wires
      364 wire bits
       51 public wires
      160 public wire bits
       17 ports
       33 port bits
       85 cells
        6   $and
       11   $anyinit
        1   $anyseq
        1   $assume
        7   $eq
        1   $logic_and
        1   $logic_not
       48   $mux
        4   $not
        4   $or
        1   $pmux
        1 submodules
        1   i2c_master_byte_ctrl_formal

=== i2c_master_top_prove_formal ===

        +----------Local Count, excluding submodules.
        | 
       99 wires
      223 wire bits
       30 public wires
       64 public wire bits
      107 cells
        6   $anyinit
       14   $anyseq
        8   $assert
        7   $assume
        1   $eq
        1   $initstate
        1   $le
       14   $logic_and
        5   $logic_not
        6   $logic_or
       30   $mux
        9   $not
        3   $reduce_bool
        2   $sub
        1 submodules
        1   i2c_master_top_formal

=== design hierarchy ===

        +----------Count including submodules.
        | 
      471 i2c_master_top_prove_formal
       85 i2c_master_top_formal
       96   i2c_master_byte_ctrl_formal
      183     i2c_master_bit_ctrl_formal

        +----------Count including submodules.
        | 
      518 wires
     1456 wire bits
      180 public wires
      504 public wire bits
       56 ports
      119 port bits
        - memories
        - memory bits
        - processes
      471 cells
       24   $and
       50   $anyinit
       15   $anyseq
        8   $assert
       10   $assume
       34   $eq
        1   $initstate
        1   $le
       15   $logic_and
       10   $logic_not
       10   $logic_or
      222   $mux
       23   $not
       15   $or
       11   $pmux
        4   $reduce_and
        3   $reduce_bool
       10   $reduce_or
        5   $sub
        1 submodules
        1   i2c_master_top_formal

6. Executing SMT2 backend.

6.1. Executing BMUXMAP pass.

6.2. Executing DEMUXMAP pass.
Creating SMT-LIBv2 representation of module i2c_master_bit_ctrl_formal.
Creating SMT-LIBv2 representation of module i2c_master_byte_ctrl_formal.
Creating SMT-LIBv2 representation of module i2c_master_top_formal.
Creating SMT-LIBv2 representation of module i2c_master_top_prove_formal.

End of script. Logfile hash: 7b0dd98214, CPU: user 0.03s system 0.01s, MEM: 14.45 MB peak
Yosys 0.62+89 (git sha1 0ed7c5ad5-dirty, clang++ 21.1.2 -fPIC -O3)
Time spent: 57% 2x write_smt2 (0 sec), 35% 2x read_rtlil (0 sec), ...
