
 /----------------------------------------------------------------------------\
 |  yosys -- Yosys Open SYnthesis Suite                                       |
 |  Copyright (C) 2012 - 2026  Claire Xenia Wolf <claire@yosyshq.com>         |
 |  Distributed under an ISC-like license, type "license" to see terms        |
 \----------------------------------------------------------------------------/
 Yosys 0.62+89 (git sha1 0ed7c5ad5-dirty, clang++ 21.1.2 -fPIC -O3)

-- Executing script file `/workspaces/digital-tools/examples/generic_fifo_lfsr/repro_todo2_aw16_d15/active/temp_stats.ys' --

1. Executing Verilog-2005 frontend: /workspaces/digital-tools/examples/generic_fifo_lfsr/repro_todo2_aw16_d15/active/timescale.v
Parsing SystemVerilog input from `/workspaces/digital-tools/examples/generic_fifo_lfsr/repro_todo2_aw16_d15/active/timescale.v' to AST representation.
Successfully finished Verilog frontend.

2. Executing Verilog-2005 frontend: /workspaces/digital-tools/examples/generic_fifo_lfsr/repro_todo2_aw16_d15/active/generic_dpram_formal.v
Parsing SystemVerilog input from `/workspaces/digital-tools/examples/generic_fifo_lfsr/repro_todo2_aw16_d15/active/generic_dpram_formal.v' to AST representation.
Generating RTLIL representation for module `\generic_dpram'.
Successfully finished Verilog frontend.

3. Executing Verilog-2005 frontend: /workspaces/digital-tools/examples/generic_fifo_lfsr/repro_todo2_aw16_d15/active/generic_fifo_lfsr.v
Parsing SystemVerilog input from `/workspaces/digital-tools/examples/generic_fifo_lfsr/repro_todo2_aw16_d15/active/generic_fifo_lfsr.v' to AST representation.
Warning: Encountered `translate_off' comment! Such legacy hot comments are supported by Yosys, but are not part of any formal language specification. Using a portable and standards-compliant construct such as `ifdef is recommended!
Generating RTLIL representation for module `\generic_fifo_lfsr'.
Successfully finished Verilog frontend.

4. Executing HIERARCHY pass (managing design hierarchy).

4.1. Analyzing design hierarchy..
Top module:  \generic_fifo_lfsr
Used module:     \generic_dpram
Parameter \AW = 3
Parameter \DW = 8

4.2. Executing AST frontend in derive mode using pre-parsed AST for module `\generic_dpram'.
Parameter \AW = 3
Parameter \DW = 8
Generating RTLIL representation for module `$paramod$8c6d73870dd18573f9816bd7cabf1c517392c779\generic_dpram'.

4.3. Analyzing design hierarchy..
Top module:  \generic_fifo_lfsr
Used module:     $paramod$8c6d73870dd18573f9816bd7cabf1c517392c779\generic_dpram

4.4. Analyzing design hierarchy..
Top module:  \generic_fifo_lfsr
Used module:     $paramod$8c6d73870dd18573f9816bd7cabf1c517392c779\generic_dpram
Removing unused module `\generic_dpram'.
Removed 1 unused modules.

5. Executing PROC pass (convert processes to netlists).

5.1. Executing PROC_CLEAN pass (remove empty switches from decision trees).
Cleaned up 0 empty switches.

5.2. Executing PROC_RMDEAD pass (remove dead branches from decision trees).
Marked 2 switch rules as full_case in process $proc$/workspaces/digital-tools/examples/generic_fifo_lfsr/repro_todo2_aw16_d15/active/generic_fifo_lfsr.v:187$38 in module generic_fifo_lfsr.
Marked 2 switch rules as full_case in process $proc$/workspaces/digital-tools/examples/generic_fifo_lfsr/repro_todo2_aw16_d15/active/generic_fifo_lfsr.v:178$36 in module generic_fifo_lfsr.
Marked 2 switch rules as full_case in process $proc$/workspaces/digital-tools/examples/generic_fifo_lfsr/repro_todo2_aw16_d15/active/generic_fifo_lfsr.v:148$34 in module generic_fifo_lfsr.
Marked 2 switch rules as full_case in process $proc$/workspaces/digital-tools/examples/generic_fifo_lfsr/repro_todo2_aw16_d15/active/generic_fifo_lfsr.v:142$32 in module generic_fifo_lfsr.
Marked 2 switch rules as full_case in process $proc$/workspaces/digital-tools/examples/generic_fifo_lfsr/repro_todo2_aw16_d15/active/generic_fifo_lfsr.v:136$30 in module generic_fifo_lfsr.
Marked 2 switch rules as full_case in process $proc$/workspaces/digital-tools/examples/generic_fifo_lfsr/repro_todo2_aw16_d15/active/generic_fifo_lfsr.v:130$28 in module generic_fifo_lfsr.
Marked 1 switch rules as full_case in process $proc$/workspaces/digital-tools/examples/generic_fifo_lfsr/repro_todo2_aw16_d15/active/generic_dpram_formal.v:30$49 in module $paramod$8c6d73870dd18573f9816bd7cabf1c517392c779\generic_dpram.
Marked 1 switch rules as full_case in process $proc$/workspaces/digital-tools/examples/generic_fifo_lfsr/repro_todo2_aw16_d15/active/generic_dpram_formal.v:24$41 in module $paramod$8c6d73870dd18573f9816bd7cabf1c517392c779\generic_dpram.
Removed a total of 0 dead cases.

5.3. Executing PROC_PRUNE pass (remove redundant assignments in processes).
Removed 4 redundant assignments.
Promoted 3 assignments to connections.

5.4. Executing PROC_INIT pass (extract init attributes).

5.5. Executing PROC_ARST pass (detect async resets in processes).
Found async reset \nReset in `\generic_fifo_lfsr.$proc$/workspaces/digital-tools/examples/generic_fifo_lfsr/repro_todo2_aw16_d15/active/generic_fifo_lfsr.v:187$38'.
Found async reset \nReset in `\generic_fifo_lfsr.$proc$/workspaces/digital-tools/examples/generic_fifo_lfsr/repro_todo2_aw16_d15/active/generic_fifo_lfsr.v:178$36'.
Found async reset \nReset in `\generic_fifo_lfsr.$proc$/workspaces/digital-tools/examples/generic_fifo_lfsr/repro_todo2_aw16_d15/active/generic_fifo_lfsr.v:148$34'.
Found async reset \nReset in `\generic_fifo_lfsr.$proc$/workspaces/digital-tools/examples/generic_fifo_lfsr/repro_todo2_aw16_d15/active/generic_fifo_lfsr.v:142$32'.
Found async reset \nReset in `\generic_fifo_lfsr.$proc$/workspaces/digital-tools/examples/generic_fifo_lfsr/repro_todo2_aw16_d15/active/generic_fifo_lfsr.v:136$30'.
Found async reset \nReset in `\generic_fifo_lfsr.$proc$/workspaces/digital-tools/examples/generic_fifo_lfsr/repro_todo2_aw16_d15/active/generic_fifo_lfsr.v:130$28'.

5.6. Executing PROC_ROM pass (convert switches to ROMs).
Converted 0 switches.
<suppressed ~11 debug messages>

5.7. Executing PROC_MUX pass (convert decision trees to multiplexers).
Creating decoders for process `\generic_fifo_lfsr.$proc$/workspaces/digital-tools/examples/generic_fifo_lfsr/repro_todo2_aw16_d15/active/generic_fifo_lfsr.v:187$38'.
     1/1: $0\full[0:0]
Creating decoders for process `\generic_fifo_lfsr.$proc$/workspaces/digital-tools/examples/generic_fifo_lfsr/repro_todo2_aw16_d15/active/generic_fifo_lfsr.v:178$36'.
     1/1: $0\empty[0:0]
Creating decoders for process `\generic_fifo_lfsr.$proc$/workspaces/digital-tools/examples/generic_fifo_lfsr/repro_todo2_aw16_d15/active/generic_fifo_lfsr.v:148$34'.
     1/1: $0\wp_wrap[0:0]
Creating decoders for process `\generic_fifo_lfsr.$proc$/workspaces/digital-tools/examples/generic_fifo_lfsr/repro_todo2_aw16_d15/active/generic_fifo_lfsr.v:142$32'.
     1/1: $0\wp[2:0]
Creating decoders for process `\generic_fifo_lfsr.$proc$/workspaces/digital-tools/examples/generic_fifo_lfsr/repro_todo2_aw16_d15/active/generic_fifo_lfsr.v:136$30'.
     1/1: $0\rp_wrap[0:0]
Creating decoders for process `\generic_fifo_lfsr.$proc$/workspaces/digital-tools/examples/generic_fifo_lfsr/repro_todo2_aw16_d15/active/generic_fifo_lfsr.v:130$28'.
     1/1: $0\rp[2:0]
Creating decoders for process `$paramod$8c6d73870dd18573f9816bd7cabf1c517392c779\generic_dpram.$proc$/workspaces/digital-tools/examples/generic_fifo_lfsr/repro_todo2_aw16_d15/active/generic_dpram_formal.v:30$49'.
     1/1: $0\do_o[7:0]
Creating decoders for process `$paramod$8c6d73870dd18573f9816bd7cabf1c517392c779\generic_dpram.$proc$/workspaces/digital-tools/examples/generic_fifo_lfsr/repro_todo2_aw16_d15/active/generic_dpram_formal.v:24$41'.
     1/3: $1$memwr$\mem$/workspaces/digital-tools/examples/generic_fifo_lfsr/repro_todo2_aw16_d15/active/generic_dpram_formal.v:26$40_EN[7:0]$48
     2/3: $1$memwr$\mem$/workspaces/digital-tools/examples/generic_fifo_lfsr/repro_todo2_aw16_d15/active/generic_dpram_formal.v:26$40_DATA[7:0]$47
     3/3: $1$memwr$\mem$/workspaces/digital-tools/examples/generic_fifo_lfsr/repro_todo2_aw16_d15/active/generic_dpram_formal.v:26$40_ADDR[2:0]$46

5.8. Executing PROC_DLATCH pass (convert process syncs to latches).

5.9. Executing PROC_DFF pass (convert process syncs to FFs).
Creating register for signal `\generic_fifo_lfsr.\full' using process `\generic_fifo_lfsr.$proc$/workspaces/digital-tools/examples/generic_fifo_lfsr/repro_todo2_aw16_d15/active/generic_fifo_lfsr.v:187$38'.
  created $adff cell `$procdff$93' with positive edge clock and positive level reset.
Creating register for signal `\generic_fifo_lfsr.\empty' using process `\generic_fifo_lfsr.$proc$/workspaces/digital-tools/examples/generic_fifo_lfsr/repro_todo2_aw16_d15/active/generic_fifo_lfsr.v:178$36'.
  created $adff cell `$procdff$98' with positive edge clock and positive level reset.
Creating register for signal `\generic_fifo_lfsr.\wp_wrap' using process `\generic_fifo_lfsr.$proc$/workspaces/digital-tools/examples/generic_fifo_lfsr/repro_todo2_aw16_d15/active/generic_fifo_lfsr.v:148$34'.
  created $adff cell `$procdff$103' with positive edge clock and positive level reset.
Creating register for signal `\generic_fifo_lfsr.\wp' using process `\generic_fifo_lfsr.$proc$/workspaces/digital-tools/examples/generic_fifo_lfsr/repro_todo2_aw16_d15/active/generic_fifo_lfsr.v:142$32'.
  created $adff cell `$procdff$108' with positive edge clock and positive level reset.
Creating register for signal `\generic_fifo_lfsr.\rp_wrap' using process `\generic_fifo_lfsr.$proc$/workspaces/digital-tools/examples/generic_fifo_lfsr/repro_todo2_aw16_d15/active/generic_fifo_lfsr.v:136$30'.
  created $adff cell `$procdff$113' with positive edge clock and positive level reset.
Creating register for signal `\generic_fifo_lfsr.\rp' using process `\generic_fifo_lfsr.$proc$/workspaces/digital-tools/examples/generic_fifo_lfsr/repro_todo2_aw16_d15/active/generic_fifo_lfsr.v:130$28'.
  created $adff cell `$procdff$118' with positive edge clock and positive level reset.
Creating register for signal `$paramod$8c6d73870dd18573f9816bd7cabf1c517392c779\generic_dpram.\do_o' using process `$paramod$8c6d73870dd18573f9816bd7cabf1c517392c779\generic_dpram.$proc$/workspaces/digital-tools/examples/generic_fifo_lfsr/repro_todo2_aw16_d15/active/generic_dpram_formal.v:30$49'.
  created $dff cell `$procdff$119' with positive edge clock.
Creating register for signal `$paramod$8c6d73870dd18573f9816bd7cabf1c517392c779\generic_dpram.$memwr$\mem$/workspaces/digital-tools/examples/generic_fifo_lfsr/repro_todo2_aw16_d15/active/generic_dpram_formal.v:26$40_ADDR' using process `$paramod$8c6d73870dd18573f9816bd7cabf1c517392c779\generic_dpram.$proc$/workspaces/digital-tools/examples/generic_fifo_lfsr/repro_todo2_aw16_d15/active/generic_dpram_formal.v:24$41'.
  created $dff cell `$procdff$120' with positive edge clock.
Creating register for signal `$paramod$8c6d73870dd18573f9816bd7cabf1c517392c779\generic_dpram.$memwr$\mem$/workspaces/digital-tools/examples/generic_fifo_lfsr/repro_todo2_aw16_d15/active/generic_dpram_formal.v:26$40_DATA' using process `$paramod$8c6d73870dd18573f9816bd7cabf1c517392c779\generic_dpram.$proc$/workspaces/digital-tools/examples/generic_fifo_lfsr/repro_todo2_aw16_d15/active/generic_dpram_formal.v:24$41'.
  created $dff cell `$procdff$121' with positive edge clock.
Creating register for signal `$paramod$8c6d73870dd18573f9816bd7cabf1c517392c779\generic_dpram.$memwr$\mem$/workspaces/digital-tools/examples/generic_fifo_lfsr/repro_todo2_aw16_d15/active/generic_dpram_formal.v:26$40_EN' using process `$paramod$8c6d73870dd18573f9816bd7cabf1c517392c779\generic_dpram.$proc$/workspaces/digital-tools/examples/generic_fifo_lfsr/repro_todo2_aw16_d15/active/generic_dpram_formal.v:24$41'.
  created $dff cell `$procdff$122' with positive edge clock.

5.10. Executing PROC_MEMWR pass (convert process memory writes to cells).

5.11. Executing PROC_CLEAN pass (remove empty switches from decision trees).
Found and cleaned up 1 empty switch in `\generic_fifo_lfsr.$proc$/workspaces/digital-tools/examples/generic_fifo_lfsr/repro_todo2_aw16_d15/active/generic_fifo_lfsr.v:187$38'.
Removing empty process `generic_fifo_lfsr.$proc$/workspaces/digital-tools/examples/generic_fifo_lfsr/repro_todo2_aw16_d15/active/generic_fifo_lfsr.v:187$38'.
Found and cleaned up 1 empty switch in `\generic_fifo_lfsr.$proc$/workspaces/digital-tools/examples/generic_fifo_lfsr/repro_todo2_aw16_d15/active/generic_fifo_lfsr.v:178$36'.
Removing empty process `generic_fifo_lfsr.$proc$/workspaces/digital-tools/examples/generic_fifo_lfsr/repro_todo2_aw16_d15/active/generic_fifo_lfsr.v:178$36'.
Found and cleaned up 1 empty switch in `\generic_fifo_lfsr.$proc$/workspaces/digital-tools/examples/generic_fifo_lfsr/repro_todo2_aw16_d15/active/generic_fifo_lfsr.v:148$34'.
Removing empty process `generic_fifo_lfsr.$proc$/workspaces/digital-tools/examples/generic_fifo_lfsr/repro_todo2_aw16_d15/active/generic_fifo_lfsr.v:148$34'.
Found and cleaned up 2 empty switches in `\generic_fifo_lfsr.$proc$/workspaces/digital-tools/examples/generic_fifo_lfsr/repro_todo2_aw16_d15/active/generic_fifo_lfsr.v:142$32'.
Removing empty process `generic_fifo_lfsr.$proc$/workspaces/digital-tools/examples/generic_fifo_lfsr/repro_todo2_aw16_d15/active/generic_fifo_lfsr.v:142$32'.
Found and cleaned up 1 empty switch in `\generic_fifo_lfsr.$proc$/workspaces/digital-tools/examples/generic_fifo_lfsr/repro_todo2_aw16_d15/active/generic_fifo_lfsr.v:136$30'.
Removing empty process `generic_fifo_lfsr.$proc$/workspaces/digital-tools/examples/generic_fifo_lfsr/repro_todo2_aw16_d15/active/generic_fifo_lfsr.v:136$30'.
Found and cleaned up 2 empty switches in `\generic_fifo_lfsr.$proc$/workspaces/digital-tools/examples/generic_fifo_lfsr/repro_todo2_aw16_d15/active/generic_fifo_lfsr.v:130$28'.
Removing empty process `generic_fifo_lfsr.$proc$/workspaces/digital-tools/examples/generic_fifo_lfsr/repro_todo2_aw16_d15/active/generic_fifo_lfsr.v:130$28'.
Found and cleaned up 2 empty switches in `$paramod$8c6d73870dd18573f9816bd7cabf1c517392c779\generic_dpram.$proc$/workspaces/digital-tools/examples/generic_fifo_lfsr/repro_todo2_aw16_d15/active/generic_dpram_formal.v:30$49'.
Removing empty process `$paramod$8c6d73870dd18573f9816bd7cabf1c517392c779\generic_dpram.$proc$/workspaces/digital-tools/examples/generic_fifo_lfsr/repro_todo2_aw16_d15/active/generic_dpram_formal.v:30$49'.
Found and cleaned up 1 empty switch in `$paramod$8c6d73870dd18573f9816bd7cabf1c517392c779\generic_dpram.$proc$/workspaces/digital-tools/examples/generic_fifo_lfsr/repro_todo2_aw16_d15/active/generic_dpram_formal.v:24$41'.
Removing empty process `$paramod$8c6d73870dd18573f9816bd7cabf1c517392c779\generic_dpram.$proc$/workspaces/digital-tools/examples/generic_fifo_lfsr/repro_todo2_aw16_d15/active/generic_dpram_formal.v:24$41'.
Cleaned up 11 empty switches.

5.12. Executing OPT_EXPR pass (perform const folding).
Optimizing module generic_fifo_lfsr.
<suppressed ~12 debug messages>
Optimizing module $paramod$8c6d73870dd18573f9816bd7cabf1c517392c779\generic_dpram.

6. Executing OPT pass (performing simple optimizations).

6.1. Executing OPT_EXPR pass (perform const folding).
Optimizing module generic_fifo_lfsr.
Optimizing module $paramod$8c6d73870dd18573f9816bd7cabf1c517392c779\generic_dpram.

6.2. Executing OPT_MERGE pass (detect identical cells).
Finding identical cells in module `\generic_fifo_lfsr'.
Computing hashes of 41 cells of `\generic_fifo_lfsr'.
Finding duplicate cells in `\generic_fifo_lfsr'.
Computing hashes of 29 cells of `\generic_fifo_lfsr'.
Finding duplicate cells in `\generic_fifo_lfsr'.
<suppressed ~36 debug messages>
Finding identical cells in module `$paramod$8c6d73870dd18573f9816bd7cabf1c517392c779\generic_dpram'.
Computing hashes of 14 cells of `$paramod$8c6d73870dd18573f9816bd7cabf1c517392c779\generic_dpram'.
Finding duplicate cells in `$paramod$8c6d73870dd18573f9816bd7cabf1c517392c779\generic_dpram'.
Removed a total of 12 cells.

6.3. Executing OPT_MUXTREE pass (detect dead branches in mux trees).
Running muxtree optimizer on module \generic_fifo_lfsr..
  Creating internal representation of mux trees.
  Evaluating internal representation of mux trees.
  Analyzing evaluation results.
Running muxtree optimizer on module $paramod$8c6d73870dd18573f9816bd7cabf1c517392c779\generic_dpram..
  Creating internal representation of mux trees.
  Evaluating internal representation of mux trees.
  Analyzing evaluation results.
Removed 0 multiplexer ports.
<suppressed ~23 debug messages>

6.4. Executing OPT_REDUCE pass (consolidate $*mux and $reduce_* inputs).
  Optimizing cells in module \generic_fifo_lfsr.
  Optimizing cells in module $paramod$8c6d73870dd18573f9816bd7cabf1c517392c779\generic_dpram.
    Consolidated identical input bits for $mux cell $procmux$81:
      Old ports: A=8'00000000, B=8'11111111, Y=$procmux$81_Y
      New ports: A=1'0, B=1'1, Y=$procmux$81_Y [0]
      New connections: $procmux$81_Y [7:1] = { $procmux$81_Y [0] $procmux$81_Y [0] $procmux$81_Y [0] $procmux$81_Y [0] $procmux$81_Y [0] $procmux$81_Y [0] $procmux$81_Y [0] }
  Optimizing cells in module $paramod$8c6d73870dd18573f9816bd7cabf1c517392c779\generic_dpram.
Performed a total of 1 changes.

6.5. Executing OPT_MERGE pass (detect identical cells).
Finding identical cells in module `\generic_fifo_lfsr'.
Computing hashes of 29 cells of `\generic_fifo_lfsr'.
Finding duplicate cells in `\generic_fifo_lfsr'.
Finding identical cells in module `$paramod$8c6d73870dd18573f9816bd7cabf1c517392c779\generic_dpram'.
Computing hashes of 14 cells of `$paramod$8c6d73870dd18573f9816bd7cabf1c517392c779\generic_dpram'.
Finding duplicate cells in `$paramod$8c6d73870dd18573f9816bd7cabf1c517392c779\generic_dpram'.
Removed a total of 0 cells.

6.6. Executing OPT_DFF pass (perform DFF optimizations).
Adding EN signal on $procdff$108 ($adff) from module generic_fifo_lfsr (D = $procmux$65_Y, Q = \wp).
Adding EN signal on $procdff$118 ($adff) from module generic_fifo_lfsr (D = $procmux$73_Y, Q = \rp).
Adding SRST signal on $procdff$119 ($dff) from module $paramod$8c6d73870dd18573f9816bd7cabf1c517392c779\generic_dpram (D = $procmux$75_Y, Q = \do_o, rval = 8'00000000).
Adding EN signal on $auto$ff.cc:337:slice$130 ($sdff) from module $paramod$8c6d73870dd18573f9816bd7cabf1c517392c779\generic_dpram (D = $memrd$\mem$/workspaces/digital-tools/examples/generic_fifo_lfsr/repro_todo2_aw16_d15/active/generic_dpram_formal.v:34$52_DATA, Q = \do_o).

6.7. Executing OPT_CLEAN pass (remove unused cells and wires).
Finding unused cells or wires in module \generic_fifo_lfsr..
Finding unused cells or wires in module $paramod$8c6d73870dd18573f9816bd7cabf1c517392c779\generic_dpram..
Removed 6 unused cells and 56 unused wires.
<suppressed ~8 debug messages>

6.8. Executing OPT_EXPR pass (perform const folding).
Optimizing module generic_fifo_lfsr.
<suppressed ~2 debug messages>
Optimizing module $paramod$8c6d73870dd18573f9816bd7cabf1c517392c779\generic_dpram.

6.9. Rerunning OPT passes. (Maybe there is more to do..)

6.10. Executing OPT_MUXTREE pass (detect dead branches in mux trees).
Running muxtree optimizer on module \generic_fifo_lfsr..
  Creating internal representation of mux trees.
  Evaluating internal representation of mux trees.
  Analyzing evaluation results.
Running muxtree optimizer on module $paramod$8c6d73870dd18573f9816bd7cabf1c517392c779\generic_dpram..
  Creating internal representation of mux trees.
  Evaluating internal representation of mux trees.
  Analyzing evaluation results.
Removed 0 multiplexer ports.
<suppressed ~20 debug messages>

6.11. Executing OPT_REDUCE pass (consolidate $*mux and $reduce_* inputs).
  Optimizing cells in module \generic_fifo_lfsr.
  Optimizing cells in module $paramod$8c6d73870dd18573f9816bd7cabf1c517392c779\generic_dpram.
Performed a total of 0 changes.

6.12. Executing OPT_MERGE pass (detect identical cells).
Finding identical cells in module `\generic_fifo_lfsr'.
Computing hashes of 30 cells of `\generic_fifo_lfsr'.
Finding duplicate cells in `\generic_fifo_lfsr'.
Finding identical cells in module `$paramod$8c6d73870dd18573f9816bd7cabf1c517392c779\generic_dpram'.
Computing hashes of 9 cells of `$paramod$8c6d73870dd18573f9816bd7cabf1c517392c779\generic_dpram'.
Finding duplicate cells in `$paramod$8c6d73870dd18573f9816bd7cabf1c517392c779\generic_dpram'.
Removed a total of 0 cells.

6.13. Executing OPT_DFF pass (perform DFF optimizations).

6.14. Executing OPT_CLEAN pass (remove unused cells and wires).
Finding unused cells or wires in module \generic_fifo_lfsr..
Finding unused cells or wires in module $paramod$8c6d73870dd18573f9816bd7cabf1c517392c779\generic_dpram..

6.15. Executing OPT_EXPR pass (perform const folding).
Optimizing module generic_fifo_lfsr.
Optimizing module $paramod$8c6d73870dd18573f9816bd7cabf1c517392c779\generic_dpram.

6.16. Finished fast OPT passes. (There is nothing left to do.)
{
   "creator": "Yosys 0.62+89 (git sha1 0ed7c5ad5-dirty, clang++ 21.1.2 -fPIC -O3)",
   "invocation": "stat -json -top generic_fifo_lfsr ",
   "modules": {
      "\\generic_fifo_lfsr": {
         "num_wires":         40,
         "num_wire_bits":     70,
         "num_pub_wires":     23,
         "num_pub_wire_bits": 45,
         "num_ports":         11,
         "num_port_bits":     25,
         "num_memories":      0,
         "num_memory_bits":   0,
         "num_processes":     0,
         "num_cells":         29,
         "num_submodules":       1,
         "num_cells_by_type": {
            "$add": 2,
            "$adff": 4,
            "$adffe": 2,
            "$and": 2,
            "$eq": 2,
            "$logic_and": 2,
            "$mux": 8,
            "$ne": 1,
            "$reduce_and": 2,
            "$reduce_bool": 2,
            "$xor": 2,
            "$paramod$8c6d73870dd18573f9816bd7cabf1c517392c779\\generic_dpram": 1
         }
      },
      "$paramod$8c6d73870dd18573f9816bd7cabf1c517392c779\\generic_dpram": {
         "num_wires":         19,
         "num_wire_bits":     60,
         "num_pub_wires":     12,
         "num_pub_wire_bits": 30,
         "num_ports":         12,
         "num_port_bits":     30,
         "num_memories":      1,
         "num_memory_bits":   64,
         "num_processes":     0,
         "num_cells":         9,
         "num_submodules":       0,
         "num_cells_by_type": {
            "$logic_and": 2,
            "$logic_or": 1,
            "$memrd": 1,
            "$memwr_v2": 1,
            "$mux": 3,
            "$sdffe": 1
         }
      }
   },
      "design": {
         "num_wires":         59,
         "num_wire_bits":     130,
         "num_pub_wires":     35,
         "num_pub_wire_bits": 75,
         "num_ports":         23,
         "num_port_bits":     55,
         "num_memories":      1,
         "num_memory_bits":   64,
         "num_processes":     0,
         "num_cells":         38,
         "num_submodules":       1,
         "num_cells_by_type": {
            "$add": 2,
            "$adff": 4,
            "$adffe": 2,
            "$and": 2,
            "$eq": 2,
            "$logic_and": 4,
            "$logic_or": 1,
            "$memrd": 1,
            "$memwr_v2": 1,
            "$mux": 11,
            "$ne": 1,
            "$reduce_and": 2,
            "$reduce_bool": 2,
            "$sdffe": 1,
            "$xor": 2,
            "$paramod$8c6d73870dd18573f9816bd7cabf1c517392c779\\generic_dpram": 1
         }
      }
}

Warnings: 1 unique messages, 1 total
End of script. Logfile hash: be1dcfb9ef, CPU: user 0.02s system 0.02s, MEM: 15.12 MB peak
Yosys 0.62+89 (git sha1 0ed7c5ad5-dirty, clang++ 21.1.2 -fPIC -O3)
Time spent: 34% 4x read_verilog (0 sec), 24% 4x opt_expr (0 sec), ...
